[ 2018-05-02T14:24:06+08:00 ] ::1 /qpht.php/Publices/loginShow
INFO: [ app_init ] --START--
INFO: Run Behavior\BuildLiteBehavior [ RunTime:0.000000s ]
INFO: Run Common\Behavior\InitHookBehavior [ RunTime:0.003000s ]
INFO: [ app_init ] --END-- [ RunTime:0.003000s ]
INFO: [ app_begin ] --START--
INFO: Run Behavior\ReadHtmlCacheBehavior [ RunTime:0.001000s ]
INFO: [ app_begin ] --END-- [ RunTime:0.001000s ]
ERR: 无法加载控制器:Publices

[ 2018-05-02T14:24:19+08:00 ] ::1 /qpht.php/publices/loginShow
INFO: [ app_init ] --START--
INFO: Run Behavior\BuildLiteBehavior [ RunTime:0.000000s ]
INFO: Run Common\Behavior\InitHookBehavior [ RunTime:0.004000s ]
INFO: [ app_init ] --END-- [ RunTime:0.005000s ]
INFO: [ app_begin ] --START--
INFO: Run Behavior\ReadHtmlCacheBehavior [ RunTime:0.001000s ]
INFO: [ app_begin ] --END-- [ RunTime:0.002000s ]
ERR: 无法加载控制器:Publices

[ 2018-05-02T14:24:29+08:00 ] ::1 /qpht.php/publics/loginShow
INFO: [ app_init ] --START--
INFO: Run Behavior\BuildLiteBehavior [ RunTime:0.000000s ]
INFO: Run Common\Behavior\InitHookBehavior [ RunTime:0.003000s ]
INFO: [ app_init ] --END-- [ RunTime:0.003000s ]
INFO: [ app_begin ] --START--
INFO: Run Behavior\ReadHtmlCacheBehavior [ RunTime:0.001000s ]
INFO: [ app_begin ] --END-- [ RunTime:0.001000s ]
NOTIC: [8] A session had already been started - ignoring session_start() C:\wamp\www\ThinkPHP\Common\functions.php 第 1263 行.
NOTIC: [2] Missing argument 1 for Think\Controller::show(), called in C:\wamp\www\Application\qpht\Controller\PublicsController.class.php on line 7 and defined C:\wamp\www\ThinkPHP\Library\Think\Controller.class.php 第 68 行.
NOTIC: [8] Undefined variable: content C:\wamp\www\ThinkPHP\Library\Think\Controller.class.php 第 69 行.
INFO: [ view_parse ] --START--
INFO: [ template_filter ] --START--
INFO: Run Behavior\ContentReplaceBehavior [ RunTime:0.001000s ]
INFO: [ template_filter ] --END-- [ RunTime:0.001000s ]
INFO: Run Behavior\ParseTemplateBehavior [ RunTime:0.030000s ]
INFO: [ view_parse ] --END-- [ RunTime:0.030000s ]
INFO: [ view_filter ] --START--
INFO: Run Behavior\WriteHtmlCacheBehavior [ RunTime:0.001000s ]
INFO: [ view_filter ] --END-- [ RunTime:0.001000s ]
INFO: [ app_end ] --START--
INFO: Run Behavior\ShowPageTraceBehavior [ RunTime:0.000000s ]
INFO: [ app_end ] --END-- [ RunTime:0.000000s ]

[ 2018-05-02T14:24:29+08:00 ] ::1 /qpht.php?s=/Publics/verify.html
INFO: [ app_init ] --START--
INFO: Run Behavior\BuildLiteBehavior [ RunTime:0.000000s ]
INFO: Run Common\Behavior\InitHookBehavior [ RunTime:0.002000s ]
INFO: [ app_init ] --END-- [ RunTime:0.004000s ]
INFO: [ app_begin ] --START--
INFO: Run Behavior\ReadHtmlCacheBehavior [ RunTime:0.001000s ]
INFO: [ app_begin ] --END-- [ RunTime:0.002000s ]
INFO: [ app_end ] --START--
INFO: Run Behavior\ShowPageTraceBehavior [ RunTime:0.000000s ]
INFO: [ app_end ] --END-- [ RunTime:0.001000s ]

[ 2018-05-02T14:24:50+08:00 ] ::1 /qpht.php/publics/loginShow
INFO: [ app_init ] --START--
INFO: Run Behavior\BuildLiteBehavior [ RunTime:0.000000s ]
INFO: Run Common\Behavior\InitHookBehavior [ RunTime:0.002000s ]
INFO: [ app_init ] --END-- [ RunTime:0.003000s ]
INFO: [ app_begin ] --START--
INFO: Run Behavior\ReadHtmlCacheBehavior [ RunTime:0.001000s ]
INFO: [ app_begin ] --END-- [ RunTime:0.001000s ]
NOTIC: [8] A session had already been started - ignoring session_start() C:\wamp\www\ThinkPHP\Common\functions.php 第 1263 行.
NOTIC: [2] Missing argument 1 for Think\Controller::show(), called in C:\wamp\www\Application\qpht\Controller\PublicsController.class.php on line 7 and defined C:\wamp\www\ThinkPHP\Library\Think\Controller.class.php 第 68 行.
NOTIC: [8] Undefined variable: content C:\wamp\www\ThinkPHP\Library\Think\Controller.class.php 第 69 行.
INFO: [ view_parse ] --START--
INFO: [ template_filter ] --START--
INFO: Run Behavior\ContentReplaceBehavior [ RunTime:0.000000s ]
INFO: [ template_filter ] --END-- [ RunTime:0.000000s ]
INFO: Run Behavior\ParseTemplateBehavior [ RunTime:0.006000s ]
INFO: [ view_parse ] --END-- [ RunTime:0.007000s ]
INFO: [ view_filter ] --START--
INFO: Run Behavior\WriteHtmlCacheBehavior [ RunTime:0.001000s ]
INFO: [ view_filter ] --END-- [ RunTime:0.001000s ]
INFO: [ app_end ] --START--
INFO: Run Behavior\ShowPageTraceBehavior [ RunTime:0.000000s ]
INFO: [ app_end ] --END-- [ RunTime:0.001000s ]

[ 2018-05-02T14:25:19+08:00 ] ::1 /qpht.php/publics/loginShow
INFO: [ app_init ] --START--
INFO: Run Behavior\BuildLiteBehavior [ RunTime:0.000000s ]
INFO: Run Common\Behavior\InitHookBehavior [ RunTime:0.003000s ]
INFO: [ app_init ] --END-- [ RunTime:0.004000s ]
INFO: [ app_begin ] --START--
INFO: Run Behavior\ReadHtmlCacheBehavior [ RunTime:0.000000s ]
INFO: [ app_begin ] --END-- [ RunTime:0.000000s ]
NOTIC: [8] A session had already been started - ignoring session_start() C:\wamp\www\ThinkPHP\Common\functions.php 第 1263 行.
NOTIC: [2] Missing argument 1 for Think\Controller::show(), called in C:\wamp\www\Application\qpht\Controller\PublicsController.class.php on line 7 and defined C:\wamp\www\ThinkPHP\Library\Think\Controller.class.php 第 68 行.
NOTIC: [8] Undefined variable: content C:\wamp\www\ThinkPHP\Library\Think\Controller.class.php 第 69 行.
INFO: [ view_parse ] --START--
INFO: [ template_filter ] --START--
INFO: Run Behavior\ContentReplaceBehavior [ RunTime:0.001000s ]
INFO: [ template_filter ] --END-- [ RunTime:0.001000s ]
INFO: Run Behavior\ParseTemplateBehavior [ RunTime:0.008000s ]
INFO: [ view_parse ] --END-- [ RunTime:0.008000s ]
INFO: [ view_filter ] --START--
INFO: Run Behavior\WriteHtmlCacheBehavior [ RunTime:0.000000s ]
INFO: [ view_filter ] --END-- [ RunTime:0.000000s ]
INFO: [ app_end ] --START--
INFO: Run Behavior\ShowPageTraceBehavior [ RunTime:0.001000s ]
INFO: [ app_end ] --END-- [ RunTime:0.001000s ]

[ 2018-05-02T14:25:41+08:00 ] ::1 /qpht.php/publics/loginShow
INFO: [ app_init ] --START--
INFO: Run Behavior\BuildLiteBehavior [ RunTime:0.000000s ]
INFO: Run Common\Behavior\InitHookBehavior [ RunTime:0.003000s ]
INFO: [ app_init ] --END-- [ RunTime:0.003000s ]
INFO: [ app_begin ] --START--
INFO: Run Behavior\ReadHtmlCacheBehavior [ RunTime:0.000000s ]
INFO: [ app_begin ] --END-- [ RunTime:0.001000s ]
NOTIC: [8] A session had already been started - ignoring session_start() C:\wamp\www\ThinkPHP\Common\functions.php 第 1263 行.
NOTIC: [2] Missing argument 1 for Think\Controller::show(), called in C:\wamp\www\Application\qpht\Controller\PublicsController.class.php on line 7 and defined C:\wamp\www\ThinkPHP\Library\Think\Controller.class.php 第 68 行.
NOTIC: [8] Undefined variable: content C:\wamp\www\ThinkPHP\Library\Think\Controller.class.php 第 69 行.
INFO: [ view_parse ] --START--
INFO: [ template_filter ] --START--
INFO: Run Behavior\ContentReplaceBehavior [ RunTime:0.000000s ]
INFO: [ template_filter ] --END-- [ RunTime:0.000000s ]
INFO: Run Behavior\ParseTemplateBehavior [ RunTime:0.008000s ]
INFO: [ view_parse ] --END-- [ RunTime:0.008000s ]
INFO: [ view_filter ] --START--
INFO: Run Behavior\WriteHtmlCacheBehavior [ RunTime:0.001000s ]
INFO: [ view_filter ] --END-- [ RunTime:0.001000s ]
INFO: [ app_end ] --START--
INFO: Run Behavior\ShowPageTraceBehavior [ RunTime:0.001000s ]
INFO: [ app_end ] --END-- [ RunTime:0.001000s ]

[ 2018-05-02T14:44:07+08:00 ] ::1 /qpht.php/user/roleList
INFO: [ app_init ] --START--
INFO: Run Behavior\BuildLiteBehavior [ RunTime:0.000000s ]
INFO: Run Common\Behavior\InitHookBehavior [ RunTime:0.003000s ]
INFO: [ app_init ] --END-- [ RunTime:0.003000s ]
INFO: [ app_begin ] --START--
INFO: Run Behavior\ReadHtmlCacheBehavior [ RunTime:0.001000s ]
INFO: [ app_begin ] --END-- [ RunTime:0.001000s ]
SQL: SHOW COLUMNS FROM `qp_role` [ RunTime:0.0320s ]
SQL: SELECT COUNT(*) AS tp_count FROM `qp_role` LIMIT 1   [ RunTime:0.0010s ]
SQL: SELECT * FROM `qp_role` ORDER BY id LIMIT 0,10   [ RunTime:0.0010s ]
SQL: SHOW COLUMNS FROM `qp_menu` [ RunTime:0.0150s ]
SQL: SELECT * FROM `qp_menu` ORDER BY moduleid  [ RunTime:0.0000s ]
SQL: SHOW COLUMNS FROM `qp_module` [ RunTime:0.0270s ]
SQL: SELECT * FROM `qp_module` ORDER BY sortnum LIMIT 10   [ RunTime:0.0000s ]
SQL: SELECT * FROM `qp_menu` LIMIT 50   [ RunTime:0.0000s ]
INFO: [ view_parse ] --START--
INFO: [ template_filter ] --START--
INFO: Run Behavior\ContentReplaceBehavior [ RunTime:0.000000s ]
INFO: [ template_filter ] --END-- [ RunTime:0.000000s ]
INFO: Run Behavior\ParseTemplateBehavior [ RunTime:0.037000s ]
INFO: [ view_parse ] --END-- [ RunTime:0.037000s ]
INFO: [ view_filter ] --START--
INFO: Run Behavior\WriteHtmlCacheBehavior [ RunTime:0.000000s ]
INFO: [ view_filter ] --END-- [ RunTime:0.000000s ]
INFO: [ app_end ] --START--
INFO: Run Behavior\ShowPageTraceBehavior [ RunTime:0.000000s ]
INFO: [ app_end ] --END-- [ RunTime:0.000000s ]

[ 2018-05-02T14:59:56+08:00 ] ::1 /qpht.php/user/accountList
INFO: [ app_init ] --START--
INFO: Run Behavior\BuildLiteBehavior [ RunTime:0.000000s ]
INFO: Run Common\Behavior\InitHookBehavior [ RunTime:0.003000s ]
INFO: [ app_init ] --END-- [ RunTime:0.003000s ]
INFO: [ app_begin ] --START--
INFO: Run Behavior\ReadHtmlCacheBehavior [ RunTime:0.000000s ]
INFO: [ app_begin ] --END-- [ RunTime:0.001000s ]
SQL: SHOW COLUMNS FROM `qp_module` [ RunTime:0.0020s ]
SQL: SHOW COLUMNS FROM `qp_menu` [ RunTime:0.0020s ]
SQL: SELECT * FROM `qp_module` ORDER BY sortnum LIMIT 10   [ RunTime:0.0010s ]
SQL: SELECT * FROM `qp_menu` LIMIT 50   [ RunTime:0.0000s ]
INFO: [ view_parse ] --START--
INFO: [ template_filter ] --START--
INFO: Run Behavior\ContentReplaceBehavior [ RunTime:0.000000s ]
INFO: [ template_filter ] --END-- [ RunTime:0.001000s ]
NOTIC: [8] Undefined variable: menuxdata C:\wamp\www\Runtime\Cache\qpht\6289617b1f1764a67ee09827121d3f39.php 第 122 行.
NOTIC: [8] Undefined variable: rolelist C:\wamp\www\Runtime\Cache\qpht\6289617b1f1764a67ee09827121d3f39.php 第 165 行.
NOTIC: [8] Undefined variable: page C:\wamp\www\Runtime\Cache\qpht\6289617b1f1764a67ee09827121d3f39.php 第 180 行.
INFO: Run Behavior\ParseTemplateBehavior [ RunTime:0.018000s ]
INFO: [ view_parse ] --END-- [ RunTime:0.018000s ]
INFO: [ view_filter ] --START--
INFO: Run Behavior\WriteHtmlCacheBehavior [ RunTime:0.001000s ]
INFO: [ view_filter ] --END-- [ RunTime:0.001000s ]
INFO: [ app_end ] --START--
INFO: Run Behavior\ShowPageTraceBehavior [ RunTime:0.001000s ]
INFO: [ app_end ] --END-- [ RunTime:0.001000s ]

[ 2018-05-02T15:26:28+08:00 ] ::1 /qpht.php/user/accountList
INFO: [ app_init ] --START--
INFO: Run Behavior\BuildLiteBehavior [ RunTime:0.000000s ]
INFO: Run Common\Behavior\InitHookBehavior [ RunTime:0.002000s ]
INFO: [ app_init ] --END-- [ RunTime:0.002000s ]
INFO: [ app_begin ] --START--
INFO: Run Behavior\ReadHtmlCacheBehavior [ RunTime:0.001000s ]
INFO: [ app_begin ] --END-- [ RunTime:0.002000s ]
SQL: SHOW COLUMNS FROM `qp_module` [ RunTime:0.0020s ]
SQL: SHOW COLUMNS FROM `qp_menu` [ RunTime:0.0030s ]
SQL: SELECT * FROM `qp_module` ORDER BY sortnum LIMIT 10   [ RunTime:0.0010s ]
SQL: SELECT * FROM `qp_menu` LIMIT 50   [ RunTime:0.0000s ]
INFO: [ view_parse ] --START--
INFO: [ template_filter ] --START--
INFO: Run Behavior\ContentReplaceBehavior [ RunTime:0.001000s ]
INFO: [ template_filter ] --END-- [ RunTime:0.001000s ]
NOTIC: [8] Undefined variable: rolelist C:\wamp\www\Runtime\Cache\qpht\6289617b1f1764a67ee09827121d3f39.php 第 198 行.
NOTIC: [8] Undefined variable: page C:\wamp\www\Runtime\Cache\qpht\6289617b1f1764a67ee09827121d3f39.php 第 213 行.
INFO: Run Behavior\ParseTemplateBehavior [ RunTime:0.016000s ]
INFO: [ view_parse ] --END-- [ RunTime:0.016000s ]
INFO: [ view_filter ] --START--
INFO: Run Behavior\WriteHtmlCacheBehavior [ RunTime:0.000000s ]
INFO: [ view_filter ] --END-- [ RunTime:0.001000s ]
INFO: [ app_end ] --START--
INFO: Run Behavior\ShowPageTraceBehavior [ RunTime:0.001000s ]
INFO: [ app_end ] --END-- [ RunTime:0.001000s ]

[ 2018-05-02T15:40:47+08:00 ] ::1 /qpht.php/user/accountList
INFO: [ app_init ] --START--
INFO: Run Behavior\BuildLiteBehavior [ RunTime:0.000000s ]
INFO: Run Common\Behavior\InitHookBehavior [ RunTime:0.001000s ]
INFO: [ app_init ] --END-- [ RunTime:0.002000s ]
INFO: [ app_begin ] --START--
INFO: Run Behavior\ReadHtmlCacheBehavior [ RunTime:0.000000s ]
INFO: [ app_begin ] --END-- [ RunTime:0.001000s ]
SQL: SHOW COLUMNS FROM `qp_module` [ RunTime:0.0020s ]
SQL: SHOW COLUMNS FROM `qp_menu` [ RunTime:0.0030s ]
SQL: SELECT * FROM `qp_module` ORDER BY sortnum LIMIT 10   [ RunTime:0.0000s ]
SQL: SELECT * FROM `qp_menu` LIMIT 50   [ RunTime:0.0010s ]
INFO: [ view_parse ] --START--
INFO: [ template_filter ] --START--
INFO: Run Behavior\ContentReplaceBehavior [ RunTime:0.000000s ]
INFO: [ template_filter ] --END-- [ RunTime:0.000000s ]
NOTIC: [8] Undefined variable: rolelist C:\wamp\www\Runtime\Cache\qpht\6289617b1f1764a67ee09827121d3f39.php 第 198 行.
NOTIC: [8] Undefined variable: page C:\wamp\www\Runtime\Cache\qpht\6289617b1f1764a67ee09827121d3f39.php 第 213 行.
INFO: Run Behavior\ParseTemplateBehavior [ RunTime:0.015000s ]
INFO: [ view_parse ] --END-- [ RunTime:0.015000s ]
INFO: [ view_filter ] --START--
INFO: Run Behavior\WriteHtmlCacheBehavior [ RunTime:0.001000s ]
INFO: [ view_filter ] --END-- [ RunTime:0.001000s ]
INFO: [ app_end ] --START--
INFO: Run Behavior\ShowPageTraceBehavior [ RunTime:0.001000s ]
INFO: [ app_end ] --END-- [ RunTime:0.001000s ]

[ 2018-05-02T15:41:55+08:00 ] ::1 /qpht.php/user/accountList
INFO: [ app_init ] --START--
INFO: Run Behavior\BuildLiteBehavior [ RunTime:0.000000s ]
INFO: Run Common\Behavior\InitHookBehavior [ RunTime:0.002000s ]
INFO: [ app_init ] --END-- [ RunTime:0.003000s ]
INFO: [ app_begin ] --START--
INFO: Run Behavior\ReadHtmlCacheBehavior [ RunTime:0.001000s ]
INFO: [ app_begin ] --END-- [ RunTime:0.001000s ]
SQL: SHOW COLUMNS FROM `qp_module` [ RunTime:0.0020s ]
SQL: SHOW COLUMNS FROM `qp_menu` [ RunTime:0.0020s ]
SQL: SELECT * FROM `qp_module` ORDER BY sortnum LIMIT 10   [ RunTime:0.0010s ]
SQL: SELECT * FROM `qp_menu` LIMIT 50   [ RunTime:0.0000s ]
INFO: [ view_parse ] --START--
INFO: [ template_filter ] --START--
INFO: Run Behavior\ContentReplaceBehavior [ RunTime:0.001000s ]
INFO: [ template_filter ] --END-- [ RunTime:0.001000s ]
NOTIC: [8] Undefined variable: rolelist C:\wamp\www\Runtime\Cache\qpht\6289617b1f1764a67ee09827121d3f39.php 第 198 行.
NOTIC: [8] Undefined variable: page C:\wamp\www\Runtime\Cache\qpht\6289617b1f1764a67ee09827121d3f39.php 第 213 行.
INFO: Run Behavior\ParseTemplateBehavior [ RunTime:0.017000s ]
INFO: [ view_parse ] --END-- [ RunTime:0.017000s ]
INFO: [ view_filter ] --START--
INFO: Run Behavior\WriteHtmlCacheBehavior [ RunTime:0.000000s ]
INFO: [ view_filter ] --END-- [ RunTime:0.001000s ]
INFO: [ app_end ] --START--
INFO: Run Behavior\ShowPageTraceBehavior [ RunTime:0.001000s ]
INFO: [ app_end ] --END-- [ RunTime:0.001000s ]

[ 2018-05-02T15:42:16+08:00 ] ::1 /qpht.php/user/accountList
INFO: [ app_init ] --START--
INFO: Run Behavior\BuildLiteBehavior [ RunTime:0.000000s ]
INFO: Run Common\Behavior\InitHookBehavior [ RunTime:0.002000s ]
INFO: [ app_init ] --END-- [ RunTime:0.002000s ]
INFO: [ app_begin ] --START--
INFO: Run Behavior\ReadHtmlCacheBehavior [ RunTime:0.001000s ]
INFO: [ app_begin ] --END-- [ RunTime:0.001000s ]
SQL: SHOW COLUMNS FROM `qp_module` [ RunTime:0.0030s ]
SQL: SHOW COLUMNS FROM `qp_menu` [ RunTime:0.0030s ]
SQL: SELECT * FROM `qp_module` ORDER BY sortnum LIMIT 10   [ RunTime:0.0010s ]
SQL: SELECT * FROM `qp_menu` LIMIT 50   [ RunTime:0.0010s ]
INFO: [ view_parse ] --START--
INFO: [ template_filter ] --START--
INFO: Run Behavior\ContentReplaceBehavior [ RunTime:0.000000s ]
INFO: [ template_filter ] --END-- [ RunTime:0.000000s ]
NOTIC: [8] Undefined variable: rolelist C:\wamp\www\Runtime\Cache\qpht\6289617b1f1764a67ee09827121d3f39.php 第 198 行.
NOTIC: [8] Undefined variable: page C:\wamp\www\Runtime\Cache\qpht\6289617b1f1764a67ee09827121d3f39.php 第 213 行.
INFO: Run Behavior\ParseTemplateBehavior [ RunTime:0.017000s ]
INFO: [ view_parse ] --END-- [ RunTime:0.017000s ]
INFO: [ view_filter ] --START--
INFO: Run Behavior\WriteHtmlCacheBehavior [ RunTime:0.000000s ]
INFO: [ view_filter ] --END-- [ RunTime:0.001000s ]
INFO: [ app_end ] --START--
INFO: Run Behavior\ShowPageTraceBehavior [ RunTime:0.001000s ]
INFO: [ app_end ] --END-- [ RunTime:0.001000s ]

[ 2018-05-02T15:43:25+08:00 ] ::1 /qpht.php/user/accountList
INFO: [ app_init ] --START--
INFO: Run Behavior\BuildLiteBehavior [ RunTime:0.001000s ]
INFO: Run Common\Behavior\InitHookBehavior [ RunTime:0.002000s ]
INFO: [ app_init ] --END-- [ RunTime:0.003000s ]
INFO: [ app_begin ] --START--
INFO: Run Behavior\ReadHtmlCacheBehavior [ RunTime:0.000000s ]
INFO: [ app_begin ] --END-- [ RunTime:0.001000s ]
SQL: SHOW COLUMNS FROM `qp_module` [ RunTime:0.0020s ]
SQL: SHOW COLUMNS FROM `qp_menu` [ RunTime:0.0020s ]
SQL: SELECT * FROM `qp_module` ORDER BY sortnum LIMIT 10   [ RunTime:0.0000s ]
SQL: SELECT * FROM `qp_menu` LIMIT 50   [ RunTime:0.0010s ]
INFO: [ view_parse ] --START--
INFO: [ template_filter ] --START--
INFO: Run Behavior\ContentReplaceBehavior [ RunTime:0.000000s ]
INFO: [ template_filter ] --END-- [ RunTime:0.000000s ]
NOTIC: [8] Undefined variable: rolelist C:\wamp\www\Runtime\Cache\qpht\6289617b1f1764a67ee09827121d3f39.php 第 198 行.
NOTIC: [8] Undefined variable: page C:\wamp\www\Runtime\Cache\qpht\6289617b1f1764a67ee09827121d3f39.php 第 213 行.
INFO: Run Behavior\ParseTemplateBehavior [ RunTime:0.018000s ]
INFO: [ view_parse ] --END-- [ RunTime:0.018000s ]
INFO: [ view_filter ] --START--
INFO: Run Behavior\WriteHtmlCacheBehavior [ RunTime:0.001000s ]
INFO: [ view_filter ] --END-- [ RunTime:0.001000s ]
INFO: [ app_end ] --START--
INFO: Run Behavior\ShowPageTraceBehavior [ RunTime:0.001000s ]
INFO: [ app_end ] --END-- [ RunTime:0.001000s ]

[ 2018-05-02T15:43:51+08:00 ] ::1 /qpht.php/user/accountList
INFO: [ app_init ] --START--
INFO: Run Behavior\BuildLiteBehavior [ RunTime:0.000000s ]
INFO: Run Common\Behavior\InitHookBehavior [ RunTime:0.003000s ]
INFO: [ app_init ] --END-- [ RunTime:0.003000s ]
INFO: [ app_begin ] --START--
INFO: Run Behavior\ReadHtmlCacheBehavior [ RunTime:0.001000s ]
INFO: [ app_begin ] --END-- [ RunTime:0.001000s ]
SQL: SHOW COLUMNS FROM `qp_module` [ RunTime:0.0030s ]
SQL: SHOW COLUMNS FROM `qp_menu` [ RunTime:0.0020s ]
SQL: SELECT * FROM `qp_module` ORDER BY sortnum LIMIT 10   [ RunTime:0.0000s ]
SQL: SELECT * FROM `qp_menu` LIMIT 50   [ RunTime:0.0010s ]
INFO: [ view_parse ] --START--
INFO: [ template_filter ] --START--
INFO: Run Behavior\ContentReplaceBehavior [ RunTime:0.000000s ]
INFO: [ template_filter ] --END-- [ RunTime:0.000000s ]
NOTIC: [8] Undefined variable: rolelist C:\wamp\www\Runtime\Cache\qpht\6289617b1f1764a67ee09827121d3f39.php 第 198 行.
NOTIC: [8] Undefined variable: page C:\wamp\www\Runtime\Cache\qpht\6289617b1f1764a67ee09827121d3f39.php 第 213 行.
INFO: Run Behavior\ParseTemplateBehavior [ RunTime:0.016000s ]
INFO: [ view_parse ] --END-- [ RunTime:0.016000s ]
INFO: [ view_filter ] --START--
INFO: Run Behavior\WriteHtmlCacheBehavior [ RunTime:0.000000s ]
INFO: [ view_filter ] --END-- [ RunTime:0.000000s ]
INFO: [ app_end ] --START--
INFO: Run Behavior\ShowPageTraceBehavior [ RunTime:0.000000s ]
INFO: [ app_end ] --END-- [ RunTime:0.001000s ]

[ 2018-05-02T15:44:33+08:00 ] ::1 /qpht.php/user/accountList
INFO: [ app_init ] --START--
INFO: Run Behavior\BuildLiteBehavior [ RunTime:0.000000s ]
INFO: Run Common\Behavior\InitHookBehavior [ RunTime:0.001000s ]
INFO: [ app_init ] --END-- [ RunTime:0.003000s ]
INFO: [ app_begin ] --START--
INFO: Run Behavior\ReadHtmlCacheBehavior [ RunTime:0.001000s ]
INFO: [ app_begin ] --END-- [ RunTime:0.001000s ]
SQL: SHOW COLUMNS FROM `qp_module` [ RunTime:0.0020s ]
SQL: SHOW COLUMNS FROM `qp_menu` [ RunTime:0.0020s ]
SQL: SELECT * FROM `qp_module` ORDER BY sortnum LIMIT 10   [ RunTime:0.0000s ]
SQL: SELECT * FROM `qp_menu` LIMIT 50   [ RunTime:0.0010s ]
INFO: [ view_parse ] --START--
INFO: [ template_filter ] --START--
INFO: Run Behavior\ContentReplaceBehavior [ RunTime:0.001000s ]
INFO: [ template_filter ] --END-- [ RunTime:0.001000s ]
NOTIC: [8] Undefined variable: rolelist C:\wamp\www\Runtime\Cache\qpht\6289617b1f1764a67ee09827121d3f39.php 第 198 行.
NOTIC: [8] Undefined variable: page C:\wamp\www\Runtime\Cache\qpht\6289617b1f1764a67ee09827121d3f39.php 第 213 行.
INFO: Run Behavior\ParseTemplateBehavior [ RunTime:0.017000s ]
INFO: [ view_parse ] --END-- [ RunTime:0.017000s ]
INFO: [ view_filter ] --START--
INFO: Run Behavior\WriteHtmlCacheBehavior [ RunTime:0.000000s ]
INFO: [ view_filter ] --END-- [ RunTime:0.000000s ]
INFO: [ app_end ] --START--
INFO: Run Behavior\ShowPageTraceBehavior [ RunTime:0.001000s ]
INFO: [ app_end ] --END-- [ RunTime:0.001000s ]

[ 2018-05-02T15:52:28+08:00 ] ::1 /qpht.php/user/accountList
INFO: [ app_init ] --START--
INFO: Run Behavior\BuildLiteBehavior [ RunTime:0.000000s ]
INFO: Run Common\Behavior\InitHookBehavior [ RunTime:0.003000s ]
INFO: [ app_init ] --END-- [ RunTime:0.003000s ]
INFO: [ app_begin ] --START--
INFO: Run Behavior\ReadHtmlCacheBehavior [ RunTime:0.001000s ]
INFO: [ app_begin ] --END-- [ RunTime:0.001000s ]

[ 2018-05-02T15:52:45+08:00 ] ::1 /qpht.php/user/accountList
INFO: [ app_init ] --START--
INFO: Run Behavior\BuildLiteBehavior [ RunTime:0.000000s ]
INFO: Run Common\Behavior\InitHookBehavior [ RunTime:0.002000s ]
INFO: [ app_init ] --END-- [ RunTime:0.002000s ]
INFO: [ app_begin ] --START--
INFO: Run Behavior\ReadHtmlCacheBehavior [ RunTime:0.001000s ]
INFO: [ app_begin ] --END-- [ RunTime:0.001000s ]
SQL: SHOW COLUMNS FROM `qp_role` [ RunTime:0.0030s ]
SQL: SELECT `id`,`solename` FROM `qp_role` ORDER BY id  [ RunTime:0.0010s ]
SQL: SHOW COLUMNS FROM `qp_module` [ RunTime:0.0020s ]
SQL: SHOW COLUMNS FROM `qp_menu` [ RunTime:0.0030s ]
SQL: SELECT * FROM `qp_module` ORDER BY sortnum LIMIT 10   [ RunTime:0.0010s ]
SQL: SELECT * FROM `qp_menu` LIMIT 50   [ RunTime:0.0000s ]
INFO: [ view_parse ] --START--
INFO: [ template_filter ] --START--
INFO: Run Behavior\ContentReplaceBehavior [ RunTime:0.000000s ]
INFO: [ template_filter ] --END-- [ RunTime:0.000000s ]
NOTIC: [2] Illegal string offset 'id' C:\wamp\www\Runtime\Cache\qpht\6289617b1f1764a67ee09827121d3f39.php 第 130 行.
NOTIC: [2] Illegal string offset 'name' C:\wamp\www\Runtime\Cache\qpht\6289617b1f1764a67ee09827121d3f39.php 第 130 行.
NOTIC: [2] Illegal string offset 'id' C:\wamp\www\Runtime\Cache\qpht\6289617b1f1764a67ee09827121d3f39.php 第 130 行.
NOTIC: [2] Illegal string offset 'name' C:\wamp\www\Runtime\Cache\qpht\6289617b1f1764a67ee09827121d3f39.php 第 130 行.
NOTIC: [8] Undefined variable: rolelist C:\wamp\www\Runtime\Cache\qpht\6289617b1f1764a67ee09827121d3f39.php 第 195 行.
NOTIC: [8] Undefined variable: page C:\wamp\www\Runtime\Cache\qpht\6289617b1f1764a67ee09827121d3f39.php 第 210 行.
INFO: Run Behavior\ParseTemplateBehavior [ RunTime:0.019000s ]
INFO: [ view_parse ] --END-- [ RunTime:0.019000s ]
INFO: [ view_filter ] --START--
INFO: Run Behavior\WriteHtmlCacheBehavior [ RunTime:0.001000s ]
INFO: [ view_filter ] --END-- [ RunTime:0.001000s ]
INFO: [ app_end ] --START--
INFO: Run Behavior\ShowPageTraceBehavior [ RunTime:0.001000s ]
INFO: [ app_end ] --END-- [ RunTime:0.001000s ]

[ 2018-05-02T15:53:29+08:00 ] ::1 /qpht.php/user/accountList
INFO: [ app_init ] --START--
INFO: Run Behavior\BuildLiteBehavior [ RunTime:0.000000s ]
INFO: Run Common\Behavior\InitHookBehavior [ RunTime:0.002000s ]
INFO: [ app_init ] --END-- [ RunTime:0.002000s ]
INFO: [ app_begin ] --START--
INFO: Run Behavior\ReadHtmlCacheBehavior [ RunTime:0.001000s ]
INFO: [ app_begin ] --END-- [ RunTime:0.001000s ]
SQL: SHOW COLUMNS FROM `qp_role` [ RunTime:0.0020s ]
SQL: SELECT `id`,`solename` FROM `qp_role` ORDER BY id  [ RunTime:0.0000s ]

[ 2018-05-02T15:56:54+08:00 ] ::1 /qpht.php/user/accountList
INFO: [ app_init ] --START--
INFO: Run Behavior\BuildLiteBehavior [ RunTime:0.000000s ]
INFO: Run Common\Behavior\InitHookBehavior [ RunTime:0.003000s ]
INFO: [ app_init ] --END-- [ RunTime:0.003000s ]
INFO: [ app_begin ] --START--
INFO: Run Behavior\ReadHtmlCacheBehavior [ RunTime:0.001000s ]
INFO: [ app_begin ] --END-- [ RunTime:0.001000s ]
SQL: SHOW COLUMNS FROM `qp_role` [ RunTime:0.0030s ]
SQL: SELECT `id`,`solename` FROM `qp_role` ORDER BY id  [ RunTime:0.0010s ]
SQL: SHOW COLUMNS FROM `qp_module` [ RunTime:0.0020s ]
SQL: SHOW COLUMNS FROM `qp_menu` [ RunTime:0.0020s ]
SQL: SELECT * FROM `qp_module` ORDER BY sortnum LIMIT 10   [ RunTime:0.0000s ]
SQL: SELECT * FROM `qp_menu` LIMIT 50   [ RunTime:0.0000s ]
INFO: [ view_parse ] --START--
INFO: [ template_filter ] --START--
INFO: Run Behavior\ContentReplaceBehavior [ RunTime:0.000000s ]
INFO: [ template_filter ] --END-- [ RunTime:0.000000s ]
NOTIC: [2] Illegal string offset 'name' C:\wamp\www\Runtime\Cache\qpht\6289617b1f1764a67ee09827121d3f39.php 第 130 行.
NOTIC: [2] Illegal string offset 'name' C:\wamp\www\Runtime\Cache\qpht\6289617b1f1764a67ee09827121d3f39.php 第 130 行.
NOTIC: [8] Undefined variable: rolelist C:\wamp\www\Runtime\Cache\qpht\6289617b1f1764a67ee09827121d3f39.php 第 195 行.
NOTIC: [8] Undefined variable: page C:\wamp\www\Runtime\Cache\qpht\6289617b1f1764a67ee09827121d3f39.php 第 210 行.
INFO: Run Behavior\ParseTemplateBehavior [ RunTime:0.019000s ]
INFO: [ view_parse ] --END-- [ RunTime:0.019000s ]
INFO: [ view_filter ] --START--
INFO: Run Behavior\WriteHtmlCacheBehavior [ RunTime:0.000000s ]
INFO: [ view_filter ] --END-- [ RunTime:0.000000s ]
INFO: [ app_end ] --START--
INFO: Run Behavior\ShowPageTraceBehavior [ RunTime:0.000000s ]
INFO: [ app_end ] --END-- [ RunTime:0.000000s ]

[ 2018-05-02T15:57:59+08:00 ] ::1 /qpht.php/user/accountList
INFO: [ app_init ] --START--
INFO: Run Behavior\BuildLiteBehavior [ RunTime:0.000000s ]
INFO: Run Common\Behavior\InitHookBehavior [ RunTime:0.002000s ]
INFO: [ app_init ] --END-- [ RunTime:0.002000s ]
INFO: [ app_begin ] --START--
INFO: Run Behavior\ReadHtmlCacheBehavior [ RunTime:0.000000s ]
INFO: [ app_begin ] --END-- [ RunTime:0.001000s ]
SQL: SHOW COLUMNS FROM `qp_role` [ RunTime:0.0030s ]
SQL: SELECT `id`,`solename` FROM `qp_role` ORDER BY id  [ RunTime:0.0000s ]

[ 2018-05-02T15:59:49+08:00 ] ::1 /qpht.php/user/accountList
INFO: [ app_init ] --START--
INFO: Run Behavior\BuildLiteBehavior [ RunTime:0.000000s ]
INFO: Run Common\Behavior\InitHookBehavior [ RunTime:0.003000s ]
INFO: [ app_init ] --END-- [ RunTime:0.003000s ]
INFO: [ app_begin ] --START--
INFO: Run Behavior\ReadHtmlCacheBehavior [ RunTime:0.000000s ]
INFO: [ app_begin ] --END-- [ RunTime:0.001000s ]
SQL: SHOW COLUMNS FROM `qp_role` [ RunTime:0.0020s ]
SQL: SELECT `id`,`solename` FROM `qp_role` ORDER BY id  [ RunTime:0.0000s ]
SQL: SHOW COLUMNS FROM `qp_module` [ RunTime:0.0020s ]
SQL: SHOW COLUMNS FROM `qp_menu` [ RunTime:0.0030s ]
SQL: SELECT * FROM `qp_module` ORDER BY sortnum LIMIT 10   [ RunTime:0.0000s ]
SQL: SELECT * FROM `qp_menu` LIMIT 50   [ RunTime:0.0000s ]
INFO: [ view_parse ] --START--
INFO: [ template_filter ] --START--
INFO: Run Behavior\ContentReplaceBehavior [ RunTime:0.001000s ]
INFO: [ template_filter ] --END-- [ RunTime:0.001000s ]
NOTIC: [8] Undefined variable: rolelist C:\wamp\www\Runtime\Cache\qpht\6289617b1f1764a67ee09827121d3f39.php 第 195 行.
NOTIC: [8] Undefined variable: page C:\wamp\www\Runtime\Cache\qpht\6289617b1f1764a67ee09827121d3f39.php 第 210 行.
INFO: Run Behavior\ParseTemplateBehavior [ RunTime:0.018000s ]
INFO: [ view_parse ] --END-- [ RunTime:0.019000s ]
INFO: [ view_filter ] --START--
INFO: Run Behavior\WriteHtmlCacheBehavior [ RunTime:0.000000s ]
INFO: [ view_filter ] --END-- [ RunTime:0.000000s ]
INFO: [ app_end ] --START--
INFO: Run Behavior\ShowPageTraceBehavior [ RunTime:0.000000s ]
INFO: [ app_end ] --END-- [ RunTime:0.000000s ]

[ 2018-05-02T16:19:58+08:00 ] ::1 /qpht.php/user/accountList
INFO: [ app_init ] --START--
INFO: Run Behavior\BuildLiteBehavior [ RunTime:0.000000s ]
INFO: Run Common\Behavior\InitHookBehavior [ RunTime:0.002000s ]
INFO: [ app_init ] --END-- [ RunTime:0.002000s ]
INFO: [ app_begin ] --START--
INFO: Run Behavior\ReadHtmlCacheBehavior [ RunTime:0.000000s ]
INFO: [ app_begin ] --END-- [ RunTime:0.000000s ]
SQL: SHOW COLUMNS FROM `qp_role` [ RunTime:0.0020s ]
SQL: SELECT `id`,`solename` FROM `qp_role` ORDER BY id  [ RunTime:0.0000s ]
SQL: SHOW COLUMNS FROM `qp_module` [ RunTime:0.0030s ]
SQL: SHOW COLUMNS FROM `qp_menu` [ RunTime:0.0020s ]
SQL: SELECT * FROM `qp_module` ORDER BY sortnum LIMIT 10   [ RunTime:0.0010s ]
SQL: SELECT * FROM `qp_menu` LIMIT 50   [ RunTime:0.0000s ]
INFO: [ view_parse ] --START--
INFO: [ template_filter ] --START--
INFO: Run Behavior\ContentReplaceBehavior [ RunTime:0.000000s ]
INFO: [ template_filter ] --END-- [ RunTime:0.000000s ]
NOTIC: [8] Undefined variable: rolelist C:\wamp\www\Runtime\Cache\qpht\6289617b1f1764a67ee09827121d3f39.php 第 195 行.
NOTIC: [8] Undefined variable: page C:\wamp\www\Runtime\Cache\qpht\6289617b1f1764a67ee09827121d3f39.php 第 210 行.
INFO: Run Behavior\ParseTemplateBehavior [ RunTime:0.017000s ]
INFO: [ view_parse ] --END-- [ RunTime:0.017000s ]
INFO: [ view_filter ] --START--
INFO: Run Behavior\WriteHtmlCacheBehavior [ RunTime:0.001000s ]
INFO: [ view_filter ] --END-- [ RunTime:0.001000s ]
INFO: [ app_end ] --START--
INFO: Run Behavior\ShowPageTraceBehavior [ RunTime:0.001000s ]
INFO: [ app_end ] --END-- [ RunTime:0.001000s ]

[ 2018-05-02T16:20:51+08:00 ] ::1 /qpht.php/user/showdata
INFO: [ app_init ] --START--
INFO: Run Behavior\BuildLiteBehavior [ RunTime:0.000000s ]
INFO: Run Common\Behavior\InitHookBehavior [ RunTime:0.002000s ]
INFO: [ app_init ] --END-- [ RunTime:0.003000s ]
INFO: [ app_begin ] --START--
INFO: Run Behavior\ReadHtmlCacheBehavior [ RunTime:0.001000s ]
INFO: [ app_begin ] --END-- [ RunTime:0.001000s ]
INFO: [ app_end ] --START--
INFO: Run Behavior\ShowPageTraceBehavior [ RunTime:0.001000s ]
INFO: [ app_end ] --END-- [ RunTime:0.001000s ]

[ 2018-05-02T16:21:42+08:00 ] ::1 /qpht.php/user/accountList
INFO: [ app_init ] --START--
INFO: Run Behavior\BuildLiteBehavior [ RunTime:0.000000s ]
INFO: Run Common\Behavior\InitHookBehavior [ RunTime:0.002000s ]
INFO: [ app_init ] --END-- [ RunTime:0.002000s ]
INFO: [ app_begin ] --START--
INFO: Run Behavior\ReadHtmlCacheBehavior [ RunTime:0.001000s ]
INFO: [ app_begin ] --END-- [ RunTime:0.001000s ]
SQL: SHOW COLUMNS FROM `qp_role` [ RunTime:0.0030s ]
SQL: SELECT `id`,`solename` FROM `qp_role` ORDER BY id  [ RunTime:0.0000s ]
SQL: SHOW COLUMNS FROM `qp_module` [ RunTime:0.0040s ]
SQL: SHOW COLUMNS FROM `qp_menu` [ RunTime:0.0040s ]
SQL: SELECT * FROM `qp_module` ORDER BY sortnum LIMIT 10   [ RunTime:0.0000s ]
SQL: SELECT * FROM `qp_menu` LIMIT 50   [ RunTime:0.0010s ]
INFO: [ view_parse ] --START--
INFO: [ template_filter ] --START--
INFO: Run Behavior\ContentReplaceBehavior [ RunTime:0.000000s ]
INFO: [ template_filter ] --END-- [ RunTime:0.001000s ]
NOTIC: [8] Undefined variable: rolelist C:\wamp\www\Runtime\Cache\qpht\6289617b1f1764a67ee09827121d3f39.php 第 195 行.
NOTIC: [8] Undefined variable: page C:\wamp\www\Runtime\Cache\qpht\6289617b1f1764a67ee09827121d3f39.php 第 210 行.
INFO: Run Behavior\ParseTemplateBehavior [ RunTime:0.025000s ]
INFO: [ view_parse ] --END-- [ RunTime:0.025000s ]
INFO: [ view_filter ] --START--
INFO: Run Behavior\WriteHtmlCacheBehavior [ RunTime:0.000000s ]
INFO: [ view_filter ] --END-- [ RunTime:0.000000s ]
INFO: [ app_end ] --START--
INFO: Run Behavior\ShowPageTraceBehavior [ RunTime:0.001000s ]
INFO: [ app_end ] --END-- [ RunTime:0.001000s ]

[ 2018-05-02T16:21:58+08:00 ] ::1 /qpht.php/user/accountAction
INFO: [ app_init ] --START--
INFO: Run Behavior\BuildLiteBehavior [ RunTime:0.000000s ]
INFO: Run Common\Behavior\InitHookBehavior [ RunTime:0.003000s ]
INFO: [ app_init ] --END-- [ RunTime:0.004000s ]
INFO: [ app_begin ] --START--
INFO: Run Behavior\ReadHtmlCacheBehavior [ RunTime:0.001000s ]
INFO: [ app_begin ] --END-- [ RunTime:0.001000s ]

[ 2018-05-02T16:22:09+08:00 ] ::1 /qpht.php/user/showdata
INFO: [ app_init ] --START--
INFO: Run Behavior\BuildLiteBehavior [ RunTime:0.001000s ]
INFO: Run Common\Behavior\InitHookBehavior [ RunTime:0.001000s ]
INFO: [ app_init ] --END-- [ RunTime:0.002000s ]
INFO: [ app_begin ] --START--
INFO: Run Behavior\ReadHtmlCacheBehavior [ RunTime:0.000000s ]
INFO: [ app_begin ] --END-- [ RunTime:0.000000s ]
INFO: [ app_end ] --START--
INFO: Run Behavior\ShowPageTraceBehavior [ RunTime:0.000000s ]
INFO: [ app_end ] --END-- [ RunTime:0.000000s ]

[ 2018-05-02T16:22:38+08:00 ] ::1 /qpht.php/user/accountList
INFO: [ app_init ] --START--
INFO: Run Behavior\BuildLiteBehavior [ RunTime:0.000000s ]
INFO: Run Common\Behavior\InitHookBehavior [ RunTime:0.003000s ]
INFO: [ app_init ] --END-- [ RunTime:0.003000s ]
INFO: [ app_begin ] --START--
INFO: Run Behavior\ReadHtmlCacheBehavior [ RunTime:0.000000s ]
INFO: [ app_begin ] --END-- [ RunTime:0.001000s ]
SQL: SHOW COLUMNS FROM `qp_role` [ RunTime:0.0040s ]
SQL: SELECT `id`,`solename` FROM `qp_role` ORDER BY id  [ RunTime:0.0010s ]
SQL: SHOW COLUMNS FROM `qp_module` [ RunTime:0.0030s ]
SQL: SHOW COLUMNS FROM `qp_menu` [ RunTime:0.0030s ]
SQL: SELECT * FROM `qp_module` ORDER BY sortnum LIMIT 10   [ RunTime:0.0010s ]
SQL: SELECT * FROM `qp_menu` LIMIT 50   [ RunTime:0.0000s ]
INFO: [ view_parse ] --START--
INFO: [ template_filter ] --START--
INFO: Run Behavior\ContentReplaceBehavior [ RunTime:0.000000s ]
INFO: [ template_filter ] --END-- [ RunTime:0.000000s ]
NOTIC: [8] Undefined variable: rolelist C:\wamp\www\Runtime\Cache\qpht\6289617b1f1764a67ee09827121d3f39.php 第 195 行.
NOTIC: [8] Undefined variable: page C:\wamp\www\Runtime\Cache\qpht\6289617b1f1764a67ee09827121d3f39.php 第 210 行.
INFO: Run Behavior\ParseTemplateBehavior [ RunTime:0.023000s ]
INFO: [ view_parse ] --END-- [ RunTime:0.023000s ]
INFO: [ view_filter ] --START--
INFO: Run Behavior\WriteHtmlCacheBehavior [ RunTime:0.000000s ]
INFO: [ view_filter ] --END-- [ RunTime:0.001000s ]
INFO: [ app_end ] --START--
INFO: Run Behavior\ShowPageTraceBehavior [ RunTime:0.000000s ]
INFO: [ app_end ] --END-- [ RunTime:0.001000s ]

[ 2018-05-02T16:22:50+08:00 ] ::1 /qpht.php/user/accountAction
INFO: [ app_init ] --START--
INFO: Run Behavior\BuildLiteBehavior [ RunTime:0.000000s ]
INFO: Run Common\Behavior\InitHookBehavior [ RunTime:0.003000s ]
INFO: [ app_init ] --END-- [ RunTime:0.004000s ]
INFO: [ app_begin ] --START--
INFO: Run Behavior\ReadHtmlCacheBehavior [ RunTime:0.001000s ]
INFO: [ app_begin ] --END-- [ RunTime:0.001000s ]

[ 2018-05-02T16:23:29+08:00 ] ::1 /qpht.php/user/accountList
INFO: [ app_init ] --START--
INFO: Run Behavior\BuildLiteBehavior [ RunTime:0.000000s ]
INFO: Run Common\Behavior\InitHookBehavior [ RunTime:0.002000s ]
INFO: [ app_init ] --END-- [ RunTime:0.002000s ]
INFO: [ app_begin ] --START--
INFO: Run Behavior\ReadHtmlCacheBehavior [ RunTime:0.001000s ]
INFO: [ app_begin ] --END-- [ RunTime:0.001000s ]
SQL: SHOW COLUMNS FROM `qp_role` [ RunTime:0.0030s ]
SQL: SELECT `id`,`solename` FROM `qp_role` ORDER BY id  [ RunTime:0.0000s ]
SQL: SHOW COLUMNS FROM `qp_module` [ RunTime:0.0030s ]
SQL: SHOW COLUMNS FROM `qp_menu` [ RunTime:0.0020s ]
SQL: SELECT * FROM `qp_module` ORDER BY sortnum LIMIT 10   [ RunTime:0.0010s ]
SQL: SELECT * FROM `qp_menu` LIMIT 50   [ RunTime:0.0000s ]
INFO: [ view_parse ] --START--
INFO: [ template_filter ] --START--
INFO: Run Behavior\ContentReplaceBehavior [ RunTime:0.000000s ]
INFO: [ template_filter ] --END-- [ RunTime:0.000000s ]
NOTIC: [8] Undefined variable: rolelist C:\wamp\www\Runtime\Cache\qpht\6289617b1f1764a67ee09827121d3f39.php 第 195 行.
NOTIC: [8] Undefined variable: page C:\wamp\www\Runtime\Cache\qpht\6289617b1f1764a67ee09827121d3f39.php 第 210 行.
INFO: Run Behavior\ParseTemplateBehavior [ RunTime:0.019000s ]
INFO: [ view_parse ] --END-- [ RunTime:0.019000s ]
INFO: [ view_filter ] --START--
INFO: Run Behavior\WriteHtmlCacheBehavior [ RunTime:0.001000s ]
INFO: [ view_filter ] --END-- [ RunTime:0.001000s ]
INFO: [ app_end ] --START--
INFO: Run Behavior\ShowPageTraceBehavior [ RunTime:0.001000s ]
INFO: [ app_end ] --END-- [ RunTime:0.001000s ]

[ 2018-05-02T16:24:43+08:00 ] ::1 /qpht.php/user/accountList
INFO: [ app_init ] --START--
INFO: Run Behavior\BuildLiteBehavior [ RunTime:0.000000s ]
INFO: Run Common\Behavior\InitHookBehavior [ RunTime:0.002000s ]
INFO: [ app_init ] --END-- [ RunTime:0.002000s ]
INFO: [ app_begin ] --START--
INFO: Run Behavior\ReadHtmlCacheBehavior [ RunTime:0.000000s ]
INFO: [ app_begin ] --END-- [ RunTime:0.001000s ]
SQL: SHOW COLUMNS FROM `qp_role` [ RunTime:0.0030s ]
SQL: SELECT `id`,`solename` FROM `qp_role` ORDER BY id  [ RunTime:0.0000s ]
SQL: SHOW COLUMNS FROM `qp_module` [ RunTime:0.0020s ]
SQL: SHOW COLUMNS FROM `qp_menu` [ RunTime:0.0030s ]
SQL: SELECT * FROM `qp_module` ORDER BY sortnum LIMIT 10   [ RunTime:0.0010s ]
SQL: SELECT * FROM `qp_menu` LIMIT 50   [ RunTime:0.0010s ]
INFO: [ view_parse ] --START--
INFO: [ template_filter ] --START--
INFO: Run Behavior\ContentReplaceBehavior [ RunTime:0.000000s ]
INFO: [ template_filter ] --END-- [ RunTime:0.000000s ]
NOTIC: [8] Undefined variable: rolelist C:\wamp\www\Runtime\Cache\qpht\6289617b1f1764a67ee09827121d3f39.php 第 195 行.
NOTIC: [8] Undefined variable: page C:\wamp\www\Runtime\Cache\qpht\6289617b1f1764a67ee09827121d3f39.php 第 210 行.
INFO: Run Behavior\ParseTemplateBehavior [ RunTime:0.017000s ]
INFO: [ view_parse ] --END-- [ RunTime:0.018000s ]
INFO: [ view_filter ] --START--
INFO: Run Behavior\WriteHtmlCacheBehavior [ RunTime:0.000000s ]
INFO: [ view_filter ] --END-- [ RunTime:0.000000s ]
INFO: [ app_end ] --START--
INFO: Run Behavior\ShowPageTraceBehavior [ RunTime:0.000000s ]
INFO: [ app_end ] --END-- [ RunTime:0.000000s ]

[ 2018-05-02T16:26:55+08:00 ] ::1 /qpht.php/user/accountList
INFO: [ app_init ] --START--
INFO: Run Behavior\BuildLiteBehavior [ RunTime:0.000000s ]
INFO: Run Common\Behavior\InitHookBehavior [ RunTime:0.003000s ]
INFO: [ app_init ] --END-- [ RunTime:0.004000s ]
INFO: [ app_begin ] --START--
INFO: Run Behavior\ReadHtmlCacheBehavior [ RunTime:0.001000s ]
INFO: [ app_begin ] --END-- [ RunTime:0.001000s ]
SQL: SHOW COLUMNS FROM `qp_role` [ RunTime:0.0030s ]
SQL: SELECT `id`,`solename` FROM `qp_role` ORDER BY id  [ RunTime:0.0000s ]
SQL: SHOW COLUMNS FROM `qp_module` [ RunTime:0.0030s ]
SQL: SHOW COLUMNS FROM `qp_menu` [ RunTime:0.0020s ]
SQL: SELECT * FROM `qp_module` ORDER BY sortnum LIMIT 10   [ RunTime:0.0010s ]
SQL: SELECT * FROM `qp_menu` LIMIT 50   [ RunTime:0.0010s ]
INFO: [ view_parse ] --START--
INFO: [ template_filter ] --START--
INFO: Run Behavior\ContentReplaceBehavior [ RunTime:0.000000s ]
INFO: [ template_filter ] --END-- [ RunTime:0.000000s ]
NOTIC: [8] Undefined variable: rolelist C:\wamp\www\Runtime\Cache\qpht\6289617b1f1764a67ee09827121d3f39.php 第 195 行.
NOTIC: [8] Undefined variable: page C:\wamp\www\Runtime\Cache\qpht\6289617b1f1764a67ee09827121d3f39.php 第 210 行.
INFO: Run Behavior\ParseTemplateBehavior [ RunTime:0.019000s ]
INFO: [ view_parse ] --END-- [ RunTime:0.020000s ]
INFO: [ view_filter ] --START--
INFO: Run Behavior\WriteHtmlCacheBehavior [ RunTime:0.000000s ]
INFO: [ view_filter ] --END-- [ RunTime:0.001000s ]
INFO: [ app_end ] --START--
INFO: Run Behavior\ShowPageTraceBehavior [ RunTime:0.001000s ]
INFO: [ app_end ] --END-- [ RunTime:0.001000s ]

[ 2018-05-02T16:27:35+08:00 ] ::1 /qpht.php/user/accountList
INFO: [ app_init ] --START--
INFO: Run Behavior\BuildLiteBehavior [ RunTime:0.000000s ]
INFO: Run Common\Behavior\InitHookBehavior [ RunTime:0.002000s ]
INFO: [ app_init ] --END-- [ RunTime:0.002000s ]
INFO: [ app_begin ] --START--
INFO: Run Behavior\ReadHtmlCacheBehavior [ RunTime:0.000000s ]
INFO: [ app_begin ] --END-- [ RunTime:0.001000s ]
SQL: SHOW COLUMNS FROM `qp_role` [ RunTime:0.0020s ]
SQL: SELECT `id`,`solename` FROM `qp_role` ORDER BY id  [ RunTime:0.0000s ]
SQL: SHOW COLUMNS FROM `qp_module` [ RunTime:0.0030s ]
SQL: SHOW COLUMNS FROM `qp_menu` [ RunTime:0.0020s ]
SQL: SELECT * FROM `qp_module` ORDER BY sortnum LIMIT 10   [ RunTime:0.0000s ]
SQL: SELECT * FROM `qp_menu` LIMIT 50   [ RunTime:0.0000s ]
INFO: [ view_parse ] --START--
INFO: [ template_filter ] --START--
INFO: Run Behavior\ContentReplaceBehavior [ RunTime:0.000000s ]
INFO: [ template_filter ] --END-- [ RunTime:0.000000s ]
NOTIC: [8] Undefined variable: rolelist C:\wamp\www\Runtime\Cache\qpht\6289617b1f1764a67ee09827121d3f39.php 第 195 行.
NOTIC: [8] Undefined variable: page C:\wamp\www\Runtime\Cache\qpht\6289617b1f1764a67ee09827121d3f39.php 第 210 行.
INFO: Run Behavior\ParseTemplateBehavior [ RunTime:0.018000s ]
INFO: [ view_parse ] --END-- [ RunTime:0.018000s ]
INFO: [ view_filter ] --START--
INFO: Run Behavior\WriteHtmlCacheBehavior [ RunTime:0.000000s ]
INFO: [ view_filter ] --END-- [ RunTime:0.000000s ]
INFO: [ app_end ] --START--
INFO: Run Behavior\ShowPageTraceBehavior [ RunTime:0.000000s ]
INFO: [ app_end ] --END-- [ RunTime:0.001000s ]

[ 2018-05-02T16:28:26+08:00 ] ::1 /qpht.php/user/accountList
INFO: [ app_init ] --START--
INFO: Run Behavior\BuildLiteBehavior [ RunTime:0.000000s ]
INFO: Run Common\Behavior\InitHookBehavior [ RunTime:0.002000s ]
INFO: [ app_init ] --END-- [ RunTime:0.002000s ]
INFO: [ app_begin ] --START--
INFO: Run Behavior\ReadHtmlCacheBehavior [ RunTime:0.001000s ]
INFO: [ app_begin ] --END-- [ RunTime:0.001000s ]
SQL: SHOW COLUMNS FROM `qp_role` [ RunTime:0.0020s ]
SQL: SELECT `id`,`solename` FROM `qp_role` ORDER BY id  [ RunTime:0.0000s ]
SQL: SHOW COLUMNS FROM `qp_module` [ RunTime:0.0020s ]
SQL: SHOW COLUMNS FROM `qp_menu` [ RunTime:0.0030s ]
SQL: SELECT * FROM `qp_module` ORDER BY sortnum LIMIT 10   [ RunTime:0.0000s ]
SQL: SELECT * FROM `qp_menu` LIMIT 50   [ RunTime:0.0010s ]
INFO: [ view_parse ] --START--
INFO: [ template_filter ] --START--
INFO: Run Behavior\ContentReplaceBehavior [ RunTime:0.001000s ]
INFO: [ template_filter ] --END-- [ RunTime:0.001000s ]
NOTIC: [8] Undefined variable: rolelist C:\wamp\www\Runtime\Cache\qpht\6289617b1f1764a67ee09827121d3f39.php 第 195 行.
NOTIC: [8] Undefined variable: page C:\wamp\www\Runtime\Cache\qpht\6289617b1f1764a67ee09827121d3f39.php 第 210 行.
INFO: Run Behavior\ParseTemplateBehavior [ RunTime:0.016000s ]
INFO: [ view_parse ] --END-- [ RunTime:0.017000s ]
INFO: [ view_filter ] --START--
INFO: Run Behavior\WriteHtmlCacheBehavior [ RunTime:0.000000s ]
INFO: [ view_filter ] --END-- [ RunTime:0.000000s ]
INFO: [ app_end ] --START--
INFO: Run Behavior\ShowPageTraceBehavior [ RunTime:0.000000s ]
INFO: [ app_end ] --END-- [ RunTime:0.000000s ]

[ 2018-05-02T16:29:04+08:00 ] ::1 /qpht.php/user/accountList
INFO: [ app_init ] --START--
INFO: Run Behavior\BuildLiteBehavior [ RunTime:0.000000s ]
INFO: Run Common\Behavior\InitHookBehavior [ RunTime:0.002000s ]
INFO: [ app_init ] --END-- [ RunTime:0.002000s ]
INFO: [ app_begin ] --START--
INFO: Run Behavior\ReadHtmlCacheBehavior [ RunTime:0.001000s ]
INFO: [ app_begin ] --END-- [ RunTime:0.001000s ]
SQL: SHOW COLUMNS FROM `qp_role` [ RunTime:0.0030s ]
SQL: SELECT `id`,`solename` FROM `qp_role` ORDER BY id  [ RunTime:0.0010s ]
SQL: SHOW COLUMNS FROM `qp_module` [ RunTime:0.0020s ]
SQL: SHOW COLUMNS FROM `qp_menu` [ RunTime:0.0030s ]
SQL: SELECT * FROM `qp_module` ORDER BY sortnum LIMIT 10   [ RunTime:0.0000s ]
SQL: SELECT * FROM `qp_menu` LIMIT 50   [ RunTime:0.0010s ]
INFO: [ view_parse ] --START--
INFO: [ template_filter ] --START--
INFO: Run Behavior\ContentReplaceBehavior [ RunTime:0.000000s ]
INFO: [ template_filter ] --END-- [ RunTime:0.000000s ]
NOTIC: [8] Undefined variable: rolelist C:\wamp\www\Runtime\Cache\qpht\6289617b1f1764a67ee09827121d3f39.php 第 195 行.
NOTIC: [8] Undefined variable: page C:\wamp\www\Runtime\Cache\qpht\6289617b1f1764a67ee09827121d3f39.php 第 210 行.
INFO: Run Behavior\ParseTemplateBehavior [ RunTime:0.018000s ]
INFO: [ view_parse ] --END-- [ RunTime:0.018000s ]
INFO: [ view_filter ] --START--
INFO: Run Behavior\WriteHtmlCacheBehavior [ RunTime:0.001000s ]
INFO: [ view_filter ] --END-- [ RunTime:0.001000s ]
INFO: [ app_end ] --START--
INFO: Run Behavior\ShowPageTraceBehavior [ RunTime:0.001000s ]
INFO: [ app_end ] --END-- [ RunTime:0.001000s ]

[ 2018-05-02T16:29:25+08:00 ] ::1 /qpht.php/user/accountList
INFO: [ app_init ] --START--
INFO: Run Behavior\BuildLiteBehavior [ RunTime:0.000000s ]
INFO: Run Common\Behavior\InitHookBehavior [ RunTime:0.002000s ]
INFO: [ app_init ] --END-- [ RunTime:0.003000s ]
INFO: [ app_begin ] --START--
INFO: Run Behavior\ReadHtmlCacheBehavior [ RunTime:0.000000s ]
INFO: [ app_begin ] --END-- [ RunTime:0.001000s ]
SQL: SHOW COLUMNS FROM `qp_role` [ RunTime:0.0020s ]
SQL: SELECT `id`,`solename` FROM `qp_role` ORDER BY id  [ RunTime:0.0010s ]
SQL: SHOW COLUMNS FROM `qp_module` [ RunTime:0.0020s ]
SQL: SHOW COLUMNS FROM `qp_menu` [ RunTime:0.0030s ]
SQL: SELECT * FROM `qp_module` ORDER BY sortnum LIMIT 10   [ RunTime:0.0000s ]
SQL: SELECT * FROM `qp_menu` LIMIT 50   [ RunTime:0.0010s ]
INFO: [ view_parse ] --START--
INFO: [ template_filter ] --START--
INFO: Run Behavior\ContentReplaceBehavior [ RunTime:0.000000s ]
INFO: [ template_filter ] --END-- [ RunTime:0.000000s ]
NOTIC: [8] Undefined variable: rolelist C:\wamp\www\Runtime\Cache\qpht\6289617b1f1764a67ee09827121d3f39.php 第 195 行.
NOTIC: [8] Undefined variable: page C:\wamp\www\Runtime\Cache\qpht\6289617b1f1764a67ee09827121d3f39.php 第 210 行.
INFO: Run Behavior\ParseTemplateBehavior [ RunTime:0.018000s ]
INFO: [ view_parse ] --END-- [ RunTime:0.018000s ]
INFO: [ view_filter ] --START--
INFO: Run Behavior\WriteHtmlCacheBehavior [ RunTime:0.000000s ]
INFO: [ view_filter ] --END-- [ RunTime:0.000000s ]
INFO: [ app_end ] --START--
INFO: Run Behavior\ShowPageTraceBehavior [ RunTime:0.001000s ]
INFO: [ app_end ] --END-- [ RunTime:0.001000s ]

[ 2018-05-02T16:36:45+08:00 ] ::1 /qpht.php/user/accountList
INFO: [ app_init ] --START--
INFO: Run Behavior\BuildLiteBehavior [ RunTime:0.000000s ]
INFO: Run Common\Behavior\InitHookBehavior [ RunTime:0.002000s ]
INFO: [ app_init ] --END-- [ RunTime:0.003000s ]
INFO: [ app_begin ] --START--
INFO: Run Behavior\ReadHtmlCacheBehavior [ RunTime:0.001000s ]
INFO: [ app_begin ] --END-- [ RunTime:0.001000s ]
SQL: SHOW COLUMNS FROM `qp_role` [ RunTime:0.0020s ]
SQL: SELECT `id`,`solename` FROM `qp_role` ORDER BY id  [ RunTime:0.0000s ]
SQL: SHOW COLUMNS FROM `qp_module` [ RunTime:0.0030s ]
SQL: SHOW COLUMNS FROM `qp_menu` [ RunTime:0.0030s ]
SQL: SELECT * FROM `qp_module` ORDER BY sortnum LIMIT 10   [ RunTime:0.0000s ]
SQL: SELECT * FROM `qp_menu` LIMIT 50   [ RunTime:0.0010s ]
INFO: [ view_parse ] --START--
INFO: [ template_filter ] --START--
INFO: Run Behavior\ContentReplaceBehavior [ RunTime:0.000000s ]
INFO: [ template_filter ] --END-- [ RunTime:0.000000s ]
NOTIC: [8] Undefined variable: rolelist C:\wamp\www\Runtime\Cache\qpht\6289617b1f1764a67ee09827121d3f39.php 第 195 行.
NOTIC: [8] Undefined variable: page C:\wamp\www\Runtime\Cache\qpht\6289617b1f1764a67ee09827121d3f39.php 第 210 行.
INFO: Run Behavior\ParseTemplateBehavior [ RunTime:0.020000s ]
INFO: [ view_parse ] --END-- [ RunTime:0.020000s ]
INFO: [ view_filter ] --START--
INFO: Run Behavior\WriteHtmlCacheBehavior [ RunTime:0.000000s ]
INFO: [ view_filter ] --END-- [ RunTime:0.001000s ]
INFO: [ app_end ] --START--
INFO: Run Behavior\ShowPageTraceBehavior [ RunTime:0.001000s ]
INFO: [ app_end ] --END-- [ RunTime:0.001000s ]

[ 2018-05-02T16:38:16+08:00 ] ::1 /qpht.php/user/accountList
INFO: [ app_init ] --START--
INFO: Run Behavior\BuildLiteBehavior [ RunTime:0.000000s ]
INFO: Run Common\Behavior\InitHookBehavior [ RunTime:0.002000s ]
INFO: [ app_init ] --END-- [ RunTime:0.002000s ]
INFO: [ app_begin ] --START--
INFO: Run Behavior\ReadHtmlCacheBehavior [ RunTime:0.000000s ]
INFO: [ app_begin ] --END-- [ RunTime:0.000000s ]
SQL: SHOW COLUMNS FROM `qp_role` [ RunTime:0.0020s ]
SQL: SELECT `id`,`solename` FROM `qp_role` ORDER BY id  [ RunTime:0.0000s ]
SQL: SHOW COLUMNS FROM `qp_module` [ RunTime:0.0020s ]
SQL: SHOW COLUMNS FROM `qp_menu` [ RunTime:0.0030s ]
SQL: SELECT * FROM `qp_module` ORDER BY sortnum LIMIT 10   [ RunTime:0.0010s ]
SQL: SELECT * FROM `qp_menu` LIMIT 50   [ RunTime:0.0010s ]
INFO: [ view_parse ] --START--
INFO: [ template_filter ] --START--
INFO: Run Behavior\ContentReplaceBehavior [ RunTime:0.000000s ]
INFO: [ template_filter ] --END-- [ RunTime:0.000000s ]
NOTIC: [8] Undefined variable: rolelist C:\wamp\www\Runtime\Cache\qpht\6289617b1f1764a67ee09827121d3f39.php 第 195 行.
NOTIC: [8] Undefined variable: page C:\wamp\www\Runtime\Cache\qpht\6289617b1f1764a67ee09827121d3f39.php 第 210 行.
INFO: Run Behavior\ParseTemplateBehavior [ RunTime:0.018000s ]
INFO: [ view_parse ] --END-- [ RunTime:0.018000s ]
INFO: [ view_filter ] --START--
INFO: Run Behavior\WriteHtmlCacheBehavior [ RunTime:0.001000s ]
INFO: [ view_filter ] --END-- [ RunTime:0.001000s ]
INFO: [ app_end ] --START--
INFO: Run Behavior\ShowPageTraceBehavior [ RunTime:0.001000s ]
INFO: [ app_end ] --END-- [ RunTime:0.001000s ]

[ 2018-05-02T16:39:21+08:00 ] ::1 /qpht.php/user/accountList
INFO: [ app_init ] --START--
INFO: Run Behavior\BuildLiteBehavior [ RunTime:0.000000s ]
INFO: Run Common\Behavior\InitHookBehavior [ RunTime:0.002000s ]
INFO: [ app_init ] --END-- [ RunTime:0.002000s ]
INFO: [ app_begin ] --START--
INFO: Run Behavior\ReadHtmlCacheBehavior [ RunTime:0.001000s ]
INFO: [ app_begin ] --END-- [ RunTime:0.002000s ]
SQL: SHOW COLUMNS FROM `qp_role` [ RunTime:0.0030s ]
SQL: SELECT `id`,`solename` FROM `qp_role` ORDER BY id  [ RunTime:0.0010s ]
SQL: SHOW COLUMNS FROM `qp_module` [ RunTime:0.0020s ]
SQL: SHOW COLUMNS FROM `qp_menu` [ RunTime:0.0020s ]
SQL: SELECT * FROM `qp_module` ORDER BY sortnum LIMIT 10   [ RunTime:0.0000s ]
SQL: SELECT * FROM `qp_menu` LIMIT 50   [ RunTime:0.0000s ]
INFO: [ view_parse ] --START--
INFO: [ template_filter ] --START--
INFO: Run Behavior\ContentReplaceBehavior [ RunTime:0.001000s ]
INFO: [ template_filter ] --END-- [ RunTime:0.001000s ]
NOTIC: [8] Undefined variable: rolelist C:\wamp\www\Runtime\Cache\qpht\6289617b1f1764a67ee09827121d3f39.php 第 195 行.
NOTIC: [8] Undefined variable: page C:\wamp\www\Runtime\Cache\qpht\6289617b1f1764a67ee09827121d3f39.php 第 210 行.
INFO: Run Behavior\ParseTemplateBehavior [ RunTime:0.020000s ]
INFO: [ view_parse ] --END-- [ RunTime:0.021000s ]
INFO: [ view_filter ] --START--
INFO: Run Behavior\WriteHtmlCacheBehavior [ RunTime:0.000000s ]
INFO: [ view_filter ] --END-- [ RunTime:0.001000s ]
INFO: [ app_end ] --START--
INFO: Run Behavior\ShowPageTraceBehavior [ RunTime:0.000000s ]
INFO: [ app_end ] --END-- [ RunTime:0.000000s ]

[ 2018-05-02T16:48:46+08:00 ] ::1 /qpht.php/user/accountList
INFO: [ app_init ] --START--
INFO: Run Behavior\BuildLiteBehavior [ RunTime:0.000000s ]
INFO: Run Common\Behavior\InitHookBehavior [ RunTime:0.002000s ]
INFO: [ app_init ] --END-- [ RunTime:0.002000s ]
INFO: [ app_begin ] --START--
INFO: Run Behavior\ReadHtmlCacheBehavior [ RunTime:0.000000s ]
INFO: [ app_begin ] --END-- [ RunTime:0.001000s ]
SQL: SHOW COLUMNS FROM `qp_role` [ RunTime:0.0020s ]
SQL: SELECT `id`,`solename` FROM `qp_role` ORDER BY id  [ RunTime:0.0000s ]
SQL: SHOW COLUMNS FROM `qp_module` [ RunTime:0.0030s ]
SQL: SHOW COLUMNS FROM `qp_menu` [ RunTime:0.0030s ]
SQL: SELECT * FROM `qp_module` ORDER BY sortnum LIMIT 10   [ RunTime:0.0000s ]
SQL: SELECT * FROM `qp_menu` LIMIT 50   [ RunTime:0.0000s ]
INFO: [ view_parse ] --START--
INFO: [ template_filter ] --START--
INFO: Run Behavior\ContentReplaceBehavior [ RunTime:0.001000s ]
INFO: [ template_filter ] --END-- [ RunTime:0.001000s ]
NOTIC: [8] Undefined variable: rolelist C:\wamp\www\Runtime\Cache\qpht\6289617b1f1764a67ee09827121d3f39.php 第 195 行.
NOTIC: [8] Undefined variable: page C:\wamp\www\Runtime\Cache\qpht\6289617b1f1764a67ee09827121d3f39.php 第 210 行.
INFO: Run Behavior\ParseTemplateBehavior [ RunTime:0.017000s ]
INFO: [ view_parse ] --END-- [ RunTime:0.017000s ]
INFO: [ view_filter ] --START--
INFO: Run Behavior\WriteHtmlCacheBehavior [ RunTime:0.000000s ]
INFO: [ view_filter ] --END-- [ RunTime:0.000000s ]
INFO: [ app_end ] --START--
INFO: Run Behavior\ShowPageTraceBehavior [ RunTime:0.000000s ]
INFO: [ app_end ] --END-- [ RunTime:0.001000s ]

[ 2018-05-02T16:50:21+08:00 ] ::1 /qpht.php/user/accountList
INFO: [ app_init ] --START--
INFO: Run Behavior\BuildLiteBehavior [ RunTime:0.000000s ]
INFO: Run Common\Behavior\InitHookBehavior [ RunTime:0.003000s ]
INFO: [ app_init ] --END-- [ RunTime:0.003000s ]
INFO: [ app_begin ] --START--
INFO: Run Behavior\ReadHtmlCacheBehavior [ RunTime:0.000000s ]
INFO: [ app_begin ] --END-- [ RunTime:0.001000s ]
SQL: SHOW COLUMNS FROM `qp_role` [ RunTime:0.0020s ]
SQL: SELECT `id`,`solename` FROM `qp_role` ORDER BY id  [ RunTime:0.0000s ]
SQL: SHOW COLUMNS FROM `qp_module` [ RunTime:0.0030s ]
SQL: SHOW COLUMNS FROM `qp_menu` [ RunTime:0.0020s ]
SQL: SELECT * FROM `qp_module` ORDER BY sortnum LIMIT 10   [ RunTime:0.0000s ]
SQL: SELECT * FROM `qp_menu` LIMIT 50   [ RunTime:0.0010s ]
INFO: [ view_parse ] --START--
INFO: [ template_filter ] --START--
INFO: Run Behavior\ContentReplaceBehavior [ RunTime:0.000000s ]
INFO: [ template_filter ] --END-- [ RunTime:0.001000s ]
NOTIC: [8] Undefined variable: rolelist C:\wamp\www\Runtime\Cache\qpht\6289617b1f1764a67ee09827121d3f39.php 第 195 行.
NOTIC: [8] Undefined variable: page C:\wamp\www\Runtime\Cache\qpht\6289617b1f1764a67ee09827121d3f39.php 第 210 行.
INFO: Run Behavior\ParseTemplateBehavior [ RunTime:0.019000s ]
INFO: [ view_parse ] --END-- [ RunTime:0.019000s ]
INFO: [ view_filter ] --START--
INFO: Run Behavior\WriteHtmlCacheBehavior [ RunTime:0.001000s ]
INFO: [ view_filter ] --END-- [ RunTime:0.001000s ]
INFO: [ app_end ] --START--
INFO: Run Behavior\ShowPageTraceBehavior [ RunTime:0.000000s ]
INFO: [ app_end ] --END-- [ RunTime:0.001000s ]

[ 2018-05-02T16:54:13+08:00 ] ::1 /qpht.php/user/accountList
INFO: [ app_init ] --START--
INFO: Run Behavior\BuildLiteBehavior [ RunTime:0.000000s ]
INFO: Run Common\Behavior\InitHookBehavior [ RunTime:0.002000s ]
INFO: [ app_init ] --END-- [ RunTime:0.002000s ]
INFO: [ app_begin ] --START--
INFO: Run Behavior\ReadHtmlCacheBehavior [ RunTime:0.001000s ]
INFO: [ app_begin ] --END-- [ RunTime:0.001000s ]
SQL: SHOW COLUMNS FROM `qp_role` [ RunTime:0.0030s ]
SQL: SELECT `id`,`solename` FROM `qp_role` ORDER BY id  [ RunTime:0.0010s ]
SQL: SHOW COLUMNS FROM `qp_module` [ RunTime:0.0020s ]
SQL: SHOW COLUMNS FROM `qp_menu` [ RunTime:0.0030s ]
SQL: SELECT * FROM `qp_module` ORDER BY sortnum LIMIT 10   [ RunTime:0.0000s ]
SQL: SELECT * FROM `qp_menu` LIMIT 50   [ RunTime:0.0000s ]
INFO: [ view_parse ] --START--
INFO: [ template_filter ] --START--
INFO: Run Behavior\ContentReplaceBehavior [ RunTime:0.000000s ]
INFO: [ template_filter ] --END-- [ RunTime:0.000000s ]
NOTIC: [8] Undefined variable: rolelist C:\wamp\www\Runtime\Cache\qpht\6289617b1f1764a67ee09827121d3f39.php 第 195 行.
NOTIC: [8] Undefined variable: page C:\wamp\www\Runtime\Cache\qpht\6289617b1f1764a67ee09827121d3f39.php 第 210 行.
INFO: Run Behavior\ParseTemplateBehavior [ RunTime:0.016000s ]
INFO: [ view_parse ] --END-- [ RunTime:0.016000s ]
INFO: [ view_filter ] --START--
INFO: Run Behavior\WriteHtmlCacheBehavior [ RunTime:0.000000s ]
INFO: [ view_filter ] --END-- [ RunTime:0.001000s ]
INFO: [ app_end ] --START--
INFO: Run Behavior\ShowPageTraceBehavior [ RunTime:0.001000s ]
INFO: [ app_end ] --END-- [ RunTime:0.001000s ]

[ 2018-05-02T16:55:34+08:00 ] ::1 /qpht.php/user/accountList
INFO: [ app_init ] --START--
INFO: Run Behavior\BuildLiteBehavior [ RunTime:0.000000s ]
INFO: Run Common\Behavior\InitHookBehavior [ RunTime:0.002000s ]
INFO: [ app_init ] --END-- [ RunTime:0.002000s ]
INFO: [ app_begin ] --START--
INFO: Run Behavior\ReadHtmlCacheBehavior [ RunTime:0.001000s ]
INFO: [ app_begin ] --END-- [ RunTime:0.001000s ]
SQL: SHOW COLUMNS FROM `qp_role` [ RunTime:0.0020s ]
SQL: SELECT `id`,`solename` FROM `qp_role` ORDER BY id  [ RunTime:0.0000s ]
SQL: SHOW COLUMNS FROM `qp_module` [ RunTime:0.0030s ]
SQL: SHOW COLUMNS FROM `qp_menu` [ RunTime:0.0020s ]
SQL: SELECT * FROM `qp_module` ORDER BY sortnum LIMIT 10   [ RunTime:0.0000s ]
SQL: SELECT * FROM `qp_menu` LIMIT 50   [ RunTime:0.0010s ]
INFO: [ view_parse ] --START--
INFO: [ template_filter ] --START--
INFO: Run Behavior\ContentReplaceBehavior [ RunTime:0.000000s ]
INFO: [ template_filter ] --END-- [ RunTime:0.000000s ]
NOTIC: [8] Undefined variable: rolelist C:\wamp\www\Runtime\Cache\qpht\6289617b1f1764a67ee09827121d3f39.php 第 195 行.
NOTIC: [8] Undefined variable: page C:\wamp\www\Runtime\Cache\qpht\6289617b1f1764a67ee09827121d3f39.php 第 210 行.
INFO: Run Behavior\ParseTemplateBehavior [ RunTime:0.019000s ]
INFO: [ view_parse ] --END-- [ RunTime:0.019000s ]
INFO: [ view_filter ] --START--
INFO: Run Behavior\WriteHtmlCacheBehavior [ RunTime:0.000000s ]
INFO: [ view_filter ] --END-- [ RunTime:0.001000s ]
INFO: [ app_end ] --START--
INFO: Run Behavior\ShowPageTraceBehavior [ RunTime:0.001000s ]
INFO: [ app_end ] --END-- [ RunTime:0.001000s ]

[ 2018-05-02T16:55:36+08:00 ] ::1 /qpht.php/user/accountList
INFO: [ app_init ] --START--
INFO: Run Behavior\BuildLiteBehavior [ RunTime:0.000000s ]
INFO: Run Common\Behavior\InitHookBehavior [ RunTime:0.002000s ]
INFO: [ app_init ] --END-- [ RunTime:0.002000s ]
INFO: [ app_begin ] --START--
INFO: Run Behavior\ReadHtmlCacheBehavior [ RunTime:0.000000s ]
INFO: [ app_begin ] --END-- [ RunTime:0.001000s ]
SQL: SHOW COLUMNS FROM `qp_role` [ RunTime:0.0030s ]
SQL: SELECT `id`,`solename` FROM `qp_role` ORDER BY id  [ RunTime:0.0010s ]
SQL: SHOW COLUMNS FROM `qp_module` [ RunTime:0.0030s ]
SQL: SHOW COLUMNS FROM `qp_menu` [ RunTime:0.0020s ]
SQL: SELECT * FROM `qp_module` ORDER BY sortnum LIMIT 10   [ RunTime:0.0010s ]
SQL: SELECT * FROM `qp_menu` LIMIT 50   [ RunTime:0.0000s ]
INFO: [ view_parse ] --START--
INFO: [ template_filter ] --START--
INFO: Run Behavior\ContentReplaceBehavior [ RunTime:0.000000s ]
INFO: [ template_filter ] --END-- [ RunTime:0.000000s ]
NOTIC: [8] Undefined variable: rolelist C:\wamp\www\Runtime\Cache\qpht\6289617b1f1764a67ee09827121d3f39.php 第 195 行.
NOTIC: [8] Undefined variable: page C:\wamp\www\Runtime\Cache\qpht\6289617b1f1764a67ee09827121d3f39.php 第 210 行.
INFO: Run Behavior\ParseTemplateBehavior [ RunTime:0.019000s ]
INFO: [ view_parse ] --END-- [ RunTime:0.019000s ]
INFO: [ view_filter ] --START--
INFO: Run Behavior\WriteHtmlCacheBehavior [ RunTime:0.001000s ]
INFO: [ view_filter ] --END-- [ RunTime:0.001000s ]
INFO: [ app_end ] --START--
INFO: Run Behavior\ShowPageTraceBehavior [ RunTime:0.001000s ]
INFO: [ app_end ] --END-- [ RunTime:0.001000s ]

[ 2018-05-02T16:56:25+08:00 ] ::1 /qpht.php/user/accountList
INFO: [ app_init ] --START--
INFO: Run Behavior\BuildLiteBehavior [ RunTime:0.000000s ]
INFO: Run Common\Behavior\InitHookBehavior [ RunTime:0.002000s ]
INFO: [ app_init ] --END-- [ RunTime:0.002000s ]
INFO: [ app_begin ] --START--
INFO: Run Behavior\ReadHtmlCacheBehavior [ RunTime:0.000000s ]
INFO: [ app_begin ] --END-- [ RunTime:0.001000s ]
SQL: SHOW COLUMNS FROM `qp_role` [ RunTime:0.0030s ]
SQL: SELECT `id`,`solename` FROM `qp_role` ORDER BY id  [ RunTime:0.0010s ]
SQL: SHOW COLUMNS FROM `qp_module` [ RunTime:0.0030s ]
SQL: SHOW COLUMNS FROM `qp_menu` [ RunTime:0.0030s ]
SQL: SELECT * FROM `qp_module` ORDER BY sortnum LIMIT 10   [ RunTime:0.0000s ]
SQL: SELECT * FROM `qp_menu` LIMIT 50   [ RunTime:0.0000s ]
INFO: [ view_parse ] --START--
INFO: [ template_filter ] --START--
INFO: Run Behavior\ContentReplaceBehavior [ RunTime:0.000000s ]
INFO: [ template_filter ] --END-- [ RunTime:0.000000s ]
NOTIC: [8] Undefined variable: rolelist C:\wamp\www\Runtime\Cache\qpht\6289617b1f1764a67ee09827121d3f39.php 第 195 行.
NOTIC: [8] Undefined variable: page C:\wamp\www\Runtime\Cache\qpht\6289617b1f1764a67ee09827121d3f39.php 第 210 行.
INFO: Run Behavior\ParseTemplateBehavior [ RunTime:0.017000s ]
INFO: [ view_parse ] --END-- [ RunTime:0.017000s ]
INFO: [ view_filter ] --START--
INFO: Run Behavior\WriteHtmlCacheBehavior [ RunTime:0.001000s ]
INFO: [ view_filter ] --END-- [ RunTime:0.001000s ]
INFO: [ app_end ] --START--
INFO: Run Behavior\ShowPageTraceBehavior [ RunTime:0.001000s ]
INFO: [ app_end ] --END-- [ RunTime:0.001000s ]

[ 2018-05-02T16:57:06+08:00 ] ::1 /qpht.php/user/accountList
INFO: [ app_init ] --START--
INFO: Run Behavior\BuildLiteBehavior [ RunTime:0.000000s ]
INFO: Run Common\Behavior\InitHookBehavior [ RunTime:0.003000s ]
INFO: [ app_init ] --END-- [ RunTime:0.003000s ]
INFO: [ app_begin ] --START--
INFO: Run Behavior\ReadHtmlCacheBehavior [ RunTime:0.001000s ]
INFO: [ app_begin ] --END-- [ RunTime:0.001000s ]
SQL: SHOW COLUMNS FROM `qp_role` [ RunTime:0.0030s ]
SQL: SELECT `id`,`solename` FROM `qp_role` ORDER BY id  [ RunTime:0.0000s ]
SQL: SHOW COLUMNS FROM `qp_module` [ RunTime:0.0030s ]
SQL: SHOW COLUMNS FROM `qp_menu` [ RunTime:0.0020s ]
SQL: SELECT * FROM `qp_module` ORDER BY sortnum LIMIT 10   [ RunTime:0.0000s ]
SQL: SELECT * FROM `qp_menu` LIMIT 50   [ RunTime:0.0010s ]
INFO: [ view_parse ] --START--
INFO: [ template_filter ] --START--
INFO: Run Behavior\ContentReplaceBehavior [ RunTime:0.000000s ]
INFO: [ template_filter ] --END-- [ RunTime:0.000000s ]
NOTIC: [8] Undefined variable: rolelist C:\wamp\www\Runtime\Cache\qpht\6289617b1f1764a67ee09827121d3f39.php 第 195 行.
NOTIC: [8] Undefined variable: page C:\wamp\www\Runtime\Cache\qpht\6289617b1f1764a67ee09827121d3f39.php 第 210 行.
INFO: Run Behavior\ParseTemplateBehavior [ RunTime:0.017000s ]
INFO: [ view_parse ] --END-- [ RunTime:0.017000s ]
INFO: [ view_filter ] --START--
INFO: Run Behavior\WriteHtmlCacheBehavior [ RunTime:0.000000s ]
INFO: [ view_filter ] --END-- [ RunTime:0.000000s ]
INFO: [ app_end ] --START--
INFO: Run Behavior\ShowPageTraceBehavior [ RunTime:0.000000s ]
INFO: [ app_end ] --END-- [ RunTime:0.000000s ]

[ 2018-05-02T16:59:31+08:00 ] ::1 /qpht.php/user/accountList
INFO: [ app_init ] --START--
INFO: Run Behavior\BuildLiteBehavior [ RunTime:0.000000s ]
INFO: Run Common\Behavior\InitHookBehavior [ RunTime:0.001000s ]
INFO: [ app_init ] --END-- [ RunTime:0.002000s ]
INFO: [ app_begin ] --START--
INFO: Run Behavior\ReadHtmlCacheBehavior [ RunTime:0.000000s ]
INFO: [ app_begin ] --END-- [ RunTime:0.001000s ]
SQL: SHOW COLUMNS FROM `qp_role` [ RunTime:0.0030s ]
SQL: SELECT `id`,`solename` FROM `qp_role` ORDER BY id  [ RunTime:0.0000s ]
SQL: SHOW COLUMNS FROM `qp_module` [ RunTime:0.0030s ]
SQL: SHOW COLUMNS FROM `qp_menu` [ RunTime:0.0020s ]
SQL: SELECT * FROM `qp_module` ORDER BY sortnum LIMIT 10   [ RunTime:0.0010s ]
SQL: SELECT * FROM `qp_menu` LIMIT 50   [ RunTime:0.0010s ]
INFO: [ view_parse ] --START--
INFO: [ template_filter ] --START--
INFO: Run Behavior\ContentReplaceBehavior [ RunTime:0.000000s ]
INFO: [ template_filter ] --END-- [ RunTime:0.000000s ]
NOTIC: [8] Undefined variable: rolelist C:\wamp\www\Runtime\Cache\qpht\6289617b1f1764a67ee09827121d3f39.php 第 195 行.
NOTIC: [8] Undefined variable: page C:\wamp\www\Runtime\Cache\qpht\6289617b1f1764a67ee09827121d3f39.php 第 210 行.
INFO: Run Behavior\ParseTemplateBehavior [ RunTime:0.018000s ]
INFO: [ view_parse ] --END-- [ RunTime:0.018000s ]
INFO: [ view_filter ] --START--
INFO: Run Behavior\WriteHtmlCacheBehavior [ RunTime:0.000000s ]
INFO: [ view_filter ] --END-- [ RunTime:0.001000s ]
INFO: [ app_end ] --START--
INFO: Run Behavior\ShowPageTraceBehavior [ RunTime:0.001000s ]
INFO: [ app_end ] --END-- [ RunTime:0.001000s ]

[ 2018-05-02T17:02:10+08:00 ] ::1 /qpht.php/user/accountList
INFO: [ app_init ] --START--
INFO: Run Behavior\BuildLiteBehavior [ RunTime:0.000000s ]
INFO: Run Common\Behavior\InitHookBehavior [ RunTime:0.002000s ]
INFO: [ app_init ] --END-- [ RunTime:0.002000s ]
INFO: [ app_begin ] --START--
INFO: Run Behavior\ReadHtmlCacheBehavior [ RunTime:0.001000s ]
INFO: [ app_begin ] --END-- [ RunTime:0.001000s ]
SQL: SHOW COLUMNS FROM `qp_role` [ RunTime:0.0020s ]
SQL: SELECT `id`,`solename` FROM `qp_role` ORDER BY id  [ RunTime:0.0000s ]
SQL: SHOW COLUMNS FROM `qp_module` [ RunTime:0.0020s ]
SQL: SHOW COLUMNS FROM `qp_menu` [ RunTime:0.0030s ]
SQL: SELECT * FROM `qp_module` ORDER BY sortnum LIMIT 10   [ RunTime:0.0010s ]
SQL: SELECT * FROM `qp_menu` LIMIT 50   [ RunTime:0.0010s ]
INFO: [ view_parse ] --START--
INFO: [ template_filter ] --START--
INFO: Run Behavior\ContentReplaceBehavior [ RunTime:0.000000s ]
INFO: [ template_filter ] --END-- [ RunTime:0.000000s ]
NOTIC: [8] Undefined variable: rolelist C:\wamp\www\Runtime\Cache\qpht\6289617b1f1764a67ee09827121d3f39.php 第 195 行.
NOTIC: [8] Undefined variable: page C:\wamp\www\Runtime\Cache\qpht\6289617b1f1764a67ee09827121d3f39.php 第 210 行.
INFO: Run Behavior\ParseTemplateBehavior [ RunTime:0.017000s ]
INFO: [ view_parse ] --END-- [ RunTime:0.017000s ]
INFO: [ view_filter ] --START--
INFO: Run Behavior\WriteHtmlCacheBehavior [ RunTime:0.001000s ]
INFO: [ view_filter ] --END-- [ RunTime:0.001000s ]
INFO: [ app_end ] --START--
INFO: Run Behavior\ShowPageTraceBehavior [ RunTime:0.001000s ]
INFO: [ app_end ] --END-- [ RunTime:0.001000s ]

[ 2018-05-02T17:03:00+08:00 ] ::1 /qpht.php/user/accountList
INFO: [ app_init ] --START--
INFO: Run Behavior\BuildLiteBehavior [ RunTime:0.000000s ]
INFO: Run Common\Behavior\InitHookBehavior [ RunTime:0.002000s ]
INFO: [ app_init ] --END-- [ RunTime:0.003000s ]
INFO: [ app_begin ] --START--
INFO: Run Behavior\ReadHtmlCacheBehavior [ RunTime:0.001000s ]
INFO: [ app_begin ] --END-- [ RunTime:0.001000s ]
SQL: SHOW COLUMNS FROM `qp_role` [ RunTime:0.0020s ]
SQL: SELECT `id`,`solename` FROM `qp_role` ORDER BY id  [ RunTime:0.0000s ]
SQL: SHOW COLUMNS FROM `qp_module` [ RunTime:0.0030s ]
SQL: SHOW COLUMNS FROM `qp_menu` [ RunTime:0.0020s ]
SQL: SELECT * FROM `qp_module` ORDER BY sortnum LIMIT 10   [ RunTime:0.0010s ]
SQL: SELECT * FROM `qp_menu` LIMIT 50   [ RunTime:0.0000s ]
INFO: [ view_parse ] --START--
INFO: [ template_filter ] --START--
INFO: Run Behavior\ContentReplaceBehavior [ RunTime:0.000000s ]
INFO: [ template_filter ] --END-- [ RunTime:0.001000s ]
NOTIC: [8] Undefined variable: rolelist C:\wamp\www\Runtime\Cache\qpht\6289617b1f1764a67ee09827121d3f39.php 第 195 行.
NOTIC: [8] Undefined variable: page C:\wamp\www\Runtime\Cache\qpht\6289617b1f1764a67ee09827121d3f39.php 第 210 行.
INFO: Run Behavior\ParseTemplateBehavior [ RunTime:0.016000s ]
INFO: [ view_parse ] --END-- [ RunTime:0.016000s ]
INFO: [ view_filter ] --START--
INFO: Run Behavior\WriteHtmlCacheBehavior [ RunTime:0.000000s ]
INFO: [ view_filter ] --END-- [ RunTime:0.001000s ]
INFO: [ app_end ] --START--
INFO: Run Behavior\ShowPageTraceBehavior [ RunTime:0.001000s ]
INFO: [ app_end ] --END-- [ RunTime:0.001000s ]

[ 2018-05-02T17:03:17+08:00 ] ::1 /qpht.php/user/accountList
INFO: [ app_init ] --START--
INFO: Run Behavior\BuildLiteBehavior [ RunTime:0.000000s ]
INFO: Run Common\Behavior\InitHookBehavior [ RunTime:0.002000s ]
INFO: [ app_init ] --END-- [ RunTime:0.002000s ]
INFO: [ app_begin ] --START--
INFO: Run Behavior\ReadHtmlCacheBehavior [ RunTime:0.001000s ]
INFO: [ app_begin ] --END-- [ RunTime:0.001000s ]
SQL: SHOW COLUMNS FROM `qp_role` [ RunTime:0.0020s ]
SQL: SELECT `id`,`solename` FROM `qp_role` ORDER BY id  [ RunTime:0.0000s ]
SQL: SHOW COLUMNS FROM `qp_module` [ RunTime:0.0020s ]
SQL: SHOW COLUMNS FROM `qp_menu` [ RunTime:0.0020s ]
SQL: SELECT * FROM `qp_module` ORDER BY sortnum LIMIT 10   [ RunTime:0.0000s ]
SQL: SELECT * FROM `qp_menu` LIMIT 50   [ RunTime:0.0010s ]
INFO: [ view_parse ] --START--
INFO: [ template_filter ] --START--
INFO: Run Behavior\ContentReplaceBehavior [ RunTime:0.001000s ]
INFO: [ template_filter ] --END-- [ RunTime:0.001000s ]
NOTIC: [8] Undefined variable: rolelist C:\wamp\www\Runtime\Cache\qpht\6289617b1f1764a67ee09827121d3f39.php 第 195 行.
NOTIC: [8] Undefined variable: page C:\wamp\www\Runtime\Cache\qpht\6289617b1f1764a67ee09827121d3f39.php 第 210 行.
INFO: Run Behavior\ParseTemplateBehavior [ RunTime:0.017000s ]
INFO: [ view_parse ] --END-- [ RunTime:0.017000s ]
INFO: [ view_filter ] --START--
INFO: Run Behavior\WriteHtmlCacheBehavior [ RunTime:0.001000s ]
INFO: [ view_filter ] --END-- [ RunTime:0.001000s ]
INFO: [ app_end ] --START--
INFO: Run Behavior\ShowPageTraceBehavior [ RunTime:0.001000s ]
INFO: [ app_end ] --END-- [ RunTime:0.001000s ]

[ 2018-05-02T17:03:38+08:00 ] ::1 /qpht.php/user/accountList
INFO: [ app_init ] --START--
INFO: Run Behavior\BuildLiteBehavior [ RunTime:0.000000s ]
INFO: Run Common\Behavior\InitHookBehavior [ RunTime:0.002000s ]
INFO: [ app_init ] --END-- [ RunTime:0.002000s ]
INFO: [ app_begin ] --START--
INFO: Run Behavior\ReadHtmlCacheBehavior [ RunTime:0.001000s ]
INFO: [ app_begin ] --END-- [ RunTime:0.001000s ]
SQL: SHOW COLUMNS FROM `qp_role` [ RunTime:0.0020s ]
SQL: SELECT `id`,`solename` FROM `qp_role` ORDER BY id  [ RunTime:0.0010s ]
SQL: SHOW COLUMNS FROM `qp_module` [ RunTime:0.0030s ]
SQL: SHOW COLUMNS FROM `qp_menu` [ RunTime:0.0030s ]
SQL: SELECT * FROM `qp_module` ORDER BY sortnum LIMIT 10   [ RunTime:0.0000s ]
SQL: SELECT * FROM `qp_menu` LIMIT 50   [ RunTime:0.0010s ]
INFO: [ view_parse ] --START--
INFO: [ template_filter ] --START--
INFO: Run Behavior\ContentReplaceBehavior [ RunTime:0.001000s ]
INFO: [ template_filter ] --END-- [ RunTime:0.001000s ]
NOTIC: [8] Undefined variable: rolelist C:\wamp\www\Runtime\Cache\qpht\6289617b1f1764a67ee09827121d3f39.php 第 195 行.
NOTIC: [8] Undefined variable: page C:\wamp\www\Runtime\Cache\qpht\6289617b1f1764a67ee09827121d3f39.php 第 210 行.
INFO: Run Behavior\ParseTemplateBehavior [ RunTime:0.017000s ]
INFO: [ view_parse ] --END-- [ RunTime:0.018000s ]
INFO: [ view_filter ] --START--
INFO: Run Behavior\WriteHtmlCacheBehavior [ RunTime:0.000000s ]
INFO: [ view_filter ] --END-- [ RunTime:0.000000s ]
INFO: [ app_end ] --START--
INFO: Run Behavior\ShowPageTraceBehavior [ RunTime:0.001000s ]
INFO: [ app_end ] --END-- [ RunTime:0.001000s ]

[ 2018-05-02T17:04:17+08:00 ] ::1 /qpht.php/user/accountList
INFO: [ app_init ] --START--
INFO: Run Behavior\BuildLiteBehavior [ RunTime:0.000000s ]
INFO: Run Common\Behavior\InitHookBehavior [ RunTime:0.002000s ]
INFO: [ app_init ] --END-- [ RunTime:0.002000s ]
INFO: [ app_begin ] --START--
INFO: Run Behavior\ReadHtmlCacheBehavior [ RunTime:0.001000s ]
INFO: [ app_begin ] --END-- [ RunTime:0.001000s ]
SQL: SHOW COLUMNS FROM `qp_role` [ RunTime:0.0030s ]
SQL: SELECT `id`,`solename` FROM `qp_role` ORDER BY id  [ RunTime:0.0000s ]
SQL: SHOW COLUMNS FROM `qp_module` [ RunTime:0.0020s ]
SQL: SHOW COLUMNS FROM `qp_menu` [ RunTime:0.0030s ]
SQL: SELECT * FROM `qp_module` ORDER BY sortnum LIMIT 10   [ RunTime:0.0010s ]
SQL: SELECT * FROM `qp_menu` LIMIT 50   [ RunTime:0.0010s ]
INFO: [ view_parse ] --START--
INFO: [ template_filter ] --START--
INFO: Run Behavior\ContentReplaceBehavior [ RunTime:0.001000s ]
INFO: [ template_filter ] --END-- [ RunTime:0.001000s ]
NOTIC: [8] Undefined variable: rolelist C:\wamp\www\Runtime\Cache\qpht\6289617b1f1764a67ee09827121d3f39.php 第 195 行.
NOTIC: [8] Undefined variable: page C:\wamp\www\Runtime\Cache\qpht\6289617b1f1764a67ee09827121d3f39.php 第 210 行.
INFO: Run Behavior\ParseTemplateBehavior [ RunTime:0.018000s ]
INFO: [ view_parse ] --END-- [ RunTime:0.019000s ]
INFO: [ view_filter ] --START--
INFO: Run Behavior\WriteHtmlCacheBehavior [ RunTime:0.001000s ]
INFO: [ view_filter ] --END-- [ RunTime:0.001000s ]
INFO: [ app_end ] --START--
INFO: Run Behavior\ShowPageTraceBehavior [ RunTime:0.000000s ]
INFO: [ app_end ] --END-- [ RunTime:0.001000s ]

[ 2018-05-02T17:05:06+08:00 ] ::1 /qpht.php/user/accountList
INFO: [ app_init ] --START--
INFO: Run Behavior\BuildLiteBehavior [ RunTime:0.000000s ]
INFO: Run Common\Behavior\InitHookBehavior [ RunTime:0.003000s ]
INFO: [ app_init ] --END-- [ RunTime:0.003000s ]
INFO: [ app_begin ] --START--
INFO: Run Behavior\ReadHtmlCacheBehavior [ RunTime:0.001000s ]
INFO: [ app_begin ] --END-- [ RunTime:0.001000s ]
SQL: SHOW COLUMNS FROM `qp_role` [ RunTime:0.0020s ]
SQL: SELECT `id`,`solename` FROM `qp_role` ORDER BY id  [ RunTime:0.0000s ]
SQL: SHOW COLUMNS FROM `qp_module` [ RunTime:0.0020s ]
SQL: SHOW COLUMNS FROM `qp_menu` [ RunTime:0.0030s ]
SQL: SELECT * FROM `qp_module` ORDER BY sortnum LIMIT 10   [ RunTime:0.0000s ]
SQL: SELECT * FROM `qp_menu` LIMIT 50   [ RunTime:0.0000s ]
INFO: [ view_parse ] --START--
INFO: [ template_filter ] --START--
INFO: Run Behavior\ContentReplaceBehavior [ RunTime:0.000000s ]
INFO: [ template_filter ] --END-- [ RunTime:0.000000s ]
NOTIC: [8] Undefined variable: rolelist C:\wamp\www\Runtime\Cache\qpht\6289617b1f1764a67ee09827121d3f39.php 第 195 行.
NOTIC: [8] Undefined variable: page C:\wamp\www\Runtime\Cache\qpht\6289617b1f1764a67ee09827121d3f39.php 第 210 行.
INFO: Run Behavior\ParseTemplateBehavior [ RunTime:0.016000s ]
INFO: [ view_parse ] --END-- [ RunTime:0.016000s ]
INFO: [ view_filter ] --START--
INFO: Run Behavior\WriteHtmlCacheBehavior [ RunTime:0.001000s ]
INFO: [ view_filter ] --END-- [ RunTime:0.001000s ]
INFO: [ app_end ] --START--
INFO: Run Behavior\ShowPageTraceBehavior [ RunTime:0.001000s ]
INFO: [ app_end ] --END-- [ RunTime:0.001000s ]

[ 2018-05-02T17:06:20+08:00 ] ::1 /qpht.php/user/accountList
INFO: [ app_init ] --START--
INFO: Run Behavior\BuildLiteBehavior [ RunTime:0.000000s ]
INFO: Run Common\Behavior\InitHookBehavior [ RunTime:0.002000s ]
INFO: [ app_init ] --END-- [ RunTime:0.002000s ]
INFO: [ app_begin ] --START--
INFO: Run Behavior\ReadHtmlCacheBehavior [ RunTime:0.001000s ]
INFO: [ app_begin ] --END-- [ RunTime:0.001000s ]
SQL: SHOW COLUMNS FROM `qp_role` [ RunTime:0.0030s ]
SQL: SELECT `id`,`solename` FROM `qp_role` ORDER BY id  [ RunTime:0.0010s ]
SQL: SHOW COLUMNS FROM `qp_module` [ RunTime:0.0030s ]
SQL: SHOW COLUMNS FROM `qp_menu` [ RunTime:0.0020s ]
SQL: SELECT * FROM `qp_module` ORDER BY sortnum LIMIT 10   [ RunTime:0.0000s ]
SQL: SELECT * FROM `qp_menu` LIMIT 50   [ RunTime:0.0000s ]
INFO: [ view_parse ] --START--
INFO: [ template_filter ] --START--
INFO: Run Behavior\ContentReplaceBehavior [ RunTime:0.000000s ]
INFO: [ template_filter ] --END-- [ RunTime:0.000000s ]
NOTIC: [8] Undefined variable: rolelist C:\wamp\www\Runtime\Cache\qpht\6289617b1f1764a67ee09827121d3f39.php 第 195 行.
NOTIC: [8] Undefined variable: page C:\wamp\www\Runtime\Cache\qpht\6289617b1f1764a67ee09827121d3f39.php 第 210 行.
INFO: Run Behavior\ParseTemplateBehavior [ RunTime:0.017000s ]
INFO: [ view_parse ] --END-- [ RunTime:0.017000s ]
INFO: [ view_filter ] --START--
INFO: Run Behavior\WriteHtmlCacheBehavior [ RunTime:0.000000s ]
INFO: [ view_filter ] --END-- [ RunTime:0.001000s ]
INFO: [ app_end ] --START--
INFO: Run Behavior\ShowPageTraceBehavior [ RunTime:0.000000s ]
INFO: [ app_end ] --END-- [ RunTime:0.001000s ]

[ 2018-05-02T17:07:01+08:00 ] ::1 /qpht.php/user/accountList
INFO: [ app_init ] --START--
INFO: Run Behavior\BuildLiteBehavior [ RunTime:0.000000s ]
INFO: Run Common\Behavior\InitHookBehavior [ RunTime:0.002000s ]
INFO: [ app_init ] --END-- [ RunTime:0.002000s ]
INFO: [ app_begin ] --START--
INFO: Run Behavior\ReadHtmlCacheBehavior [ RunTime:0.000000s ]
INFO: [ app_begin ] --END-- [ RunTime:0.000000s ]
SQL: SHOW COLUMNS FROM `qp_role` [ RunTime:0.0020s ]
SQL: SELECT `id`,`solename` FROM `qp_role` ORDER BY id  [ RunTime:0.0000s ]
SQL: SHOW COLUMNS FROM `qp_module` [ RunTime:0.0020s ]
SQL: SHOW COLUMNS FROM `qp_menu` [ RunTime:0.0020s ]
SQL: SELECT * FROM `qp_module` ORDER BY sortnum LIMIT 10   [ RunTime:0.0000s ]
SQL: SELECT * FROM `qp_menu` LIMIT 50   [ RunTime:0.0010s ]
INFO: [ view_parse ] --START--
INFO: [ template_filter ] --START--
INFO: Run Behavior\ContentReplaceBehavior [ RunTime:0.000000s ]
INFO: [ template_filter ] --END-- [ RunTime:0.000000s ]
NOTIC: [8] Undefined variable: rolelist C:\wamp\www\Runtime\Cache\qpht\6289617b1f1764a67ee09827121d3f39.php 第 195 行.
NOTIC: [8] Undefined variable: page C:\wamp\www\Runtime\Cache\qpht\6289617b1f1764a67ee09827121d3f39.php 第 210 行.
INFO: Run Behavior\ParseTemplateBehavior [ RunTime:0.017000s ]
INFO: [ view_parse ] --END-- [ RunTime:0.017000s ]
INFO: [ view_filter ] --START--
INFO: Run Behavior\WriteHtmlCacheBehavior [ RunTime:0.000000s ]
INFO: [ view_filter ] --END-- [ RunTime:0.000000s ]
INFO: [ app_end ] --START--
INFO: Run Behavior\ShowPageTraceBehavior [ RunTime:0.000000s ]
INFO: [ app_end ] --END-- [ RunTime:0.000000s ]

[ 2018-05-02T17:07:37+08:00 ] ::1 /qpht.php/user/accountList
INFO: [ app_init ] --START--
INFO: Run Behavior\BuildLiteBehavior [ RunTime:0.000000s ]
INFO: Run Common\Behavior\InitHookBehavior [ RunTime:0.002000s ]
INFO: [ app_init ] --END-- [ RunTime:0.002000s ]
INFO: [ app_begin ] --START--
INFO: Run Behavior\ReadHtmlCacheBehavior [ RunTime:0.001000s ]
INFO: [ app_begin ] --END-- [ RunTime:0.001000s ]
SQL: SHOW COLUMNS FROM `qp_role` [ RunTime:0.0020s ]
SQL: SELECT `id`,`solename` FROM `qp_role` ORDER BY id  [ RunTime:0.0010s ]
SQL: SHOW COLUMNS FROM `qp_module` [ RunTime:0.0020s ]
SQL: SHOW COLUMNS FROM `qp_menu` [ RunTime:0.0030s ]
SQL: SELECT * FROM `qp_module` ORDER BY sortnum LIMIT 10   [ RunTime:0.0000s ]
SQL: SELECT * FROM `qp_menu` LIMIT 50   [ RunTime:0.0000s ]
INFO: [ view_parse ] --START--
INFO: [ template_filter ] --START--
INFO: Run Behavior\ContentReplaceBehavior [ RunTime:0.000000s ]
INFO: [ template_filter ] --END-- [ RunTime:0.001000s ]
NOTIC: [8] Undefined variable: rolelist C:\wamp\www\Runtime\Cache\qpht\6289617b1f1764a67ee09827121d3f39.php 第 195 行.
NOTIC: [8] Undefined variable: page C:\wamp\www\Runtime\Cache\qpht\6289617b1f1764a67ee09827121d3f39.php 第 210 行.
INFO: Run Behavior\ParseTemplateBehavior [ RunTime:0.018000s ]
INFO: [ view_parse ] --END-- [ RunTime:0.018000s ]
INFO: [ view_filter ] --START--
INFO: Run Behavior\WriteHtmlCacheBehavior [ RunTime:0.000000s ]
INFO: [ view_filter ] --END-- [ RunTime:0.000000s ]
INFO: [ app_end ] --START--
INFO: Run Behavior\ShowPageTraceBehavior [ RunTime:0.000000s ]
INFO: [ app_end ] --END-- [ RunTime:0.001000s ]

[ 2018-05-02T17:08:05+08:00 ] ::1 /qpht.php/user/accountList
INFO: [ app_init ] --START--
INFO: Run Behavior\BuildLiteBehavior [ RunTime:0.000000s ]
INFO: Run Common\Behavior\InitHookBehavior [ RunTime:0.002000s ]
INFO: [ app_init ] --END-- [ RunTime:0.003000s ]
INFO: [ app_begin ] --START--
INFO: Run Behavior\ReadHtmlCacheBehavior [ RunTime:0.000000s ]
INFO: [ app_begin ] --END-- [ RunTime:0.000000s ]
SQL: SHOW COLUMNS FROM `qp_role` [ RunTime:0.0030s ]
SQL: SELECT `id`,`solename` FROM `qp_role` ORDER BY id  [ RunTime:0.0000s ]
SQL: SHOW COLUMNS FROM `qp_module` [ RunTime:0.0030s ]
SQL: SHOW COLUMNS FROM `qp_menu` [ RunTime:0.0030s ]
SQL: SELECT * FROM `qp_module` ORDER BY sortnum LIMIT 10   [ RunTime:0.0010s ]
SQL: SELECT * FROM `qp_menu` LIMIT 50   [ RunTime:0.0000s ]
INFO: [ view_parse ] --START--
INFO: [ template_filter ] --START--
INFO: Run Behavior\ContentReplaceBehavior [ RunTime:0.000000s ]
INFO: [ template_filter ] --END-- [ RunTime:0.001000s ]
NOTIC: [8] Undefined variable: rolelist C:\wamp\www\Runtime\Cache\qpht\6289617b1f1764a67ee09827121d3f39.php 第 195 行.
NOTIC: [8] Undefined variable: page C:\wamp\www\Runtime\Cache\qpht\6289617b1f1764a67ee09827121d3f39.php 第 210 行.
INFO: Run Behavior\ParseTemplateBehavior [ RunTime:0.019000s ]
INFO: [ view_parse ] --END-- [ RunTime:0.019000s ]
INFO: [ view_filter ] --START--
INFO: Run Behavior\WriteHtmlCacheBehavior [ RunTime:0.000000s ]
INFO: [ view_filter ] --END-- [ RunTime:0.001000s ]
INFO: [ app_end ] --START--
INFO: Run Behavior\ShowPageTraceBehavior [ RunTime:0.001000s ]
INFO: [ app_end ] --END-- [ RunTime:0.001000s ]

[ 2018-05-02T17:08:23+08:00 ] ::1 /qpht.php/user/accountList
INFO: [ app_init ] --START--
INFO: Run Behavior\BuildLiteBehavior [ RunTime:0.000000s ]
INFO: Run Common\Behavior\InitHookBehavior [ RunTime:0.002000s ]
INFO: [ app_init ] --END-- [ RunTime:0.003000s ]
INFO: [ app_begin ] --START--
INFO: Run Behavior\ReadHtmlCacheBehavior [ RunTime:0.001000s ]
INFO: [ app_begin ] --END-- [ RunTime:0.001000s ]
SQL: SHOW COLUMNS FROM `qp_role` [ RunTime:0.0020s ]
SQL: SELECT `id`,`solename` FROM `qp_role` ORDER BY id  [ RunTime:0.0000s ]
SQL: SHOW COLUMNS FROM `qp_module` [ RunTime:0.0020s ]
SQL: SHOW COLUMNS FROM `qp_menu` [ RunTime:0.0030s ]
SQL: SELECT * FROM `qp_module` ORDER BY sortnum LIMIT 10   [ RunTime:0.0010s ]
SQL: SELECT * FROM `qp_menu` LIMIT 50   [ RunTime:0.0010s ]
INFO: [ view_parse ] --START--
INFO: [ template_filter ] --START--
INFO: Run Behavior\ContentReplaceBehavior [ RunTime:0.000000s ]
INFO: [ template_filter ] --END-- [ RunTime:0.000000s ]
NOTIC: [8] Undefined variable: rolelist C:\wamp\www\Runtime\Cache\qpht\6289617b1f1764a67ee09827121d3f39.php 第 195 行.
NOTIC: [8] Undefined variable: page C:\wamp\www\Runtime\Cache\qpht\6289617b1f1764a67ee09827121d3f39.php 第 210 行.
INFO: Run Behavior\ParseTemplateBehavior [ RunTime:0.016000s ]
INFO: [ view_parse ] --END-- [ RunTime:0.017000s ]
INFO: [ view_filter ] --START--
INFO: Run Behavior\WriteHtmlCacheBehavior [ RunTime:0.000000s ]
INFO: [ view_filter ] --END-- [ RunTime:0.000000s ]
INFO: [ app_end ] --START--
INFO: Run Behavior\ShowPageTraceBehavior [ RunTime:0.000000s ]
INFO: [ app_end ] --END-- [ RunTime:0.001000s ]

[ 2018-05-02T17:08:24+08:00 ] ::1 /qpht.php/user/accountList
INFO: [ app_init ] --START--
INFO: Run Behavior\BuildLiteBehavior [ RunTime:0.000000s ]
INFO: Run Common\Behavior\InitHookBehavior [ RunTime:0.002000s ]
INFO: [ app_init ] --END-- [ RunTime:0.002000s ]
INFO: [ app_begin ] --START--
INFO: Run Behavior\ReadHtmlCacheBehavior [ RunTime:0.000000s ]
INFO: [ app_begin ] --END-- [ RunTime:0.001000s ]
SQL: SHOW COLUMNS FROM `qp_role` [ RunTime:0.0030s ]
SQL: SELECT `id`,`solename` FROM `qp_role` ORDER BY id  [ RunTime:0.0000s ]
SQL: SHOW COLUMNS FROM `qp_module` [ RunTime:0.0030s ]
SQL: SHOW COLUMNS FROM `qp_menu` [ RunTime:0.0030s ]
SQL: SELECT * FROM `qp_module` ORDER BY sortnum LIMIT 10   [ RunTime:0.0010s ]
SQL: SELECT * FROM `qp_menu` LIMIT 50   [ RunTime:0.0000s ]
INFO: [ view_parse ] --START--
INFO: [ template_filter ] --START--
INFO: Run Behavior\ContentReplaceBehavior [ RunTime:0.000000s ]
INFO: [ template_filter ] --END-- [ RunTime:0.001000s ]
NOTIC: [8] Undefined variable: rolelist C:\wamp\www\Runtime\Cache\qpht\6289617b1f1764a67ee09827121d3f39.php 第 195 行.
NOTIC: [8] Undefined variable: page C:\wamp\www\Runtime\Cache\qpht\6289617b1f1764a67ee09827121d3f39.php 第 210 行.
INFO: Run Behavior\ParseTemplateBehavior [ RunTime:0.018000s ]
INFO: [ view_parse ] --END-- [ RunTime:0.018000s ]
INFO: [ view_filter ] --START--
INFO: Run Behavior\WriteHtmlCacheBehavior [ RunTime:0.001000s ]
INFO: [ view_filter ] --END-- [ RunTime:0.001000s ]
INFO: [ app_end ] --START--
INFO: Run Behavior\ShowPageTraceBehavior [ RunTime:0.001000s ]
INFO: [ app_end ] --END-- [ RunTime:0.001000s ]

[ 2018-05-02T17:18:02+08:00 ] ::1 /qpht.php/user/accountList
INFO: [ app_init ] --START--
INFO: Run Behavior\BuildLiteBehavior [ RunTime:0.000000s ]
INFO: Run Common\Behavior\InitHookBehavior [ RunTime:0.003000s ]
INFO: [ app_init ] --END-- [ RunTime:0.003000s ]
INFO: [ app_begin ] --START--
INFO: Run Behavior\ReadHtmlCacheBehavior [ RunTime:0.001000s ]
INFO: [ app_begin ] --END-- [ RunTime:0.001000s ]
SQL: SHOW COLUMNS FROM `qp_role` [ RunTime:0.0030s ]
SQL: SELECT `id`,`solename` FROM `qp_role` ORDER BY id  [ RunTime:0.0010s ]
SQL: SHOW COLUMNS FROM `qp_module` [ RunTime:0.0020s ]
SQL: SHOW COLUMNS FROM `qp_menu` [ RunTime:0.0030s ]
SQL: SELECT * FROM `qp_module` ORDER BY sortnum LIMIT 10   [ RunTime:0.0010s ]
SQL: SELECT * FROM `qp_menu` LIMIT 50   [ RunTime:0.0000s ]
INFO: [ view_parse ] --START--
INFO: [ template_filter ] --START--
INFO: Run Behavior\ContentReplaceBehavior [ RunTime:0.000000s ]
INFO: [ template_filter ] --END-- [ RunTime:0.000000s ]
NOTIC: [8] Undefined variable: rolelist C:\wamp\www\Runtime\Cache\qpht\6289617b1f1764a67ee09827121d3f39.php 第 195 行.
NOTIC: [8] Undefined variable: page C:\wamp\www\Runtime\Cache\qpht\6289617b1f1764a67ee09827121d3f39.php 第 210 行.
INFO: Run Behavior\ParseTemplateBehavior [ RunTime:0.018000s ]
INFO: [ view_parse ] --END-- [ RunTime:0.019000s ]
INFO: [ view_filter ] --START--
INFO: Run Behavior\WriteHtmlCacheBehavior [ RunTime:0.000000s ]
INFO: [ view_filter ] --END-- [ RunTime:0.000000s ]
INFO: [ app_end ] --START--
INFO: Run Behavior\ShowPageTraceBehavior [ RunTime:0.001000s ]
INFO: [ app_end ] --END-- [ RunTime:0.001000s ]

