[ 2018-04-20T16:47:31+08:00 ] ::1 /gameinterface.php/Index/userVaildate?userid=aabbcc&nickname=cc&headimage=aaa&sex=1&token=123456
INFO: [ app_init ] --START--
INFO: Run Behavior\BuildLiteBehavior [ RunTime:0.000060s ]
SQL: SHOW COLUMNS FROM `sys_hooks` [ RunTime:0.0011s ]
SQL: SELECT `name`,`addons` FROM `sys_hooks`  [ RunTime:0.0003s ]
SQL: SHOW COLUMNS FROM `sys_addons` [ RunTime:0.0007s ]
SQL: SELECT `id`,`name` FROM `sys_addons` WHERE `status` = 1 AND `name` IN ('ReturnTop')  [ RunTime:0.0005s ]
SQL: SELECT `id`,`name` FROM `sys_addons` WHERE `status` = 1 AND `name` IN ('Attachment')  [ RunTime:0.0003s ]
SQL: SELECT `id`,`name` FROM `sys_addons` WHERE `status` = 1 AND `name` IN ('Attachment','SocialComment')  [ RunTime:0.0003s ]
SQL: SELECT `id`,`name` FROM `sys_addons` WHERE `status` = 1 AND `name` IN ('Attachment')  [ RunTime:0.0003s ]
SQL: SELECT `id`,`name` FROM `sys_addons` WHERE `status` = 1 AND `name` IN ('Editor')  [ RunTime:0.0003s ]
SQL: SELECT `id`,`name` FROM `sys_addons` WHERE `status` = 1 AND `name` IN ('EditorForAdmin')  [ RunTime:0.0004s ]
SQL: SELECT `id`,`name` FROM `sys_addons` WHERE `status` = 1 AND `name` IN ('SiteStat','SystemInfo')  [ RunTime:0.0004s ]
SQL: SELECT `id`,`name` FROM `sys_addons` WHERE `status` = 1 AND `name` IN ('Editor')  [ RunTime:0.0008s ]
SQL: SELECT `id`,`name` FROM `sys_addons` WHERE `status` = 1 AND `name` IN ('UploadImages')  [ RunTime:0.0012s ]
INFO: Run Common\Behavior\InitHookBehavior [ RunTime:0.034348s ]
INFO: [ app_init ] --END-- [ RunTime:0.034678s ]
INFO: [ app_begin ] --START--
INFO: Run Behavior\ReadHtmlCacheBehavior [ RunTime:0.000675s ]
INFO: [ app_begin ] --END-- [ RunTime:0.000788s ]
ERR: 1146:Table 'syempty.gi_user' doesn't exist
 [ SQL语句 ] : SHOW COLUMNS FROM `gi_user`
ERR: 1146:Table 'syempty.gi_user' doesn't exist
 [ SQL语句 ] : SHOW COLUMNS FROM `gi_user`

[ 2018-04-20T16:47:32+08:00 ] ::1 /gameinterface.php/Index/userVaildate?userid=aabbcc&nickname=cc&headimage=aaa&sex=1&token=123456
INFO: [ app_init ] --START--
INFO: Run Behavior\BuildLiteBehavior [ RunTime:0.000025s ]
INFO: Run Common\Behavior\InitHookBehavior [ RunTime:0.002497s ]
INFO: [ app_init ] --END-- [ RunTime:0.002703s ]
INFO: [ app_begin ] --START--
INFO: Run Behavior\ReadHtmlCacheBehavior [ RunTime:0.001234s ]
INFO: [ app_begin ] --END-- [ RunTime:0.001346s ]
SQL: SHOW COLUMNS FROM `gi_user` [ RunTime:0.0009s ]
SQL: SELECT `id` FROM `gi_user` WHERE `userid` = 0 LIMIT 1   [ RunTime:0.0009s ]
NOTIC: [8] Undefined index: validate D:\wamp\www\ThinkPHP\Library\Think\Model.class.php 第 1184 行.
INFO: [ app_end ] --START--
INFO: Run Behavior\ShowPageTraceBehavior [ RunTime:0.000953s ]
INFO: [ app_end ] --END-- [ RunTime:0.001073s ]

[ 2018-04-20T16:47:32+08:00 ] ::1 /gameinterface.php/Index/userVaildate?userid=aabbcc&nickname=cc&headimage=aaa&sex=1&token=123456
INFO: [ app_init ] --START--
INFO: Run Behavior\BuildLiteBehavior [ RunTime:0.000073s ]
INFO: Run Common\Behavior\InitHookBehavior [ RunTime:0.003199s ]
INFO: [ app_init ] --END-- [ RunTime:0.003711s ]
INFO: [ app_begin ] --START--
INFO: Run Behavior\ReadHtmlCacheBehavior [ RunTime:0.000732s ]
INFO: [ app_begin ] --END-- [ RunTime:0.000841s ]
SQL: SHOW COLUMNS FROM `gi_user` [ RunTime:0.0007s ]
SQL: SELECT `id` FROM `gi_user` WHERE `userid` = 0 LIMIT 1   [ RunTime:0.0003s ]
NOTIC: [8] Undefined index: validate D:\wamp\www\ThinkPHP\Library\Think\Model.class.php 第 1184 行.
INFO: [ app_end ] --START--
INFO: Run Behavior\ShowPageTraceBehavior [ RunTime:0.000804s ]
INFO: [ app_end ] --END-- [ RunTime:0.000904s ]

[ 2018-04-20T16:47:33+08:00 ] ::1 /gameinterface.php/Index/userVaildate?userid=aabbcc&nickname=cc&headimage=aaa&sex=1&token=123456
INFO: [ app_init ] --START--
INFO: Run Behavior\BuildLiteBehavior [ RunTime:0.000020s ]
INFO: Run Common\Behavior\InitHookBehavior [ RunTime:0.004231s ]
INFO: [ app_init ] --END-- [ RunTime:0.004507s ]
INFO: [ app_begin ] --START--
INFO: Run Behavior\ReadHtmlCacheBehavior [ RunTime:0.000660s ]
INFO: [ app_begin ] --END-- [ RunTime:0.000791s ]
SQL: SHOW COLUMNS FROM `gi_user` [ RunTime:0.0006s ]
SQL: SELECT `id` FROM `gi_user` WHERE `userid` = 0 LIMIT 1   [ RunTime:0.0003s ]
NOTIC: [8] Undefined index: validate D:\wamp\www\ThinkPHP\Library\Think\Model.class.php 第 1184 行.
INFO: [ app_end ] --START--
INFO: Run Behavior\ShowPageTraceBehavior [ RunTime:0.000728s ]
INFO: [ app_end ] --END-- [ RunTime:0.000838s ]

[ 2018-04-20T16:47:33+08:00 ] ::1 /gameinterface.php/Index/userVaildate?userid=aabbcc&nickname=cc&headimage=aaa&sex=1&token=123456
INFO: [ app_init ] --START--
INFO: Run Behavior\BuildLiteBehavior [ RunTime:0.000028s ]
INFO: Run Common\Behavior\InitHookBehavior [ RunTime:0.003624s ]
INFO: [ app_init ] --END-- [ RunTime:0.003861s ]
INFO: [ app_begin ] --START--
INFO: Run Behavior\ReadHtmlCacheBehavior [ RunTime:0.000591s ]
INFO: [ app_begin ] --END-- [ RunTime:0.000702s ]
SQL: SHOW COLUMNS FROM `gi_user` [ RunTime:0.0006s ]
SQL: SELECT `id` FROM `gi_user` WHERE `userid` = 0 LIMIT 1   [ RunTime:0.0002s ]
NOTIC: [8] Undefined index: validate D:\wamp\www\ThinkPHP\Library\Think\Model.class.php 第 1184 行.
INFO: [ app_end ] --START--
INFO: Run Behavior\ShowPageTraceBehavior [ RunTime:0.000775s ]
INFO: [ app_end ] --END-- [ RunTime:0.000879s ]

[ 2018-04-20T16:47:33+08:00 ] ::1 /gameinterface.php/Index/userVaildate?userid=aabbcc&nickname=cc&headimage=aaa&sex=1&token=123456
INFO: [ app_init ] --START--
INFO: Run Behavior\BuildLiteBehavior [ RunTime:0.000036s ]
INFO: Run Common\Behavior\InitHookBehavior [ RunTime:0.003260s ]
INFO: [ app_init ] --END-- [ RunTime:0.003547s ]
INFO: [ app_begin ] --START--
INFO: Run Behavior\ReadHtmlCacheBehavior [ RunTime:0.000600s ]
INFO: [ app_begin ] --END-- [ RunTime:0.000709s ]
SQL: SHOW COLUMNS FROM `gi_user` [ RunTime:0.0009s ]
SQL: SELECT `id` FROM `gi_user` WHERE `userid` = 0 LIMIT 1   [ RunTime:0.0002s ]
NOTIC: [8] Undefined index: validate D:\wamp\www\ThinkPHP\Library\Think\Model.class.php 第 1184 行.
INFO: [ app_end ] --START--
INFO: Run Behavior\ShowPageTraceBehavior [ RunTime:0.000758s ]
INFO: [ app_end ] --END-- [ RunTime:0.000860s ]

[ 2018-04-20T16:47:33+08:00 ] ::1 /gameinterface.php/Index/userVaildate?userid=aabbcc&nickname=cc&headimage=aaa&sex=1&token=123456
INFO: [ app_init ] --START--
INFO: Run Behavior\BuildLiteBehavior [ RunTime:0.000023s ]
INFO: Run Common\Behavior\InitHookBehavior [ RunTime:0.003144s ]
INFO: [ app_init ] --END-- [ RunTime:0.003349s ]
INFO: [ app_begin ] --START--
INFO: Run Behavior\ReadHtmlCacheBehavior [ RunTime:0.000906s ]
INFO: [ app_begin ] --END-- [ RunTime:0.001108s ]
SQL: SHOW COLUMNS FROM `gi_user` [ RunTime:0.0005s ]
SQL: SELECT `id` FROM `gi_user` WHERE `userid` = 0 LIMIT 1   [ RunTime:0.0002s ]
NOTIC: [8] Undefined index: validate D:\wamp\www\ThinkPHP\Library\Think\Model.class.php 第 1184 行.
INFO: [ app_end ] --START--
INFO: Run Behavior\ShowPageTraceBehavior [ RunTime:0.000712s ]
INFO: [ app_end ] --END-- [ RunTime:0.000812s ]

[ 2018-04-20T16:47:33+08:00 ] ::1 /gameinterface.php/Index/userVaildate?userid=aabbcc&nickname=cc&headimage=aaa&sex=1&token=123456
INFO: [ app_init ] --START--
INFO: Run Behavior\BuildLiteBehavior [ RunTime:0.000029s ]
INFO: Run Common\Behavior\InitHookBehavior [ RunTime:0.007247s ]
INFO: [ app_init ] --END-- [ RunTime:0.007521s ]
INFO: [ app_begin ] --START--
INFO: Run Behavior\ReadHtmlCacheBehavior [ RunTime:0.000749s ]
INFO: [ app_begin ] --END-- [ RunTime:0.000891s ]
SQL: SHOW COLUMNS FROM `gi_user` [ RunTime:0.0010s ]
SQL: SELECT `id` FROM `gi_user` WHERE `userid` = 0 LIMIT 1   [ RunTime:0.0003s ]
NOTIC: [8] Undefined index: validate D:\wamp\www\ThinkPHP\Library\Think\Model.class.php 第 1184 行.
INFO: [ app_end ] --START--
INFO: Run Behavior\ShowPageTraceBehavior [ RunTime:0.000735s ]
INFO: [ app_end ] --END-- [ RunTime:0.000872s ]

[ 2018-04-20T16:47:34+08:00 ] ::1 /gameinterface.php/Index/userVaildate?userid=aabbcc&nickname=cc&headimage=aaa&sex=1&token=123456
INFO: [ app_init ] --START--
INFO: Run Behavior\BuildLiteBehavior [ RunTime:0.000022s ]
INFO: Run Common\Behavior\InitHookBehavior [ RunTime:0.002308s ]
INFO: [ app_init ] --END-- [ RunTime:0.002502s ]
INFO: [ app_begin ] --START--
INFO: Run Behavior\ReadHtmlCacheBehavior [ RunTime:0.000717s ]
INFO: [ app_begin ] --END-- [ RunTime:0.000832s ]
SQL: SHOW COLUMNS FROM `gi_user` [ RunTime:0.0007s ]
SQL: SELECT `id` FROM `gi_user` WHERE `userid` = 0 LIMIT 1   [ RunTime:0.0005s ]
NOTIC: [8] Undefined index: validate D:\wamp\www\ThinkPHP\Library\Think\Model.class.php 第 1184 行.
INFO: [ app_end ] --START--
INFO: Run Behavior\ShowPageTraceBehavior [ RunTime:0.001057s ]
INFO: [ app_end ] --END-- [ RunTime:0.001179s ]

[ 2018-04-20T16:48:07+08:00 ] ::1 /gameinterface.php/Index/userVaildate?userid=aabbcc&nickname=cc&headimage=aaa&sex=1&token=123456
INFO: [ app_init ] --START--
INFO: Run Behavior\BuildLiteBehavior [ RunTime:0.000023s ]
INFO: Run Common\Behavior\InitHookBehavior [ RunTime:0.002546s ]
INFO: [ app_init ] --END-- [ RunTime:0.002762s ]
INFO: [ app_begin ] --START--
INFO: Run Behavior\ReadHtmlCacheBehavior [ RunTime:0.000695s ]
INFO: [ app_begin ] --END-- [ RunTime:0.000835s ]
SQL: SHOW COLUMNS FROM `gi_user` [ RunTime:0.0006s ]
SQL: SELECT `id` FROM `gi_user` WHERE `userid` = 0 LIMIT 1   [ RunTime:0.0003s ]
NOTIC: [8] Undefined index: validate D:\wamp\www\ThinkPHP\Library\Think\Model.class.php 第 1184 行.
INFO: [ app_end ] --START--
INFO: Run Behavior\ShowPageTraceBehavior [ RunTime:0.000760s ]
INFO: [ app_end ] --END-- [ RunTime:0.000879s ]

[ 2018-04-20T16:48:08+08:00 ] ::1 /gameinterface.php/Index/userVaildate?userid=aabbcc&nickname=cc&headimage=aaa&sex=1&token=123456
INFO: [ app_init ] --START--
INFO: Run Behavior\BuildLiteBehavior [ RunTime:0.000033s ]
INFO: Run Common\Behavior\InitHookBehavior [ RunTime:0.006191s ]
INFO: [ app_init ] --END-- [ RunTime:0.006632s ]
INFO: [ app_begin ] --START--
INFO: Run Behavior\ReadHtmlCacheBehavior [ RunTime:0.000909s ]
INFO: [ app_begin ] --END-- [ RunTime:0.001071s ]
SQL: SHOW COLUMNS FROM `gi_user` [ RunTime:0.0009s ]
SQL: SELECT `id` FROM `gi_user` WHERE `userid` = 0 LIMIT 1   [ RunTime:0.0003s ]
NOTIC: [8] Undefined index: validate D:\wamp\www\ThinkPHP\Library\Think\Model.class.php 第 1184 行.
INFO: [ app_end ] --START--
INFO: Run Behavior\ShowPageTraceBehavior [ RunTime:0.000807s ]
INFO: [ app_end ] --END-- [ RunTime:0.000904s ]

[ 2018-04-20T16:48:29+08:00 ] ::1 /gameinterface.php/Index/userVaildate?userid=aabbcc&nickname=cc&headimage=aaa&sex=1&token=123456
INFO: [ app_init ] --START--
INFO: Run Behavior\BuildLiteBehavior [ RunTime:0.000023s ]
INFO: Run Common\Behavior\InitHookBehavior [ RunTime:0.003200s ]
INFO: [ app_init ] --END-- [ RunTime:0.003486s ]
INFO: [ app_begin ] --START--
INFO: Run Behavior\ReadHtmlCacheBehavior [ RunTime:0.000949s ]
INFO: [ app_begin ] --END-- [ RunTime:0.001135s ]
SQL: SHOW COLUMNS FROM `gi_user` [ RunTime:0.0006s ]
SQL: SELECT `id` FROM `gi_user` WHERE `userid` = 0 LIMIT 1   [ RunTime:0.0003s ]
NOTIC: [8] Undefined index: validate D:\wamp\www\ThinkPHP\Library\Think\Model.class.php 第 1184 行.
INFO: [ app_end ] --START--
INFO: Run Behavior\ShowPageTraceBehavior [ RunTime:0.000769s ]
INFO: [ app_end ] --END-- [ RunTime:0.000873s ]

[ 2018-04-20T16:48:29+08:00 ] ::1 /gameinterface.php/Index/userVaildate?userid=aabbcc&nickname=cc&headimage=aaa&sex=1&token=123456
INFO: [ app_init ] --START--
INFO: Run Behavior\BuildLiteBehavior [ RunTime:0.000032s ]
INFO: Run Common\Behavior\InitHookBehavior [ RunTime:0.002799s ]
INFO: [ app_init ] --END-- [ RunTime:0.003047s ]
INFO: [ app_begin ] --START--
INFO: Run Behavior\ReadHtmlCacheBehavior [ RunTime:0.000702s ]
INFO: [ app_begin ] --END-- [ RunTime:0.000826s ]
SQL: SHOW COLUMNS FROM `gi_user` [ RunTime:0.0006s ]
SQL: SELECT `id` FROM `gi_user` WHERE `userid` = 0 LIMIT 1   [ RunTime:0.0002s ]
NOTIC: [8] Undefined index: validate D:\wamp\www\ThinkPHP\Library\Think\Model.class.php 第 1184 行.
INFO: [ app_end ] --START--
INFO: Run Behavior\ShowPageTraceBehavior [ RunTime:0.000813s ]
INFO: [ app_end ] --END-- [ RunTime:0.000912s ]

[ 2018-04-20T16:48:29+08:00 ] ::1 /gameinterface.php/Index/userVaildate?userid=aabbcc&nickname=cc&headimage=aaa&sex=1&token=123456
INFO: [ app_init ] --START--
INFO: Run Behavior\BuildLiteBehavior [ RunTime:0.000021s ]
INFO: Run Common\Behavior\InitHookBehavior [ RunTime:0.005143s ]
INFO: [ app_init ] --END-- [ RunTime:0.005485s ]
INFO: [ app_begin ] --START--
INFO: Run Behavior\ReadHtmlCacheBehavior [ RunTime:0.000783s ]
INFO: [ app_begin ] --END-- [ RunTime:0.000895s ]
SQL: SHOW COLUMNS FROM `gi_user` [ RunTime:0.0006s ]
SQL: SELECT `id` FROM `gi_user` WHERE `userid` = 0 LIMIT 1   [ RunTime:0.0004s ]
NOTIC: [8] Undefined index: validate D:\wamp\www\ThinkPHP\Library\Think\Model.class.php 第 1184 行.
INFO: [ app_end ] --START--
INFO: Run Behavior\ShowPageTraceBehavior [ RunTime:0.000771s ]
INFO: [ app_end ] --END-- [ RunTime:0.000876s ]

[ 2018-04-20T16:48:30+08:00 ] ::1 /gameinterface.php/Index/userVaildate?userid=aabbcc&nickname=cc&headimage=aaa&sex=1&token=123456
INFO: [ app_init ] --START--
INFO: Run Behavior\BuildLiteBehavior [ RunTime:0.000033s ]
INFO: Run Common\Behavior\InitHookBehavior [ RunTime:0.003234s ]
INFO: [ app_init ] --END-- [ RunTime:0.003504s ]
INFO: [ app_begin ] --START--
INFO: Run Behavior\ReadHtmlCacheBehavior [ RunTime:0.000705s ]
INFO: [ app_begin ] --END-- [ RunTime:0.000816s ]
SQL: SHOW COLUMNS FROM `gi_user` [ RunTime:0.0007s ]
SQL: SELECT `id` FROM `gi_user` WHERE `userid` = 0 LIMIT 1   [ RunTime:0.0011s ]
NOTIC: [8] Undefined index: validate D:\wamp\www\ThinkPHP\Library\Think\Model.class.php 第 1184 行.
INFO: [ app_end ] --START--
INFO: Run Behavior\ShowPageTraceBehavior [ RunTime:0.001478s ]
INFO: [ app_end ] --END-- [ RunTime:0.001673s ]

[ 2018-04-20T16:48:30+08:00 ] ::1 /gameinterface.php/Index/userVaildate?userid=aabbcc&nickname=cc&headimage=aaa&sex=1&token=123456
INFO: [ app_init ] --START--
INFO: Run Behavior\BuildLiteBehavior [ RunTime:0.000026s ]
INFO: Run Common\Behavior\InitHookBehavior [ RunTime:0.004683s ]
INFO: [ app_init ] --END-- [ RunTime:0.004931s ]
INFO: [ app_begin ] --START--
INFO: Run Behavior\ReadHtmlCacheBehavior [ RunTime:0.000667s ]
INFO: [ app_begin ] --END-- [ RunTime:0.000777s ]
SQL: SHOW COLUMNS FROM `gi_user` [ RunTime:0.0007s ]
SQL: SELECT `id` FROM `gi_user` WHERE `userid` = 0 LIMIT 1   [ RunTime:0.0004s ]
NOTIC: [8] Undefined index: validate D:\wamp\www\ThinkPHP\Library\Think\Model.class.php 第 1184 行.
INFO: [ app_end ] --START--
INFO: Run Behavior\ShowPageTraceBehavior [ RunTime:0.001718s ]
INFO: [ app_end ] --END-- [ RunTime:0.001876s ]

[ 2018-04-20T16:48:30+08:00 ] ::1 /gameinterface.php/Index/userVaildate?userid=aabbcc&nickname=cc&headimage=aaa&sex=1&token=123456
INFO: [ app_init ] --START--
INFO: Run Behavior\BuildLiteBehavior [ RunTime:0.000032s ]
INFO: Run Common\Behavior\InitHookBehavior [ RunTime:0.002671s ]
INFO: [ app_init ] --END-- [ RunTime:0.002931s ]
INFO: [ app_begin ] --START--
INFO: Run Behavior\ReadHtmlCacheBehavior [ RunTime:0.000780s ]
INFO: [ app_begin ] --END-- [ RunTime:0.000891s ]
SQL: SHOW COLUMNS FROM `gi_user` [ RunTime:0.0005s ]
SQL: SELECT `id` FROM `gi_user` WHERE `userid` = 0 LIMIT 1   [ RunTime:0.0002s ]
NOTIC: [8] Undefined index: validate D:\wamp\www\ThinkPHP\Library\Think\Model.class.php 第 1184 行.
INFO: [ app_end ] --START--
INFO: Run Behavior\ShowPageTraceBehavior [ RunTime:0.000776s ]
INFO: [ app_end ] --END-- [ RunTime:0.000876s ]

[ 2018-04-20T16:48:30+08:00 ] ::1 /gameinterface.php/Index/userVaildate?userid=aabbcc&nickname=cc&headimage=aaa&sex=1&token=123456
INFO: [ app_init ] --START--
INFO: Run Behavior\BuildLiteBehavior [ RunTime:0.000023s ]
INFO: Run Common\Behavior\InitHookBehavior [ RunTime:0.003084s ]
INFO: [ app_init ] --END-- [ RunTime:0.003364s ]
INFO: [ app_begin ] --START--
INFO: Run Behavior\ReadHtmlCacheBehavior [ RunTime:0.000717s ]
INFO: [ app_begin ] --END-- [ RunTime:0.000881s ]
SQL: SHOW COLUMNS FROM `gi_user` [ RunTime:0.0006s ]
SQL: SELECT `id` FROM `gi_user` WHERE `userid` = 0 LIMIT 1   [ RunTime:0.0003s ]
NOTIC: [8] Undefined index: validate D:\wamp\www\ThinkPHP\Library\Think\Model.class.php 第 1184 行.
INFO: [ app_end ] --START--
INFO: Run Behavior\ShowPageTraceBehavior [ RunTime:0.000877s ]
INFO: [ app_end ] --END-- [ RunTime:0.001021s ]

[ 2018-04-20T16:48:30+08:00 ] ::1 /gameinterface.php/Index/userVaildate?userid=aabbcc&nickname=cc&headimage=aaa&sex=1&token=123456
INFO: [ app_init ] --START--
INFO: Run Behavior\BuildLiteBehavior [ RunTime:0.000042s ]
INFO: Run Common\Behavior\InitHookBehavior [ RunTime:0.002500s ]
INFO: [ app_init ] --END-- [ RunTime:0.002737s ]
INFO: [ app_begin ] --START--
INFO: Run Behavior\ReadHtmlCacheBehavior [ RunTime:0.000691s ]
INFO: [ app_begin ] --END-- [ RunTime:0.000807s ]
SQL: SHOW COLUMNS FROM `gi_user` [ RunTime:0.0006s ]
SQL: SELECT `id` FROM `gi_user` WHERE `userid` = 0 LIMIT 1   [ RunTime:0.0002s ]
NOTIC: [8] Undefined index: validate D:\wamp\www\ThinkPHP\Library\Think\Model.class.php 第 1184 行.
INFO: [ app_end ] --START--
INFO: Run Behavior\ShowPageTraceBehavior [ RunTime:0.000836s ]
INFO: [ app_end ] --END-- [ RunTime:0.000946s ]

[ 2018-04-20T16:48:31+08:00 ] ::1 /gameinterface.php/Index/userVaildate?userid=aabbcc&nickname=cc&headimage=aaa&sex=1&token=123456
INFO: [ app_init ] --START--
INFO: Run Behavior\BuildLiteBehavior [ RunTime:0.000020s ]
INFO: Run Common\Behavior\InitHookBehavior [ RunTime:0.002574s ]
INFO: [ app_init ] --END-- [ RunTime:0.002754s ]
INFO: [ app_begin ] --START--
INFO: Run Behavior\ReadHtmlCacheBehavior [ RunTime:0.000867s ]
INFO: [ app_begin ] --END-- [ RunTime:0.000988s ]
SQL: SHOW COLUMNS FROM `gi_user` [ RunTime:0.0006s ]
SQL: SELECT `id` FROM `gi_user` WHERE `userid` = 0 LIMIT 1   [ RunTime:0.0002s ]
NOTIC: [8] Undefined index: validate D:\wamp\www\ThinkPHP\Library\Think\Model.class.php 第 1184 行.
INFO: [ app_end ] --START--
INFO: Run Behavior\ShowPageTraceBehavior [ RunTime:0.000846s ]
INFO: [ app_end ] --END-- [ RunTime:0.000946s ]

[ 2018-04-20T16:48:31+08:00 ] ::1 /gameinterface.php/Index/userVaildate?userid=aabbcc&nickname=cc&headimage=aaa&sex=1&token=123456
INFO: [ app_init ] --START--
INFO: Run Behavior\BuildLiteBehavior [ RunTime:0.000051s ]
INFO: Run Common\Behavior\InitHookBehavior [ RunTime:0.004604s ]
INFO: [ app_init ] --END-- [ RunTime:0.004995s ]
INFO: [ app_begin ] --START--
INFO: Run Behavior\ReadHtmlCacheBehavior [ RunTime:0.000689s ]
INFO: [ app_begin ] --END-- [ RunTime:0.000800s ]
SQL: SHOW COLUMNS FROM `gi_user` [ RunTime:0.0006s ]
SQL: SELECT `id` FROM `gi_user` WHERE `userid` = 0 LIMIT 1   [ RunTime:0.0003s ]
NOTIC: [8] Undefined index: validate D:\wamp\www\ThinkPHP\Library\Think\Model.class.php 第 1184 行.
INFO: [ app_end ] --START--
INFO: Run Behavior\ShowPageTraceBehavior [ RunTime:0.001107s ]
INFO: [ app_end ] --END-- [ RunTime:0.001242s ]

[ 2018-04-20T16:48:31+08:00 ] ::1 /gameinterface.php/Index/userVaildate?userid=aabbcc&nickname=cc&headimage=aaa&sex=1&token=123456
INFO: [ app_init ] --START--
INFO: Run Behavior\BuildLiteBehavior [ RunTime:0.000023s ]
INFO: Run Common\Behavior\InitHookBehavior [ RunTime:0.002618s ]
INFO: [ app_init ] --END-- [ RunTime:0.002808s ]
INFO: [ app_begin ] --START--
INFO: Run Behavior\ReadHtmlCacheBehavior [ RunTime:0.000793s ]
INFO: [ app_begin ] --END-- [ RunTime:0.000983s ]
SQL: SHOW COLUMNS FROM `gi_user` [ RunTime:0.0009s ]
SQL: SELECT `id` FROM `gi_user` WHERE `userid` = 0 LIMIT 1   [ RunTime:0.0004s ]
NOTIC: [8] Undefined index: validate D:\wamp\www\ThinkPHP\Library\Think\Model.class.php 第 1184 行.
INFO: [ app_end ] --START--
INFO: Run Behavior\ShowPageTraceBehavior [ RunTime:0.000869s ]
INFO: [ app_end ] --END-- [ RunTime:0.000969s ]

[ 2018-04-20T16:48:32+08:00 ] ::1 /gameinterface.php/Index/userVaildate?userid=aabbcc&nickname=cc&headimage=aaa&sex=1&token=123456
INFO: [ app_init ] --START--
INFO: Run Behavior\BuildLiteBehavior [ RunTime:0.000033s ]
INFO: Run Common\Behavior\InitHookBehavior [ RunTime:0.002946s ]
INFO: [ app_init ] --END-- [ RunTime:0.003242s ]
INFO: [ app_begin ] --START--
INFO: Run Behavior\ReadHtmlCacheBehavior [ RunTime:0.000704s ]
INFO: [ app_begin ] --END-- [ RunTime:0.000823s ]
SQL: SHOW COLUMNS FROM `gi_user` [ RunTime:0.0006s ]
SQL: SELECT `id` FROM `gi_user` WHERE `userid` = 0 LIMIT 1   [ RunTime:0.0003s ]
NOTIC: [8] Undefined index: validate D:\wamp\www\ThinkPHP\Library\Think\Model.class.php 第 1184 行.
INFO: [ app_end ] --START--
INFO: Run Behavior\ShowPageTraceBehavior [ RunTime:0.000715s ]
INFO: [ app_end ] --END-- [ RunTime:0.000861s ]

[ 2018-04-20T16:48:32+08:00 ] ::1 /gameinterface.php/Index/userVaildate?userid=aabbcc&nickname=cc&headimage=aaa&sex=1&token=123456
INFO: [ app_init ] --START--
INFO: Run Behavior\BuildLiteBehavior [ RunTime:0.000027s ]
INFO: Run Common\Behavior\InitHookBehavior [ RunTime:0.004123s ]
INFO: [ app_init ] --END-- [ RunTime:0.004358s ]
INFO: [ app_begin ] --START--
INFO: Run Behavior\ReadHtmlCacheBehavior [ RunTime:0.000602s ]
INFO: [ app_begin ] --END-- [ RunTime:0.000715s ]
SQL: SHOW COLUMNS FROM `gi_user` [ RunTime:0.0006s ]
SQL: SELECT `id` FROM `gi_user` WHERE `userid` = 0 LIMIT 1   [ RunTime:0.0003s ]
NOTIC: [8] Undefined index: validate D:\wamp\www\ThinkPHP\Library\Think\Model.class.php 第 1184 行.
INFO: [ app_end ] --START--
INFO: Run Behavior\ShowPageTraceBehavior [ RunTime:0.000804s ]
INFO: [ app_end ] --END-- [ RunTime:0.000907s ]

[ 2018-04-20T16:48:32+08:00 ] ::1 /gameinterface.php/Index/userVaildate?userid=aabbcc&nickname=cc&headimage=aaa&sex=1&token=123456
INFO: [ app_init ] --START--
INFO: Run Behavior\BuildLiteBehavior [ RunTime:0.000045s ]
INFO: Run Common\Behavior\InitHookBehavior [ RunTime:0.005409s ]
INFO: [ app_init ] --END-- [ RunTime:0.005800s ]
INFO: [ app_begin ] --START--
INFO: Run Behavior\ReadHtmlCacheBehavior [ RunTime:0.000656s ]
INFO: [ app_begin ] --END-- [ RunTime:0.000762s ]
SQL: SHOW COLUMNS FROM `gi_user` [ RunTime:0.0013s ]
SQL: SELECT `id` FROM `gi_user` WHERE `userid` = 0 LIMIT 1   [ RunTime:0.0003s ]
NOTIC: [8] Undefined index: validate D:\wamp\www\ThinkPHP\Library\Think\Model.class.php 第 1184 行.
INFO: [ app_end ] --START--
INFO: Run Behavior\ShowPageTraceBehavior [ RunTime:0.000986s ]
INFO: [ app_end ] --END-- [ RunTime:0.001093s ]

[ 2018-04-20T16:48:32+08:00 ] ::1 /gameinterface.php/Index/userVaildate?userid=aabbcc&nickname=cc&headimage=aaa&sex=1&token=123456
INFO: [ app_init ] --START--
INFO: Run Behavior\BuildLiteBehavior [ RunTime:0.000020s ]
INFO: Run Common\Behavior\InitHookBehavior [ RunTime:0.002750s ]
INFO: [ app_init ] --END-- [ RunTime:0.002943s ]
INFO: [ app_begin ] --START--
INFO: Run Behavior\ReadHtmlCacheBehavior [ RunTime:0.000985s ]
INFO: [ app_begin ] --END-- [ RunTime:0.001145s ]
SQL: SHOW COLUMNS FROM `gi_user` [ RunTime:0.0006s ]
SQL: SELECT `id` FROM `gi_user` WHERE `userid` = 0 LIMIT 1   [ RunTime:0.0002s ]
NOTIC: [8] Undefined index: validate D:\wamp\www\ThinkPHP\Library\Think\Model.class.php 第 1184 行.
INFO: [ app_end ] --START--
INFO: Run Behavior\ShowPageTraceBehavior [ RunTime:0.000791s ]
INFO: [ app_end ] --END-- [ RunTime:0.000889s ]

[ 2018-04-20T16:48:33+08:00 ] ::1 /gameinterface.php/Index/userVaildate?userid=aabbcc&nickname=cc&headimage=aaa&sex=1&token=123456
INFO: [ app_init ] --START--
INFO: Run Behavior\BuildLiteBehavior [ RunTime:0.000039s ]
INFO: Run Common\Behavior\InitHookBehavior [ RunTime:0.003778s ]
INFO: [ app_init ] --END-- [ RunTime:0.004150s ]
INFO: [ app_begin ] --START--
INFO: Run Behavior\ReadHtmlCacheBehavior [ RunTime:0.000792s ]
INFO: [ app_begin ] --END-- [ RunTime:0.000937s ]
SQL: SHOW COLUMNS FROM `gi_user` [ RunTime:0.0006s ]
SQL: SELECT `id` FROM `gi_user` WHERE `userid` = 0 LIMIT 1   [ RunTime:0.0002s ]
NOTIC: [8] Undefined index: validate D:\wamp\www\ThinkPHP\Library\Think\Model.class.php 第 1184 行.
INFO: [ app_end ] --START--
INFO: Run Behavior\ShowPageTraceBehavior [ RunTime:0.000714s ]
INFO: [ app_end ] --END-- [ RunTime:0.000815s ]

[ 2018-04-20T16:48:33+08:00 ] ::1 /gameinterface.php/Index/userVaildate?userid=aabbcc&nickname=cc&headimage=aaa&sex=1&token=123456
INFO: [ app_init ] --START--
INFO: Run Behavior\BuildLiteBehavior [ RunTime:0.000022s ]
INFO: Run Common\Behavior\InitHookBehavior [ RunTime:0.002583s ]
INFO: [ app_init ] --END-- [ RunTime:0.002771s ]
INFO: [ app_begin ] --START--
INFO: Run Behavior\ReadHtmlCacheBehavior [ RunTime:0.000654s ]
INFO: [ app_begin ] --END-- [ RunTime:0.000766s ]
SQL: SHOW COLUMNS FROM `gi_user` [ RunTime:0.0006s ]
SQL: SELECT `id` FROM `gi_user` WHERE `userid` = 0 LIMIT 1   [ RunTime:0.0003s ]
NOTIC: [8] Undefined index: validate D:\wamp\www\ThinkPHP\Library\Think\Model.class.php 第 1184 行.
INFO: [ app_end ] --START--
INFO: Run Behavior\ShowPageTraceBehavior [ RunTime:0.000755s ]
INFO: [ app_end ] --END-- [ RunTime:0.000858s ]

[ 2018-04-20T16:48:33+08:00 ] ::1 /gameinterface.php/Index/userVaildate?userid=aabbcc&nickname=cc&headimage=aaa&sex=1&token=123456
INFO: [ app_init ] --START--
INFO: Run Behavior\BuildLiteBehavior [ RunTime:0.000023s ]
INFO: Run Common\Behavior\InitHookBehavior [ RunTime:0.002701s ]
INFO: [ app_init ] --END-- [ RunTime:0.002947s ]
INFO: [ app_begin ] --START--
INFO: Run Behavior\ReadHtmlCacheBehavior [ RunTime:0.001012s ]
INFO: [ app_begin ] --END-- [ RunTime:0.001166s ]
SQL: SHOW COLUMNS FROM `gi_user` [ RunTime:0.0006s ]
SQL: SELECT `id` FROM `gi_user` WHERE `userid` = 0 LIMIT 1   [ RunTime:0.0004s ]
NOTIC: [8] Undefined index: validate D:\wamp\www\ThinkPHP\Library\Think\Model.class.php 第 1184 行.
INFO: [ app_end ] --START--
INFO: Run Behavior\ShowPageTraceBehavior [ RunTime:0.000966s ]
INFO: [ app_end ] --END-- [ RunTime:0.001102s ]

[ 2018-04-20T16:48:33+08:00 ] ::1 /gameinterface.php/Index/userVaildate?userid=aabbcc&nickname=cc&headimage=aaa&sex=1&token=123456
INFO: [ app_init ] --START--
INFO: Run Behavior\BuildLiteBehavior [ RunTime:0.000022s ]
INFO: Run Common\Behavior\InitHookBehavior [ RunTime:0.003502s ]
INFO: [ app_init ] --END-- [ RunTime:0.003747s ]
INFO: [ app_begin ] --START--
INFO: Run Behavior\ReadHtmlCacheBehavior [ RunTime:0.000704s ]
INFO: [ app_begin ] --END-- [ RunTime:0.000822s ]
SQL: SHOW COLUMNS FROM `gi_user` [ RunTime:0.0006s ]
SQL: SELECT `id` FROM `gi_user` WHERE `userid` = 0 LIMIT 1   [ RunTime:0.0003s ]
NOTIC: [8] Undefined index: validate D:\wamp\www\ThinkPHP\Library\Think\Model.class.php 第 1184 行.
INFO: [ app_end ] --START--
INFO: Run Behavior\ShowPageTraceBehavior [ RunTime:0.000966s ]
INFO: [ app_end ] --END-- [ RunTime:0.001083s ]

[ 2018-04-20T16:48:34+08:00 ] ::1 /gameinterface.php/Index/userVaildate?userid=aabbcc&nickname=cc&headimage=aaa&sex=1&token=123456
INFO: [ app_init ] --START--
INFO: Run Behavior\BuildLiteBehavior [ RunTime:0.000036s ]
INFO: Run Common\Behavior\InitHookBehavior [ RunTime:0.002622s ]
INFO: [ app_init ] --END-- [ RunTime:0.002843s ]
INFO: [ app_begin ] --START--
INFO: Run Behavior\ReadHtmlCacheBehavior [ RunTime:0.000714s ]
INFO: [ app_begin ] --END-- [ RunTime:0.000823s ]
SQL: SHOW COLUMNS FROM `gi_user` [ RunTime:0.0005s ]
SQL: SELECT `id` FROM `gi_user` WHERE `userid` = 0 LIMIT 1   [ RunTime:0.0003s ]
NOTIC: [8] Undefined index: validate D:\wamp\www\ThinkPHP\Library\Think\Model.class.php 第 1184 行.
INFO: [ app_end ] --START--
INFO: Run Behavior\ShowPageTraceBehavior [ RunTime:0.000720s ]
INFO: [ app_end ] --END-- [ RunTime:0.000837s ]

[ 2018-04-20T16:48:34+08:00 ] ::1 /gameinterface.php/Index/userVaildate?userid=aabbcc&nickname=cc&headimage=aaa&sex=1&token=123456
INFO: [ app_init ] --START--
INFO: Run Behavior\BuildLiteBehavior [ RunTime:0.000021s ]
INFO: Run Common\Behavior\InitHookBehavior [ RunTime:0.003045s ]
INFO: [ app_init ] --END-- [ RunTime:0.003294s ]
INFO: [ app_begin ] --START--
INFO: Run Behavior\ReadHtmlCacheBehavior [ RunTime:0.001669s ]
INFO: [ app_begin ] --END-- [ RunTime:0.001884s ]
SQL: SHOW COLUMNS FROM `gi_user` [ RunTime:0.0006s ]
SQL: SELECT `id` FROM `gi_user` WHERE `userid` = 0 LIMIT 1   [ RunTime:0.0003s ]
NOTIC: [8] Undefined index: validate D:\wamp\www\ThinkPHP\Library\Think\Model.class.php 第 1184 行.
INFO: [ app_end ] --START--
INFO: Run Behavior\ShowPageTraceBehavior [ RunTime:0.000752s ]
INFO: [ app_end ] --END-- [ RunTime:0.000855s ]

[ 2018-04-20T16:48:34+08:00 ] ::1 /gameinterface.php/Index/userVaildate?userid=aabbcc&nickname=cc&headimage=aaa&sex=1&token=123456
INFO: [ app_init ] --START--
INFO: Run Behavior\BuildLiteBehavior [ RunTime:0.000031s ]
INFO: Run Common\Behavior\InitHookBehavior [ RunTime:0.003334s ]
INFO: [ app_init ] --END-- [ RunTime:0.003653s ]
INFO: [ app_begin ] --START--
INFO: Run Behavior\ReadHtmlCacheBehavior [ RunTime:0.000763s ]
INFO: [ app_begin ] --END-- [ RunTime:0.000876s ]
SQL: SHOW COLUMNS FROM `gi_user` [ RunTime:0.0007s ]
SQL: SELECT `id` FROM `gi_user` WHERE `userid` = 0 LIMIT 1   [ RunTime:0.0003s ]
NOTIC: [8] Undefined index: validate D:\wamp\www\ThinkPHP\Library\Think\Model.class.php 第 1184 行.
INFO: [ app_end ] --START--
INFO: Run Behavior\ShowPageTraceBehavior [ RunTime:0.001015s ]
INFO: [ app_end ] --END-- [ RunTime:0.001147s ]

[ 2018-04-20T16:48:34+08:00 ] ::1 /gameinterface.php/Index/userVaildate?userid=aabbcc&nickname=cc&headimage=aaa&sex=1&token=123456
INFO: [ app_init ] --START--
INFO: Run Behavior\BuildLiteBehavior [ RunTime:0.000021s ]
INFO: Run Common\Behavior\InitHookBehavior [ RunTime:0.002740s ]
INFO: [ app_init ] --END-- [ RunTime:0.002925s ]
INFO: [ app_begin ] --START--
INFO: Run Behavior\ReadHtmlCacheBehavior [ RunTime:0.000707s ]
INFO: [ app_begin ] --END-- [ RunTime:0.000959s ]
SQL: SHOW COLUMNS FROM `gi_user` [ RunTime:0.0009s ]
SQL: SELECT `id` FROM `gi_user` WHERE `userid` = 0 LIMIT 1   [ RunTime:0.0003s ]
NOTIC: [8] Undefined index: validate D:\wamp\www\ThinkPHP\Library\Think\Model.class.php 第 1184 行.
INFO: [ app_end ] --START--
INFO: Run Behavior\ShowPageTraceBehavior [ RunTime:0.000826s ]
INFO: [ app_end ] --END-- [ RunTime:0.000931s ]

[ 2018-04-20T16:48:34+08:00 ] ::1 /gameinterface.php/Index/userVaildate?userid=aabbcc&nickname=cc&headimage=aaa&sex=1&token=123456
INFO: [ app_init ] --START--
INFO: Run Behavior\BuildLiteBehavior [ RunTime:0.000022s ]
INFO: Run Common\Behavior\InitHookBehavior [ RunTime:0.002532s ]
INFO: [ app_init ] --END-- [ RunTime:0.002719s ]
INFO: [ app_begin ] --START--
INFO: Run Behavior\ReadHtmlCacheBehavior [ RunTime:0.001133s ]
INFO: [ app_begin ] --END-- [ RunTime:0.001325s ]
SQL: SHOW COLUMNS FROM `gi_user` [ RunTime:0.0007s ]
SQL: SELECT `id` FROM `gi_user` WHERE `userid` = 0 LIMIT 1   [ RunTime:0.0003s ]
NOTIC: [8] Undefined index: validate D:\wamp\www\ThinkPHP\Library\Think\Model.class.php 第 1184 行.
INFO: [ app_end ] --START--
INFO: Run Behavior\ShowPageTraceBehavior [ RunTime:0.000789s ]
INFO: [ app_end ] --END-- [ RunTime:0.000905s ]

[ 2018-04-20T16:48:35+08:00 ] ::1 /gameinterface.php/Index/userVaildate?userid=aabbcc&nickname=cc&headimage=aaa&sex=1&token=123456
INFO: [ app_init ] --START--
INFO: Run Behavior\BuildLiteBehavior [ RunTime:0.000022s ]
INFO: Run Common\Behavior\InitHookBehavior [ RunTime:0.004074s ]
INFO: [ app_init ] --END-- [ RunTime:0.004366s ]
INFO: [ app_begin ] --START--
INFO: Run Behavior\ReadHtmlCacheBehavior [ RunTime:0.000681s ]
INFO: [ app_begin ] --END-- [ RunTime:0.000794s ]
SQL: SHOW COLUMNS FROM `gi_user` [ RunTime:0.0006s ]
SQL: SELECT `id` FROM `gi_user` WHERE `userid` = 0 LIMIT 1   [ RunTime:0.0002s ]
NOTIC: [8] Undefined index: validate D:\wamp\www\ThinkPHP\Library\Think\Model.class.php 第 1184 行.
INFO: [ app_end ] --START--
INFO: Run Behavior\ShowPageTraceBehavior [ RunTime:0.000811s ]
INFO: [ app_end ] --END-- [ RunTime:0.000915s ]

[ 2018-04-20T16:48:35+08:00 ] ::1 /gameinterface.php/Index/userVaildate?userid=aabbcc&nickname=cc&headimage=aaa&sex=1&token=123456
INFO: [ app_init ] --START--
INFO: Run Behavior\BuildLiteBehavior [ RunTime:0.000038s ]
INFO: Run Common\Behavior\InitHookBehavior [ RunTime:0.003325s ]
INFO: [ app_init ] --END-- [ RunTime:0.003665s ]
INFO: [ app_begin ] --START--
INFO: Run Behavior\ReadHtmlCacheBehavior [ RunTime:0.000622s ]
INFO: [ app_begin ] --END-- [ RunTime:0.000744s ]
SQL: SHOW COLUMNS FROM `gi_user` [ RunTime:0.0006s ]
SQL: SELECT `id` FROM `gi_user` WHERE `userid` = 0 LIMIT 1   [ RunTime:0.0002s ]
NOTIC: [8] Undefined index: validate D:\wamp\www\ThinkPHP\Library\Think\Model.class.php 第 1184 行.
INFO: [ app_end ] --START--
INFO: Run Behavior\ShowPageTraceBehavior [ RunTime:0.000886s ]
INFO: [ app_end ] --END-- [ RunTime:0.001015s ]

[ 2018-04-20T16:48:35+08:00 ] ::1 /gameinterface.php/Index/userVaildate?userid=aabbcc&nickname=cc&headimage=aaa&sex=1&token=123456
INFO: [ app_init ] --START--
INFO: Run Behavior\BuildLiteBehavior [ RunTime:0.000100s ]
INFO: Run Common\Behavior\InitHookBehavior [ RunTime:0.003296s ]
INFO: [ app_init ] --END-- [ RunTime:0.003675s ]
INFO: [ app_begin ] --START--
INFO: Run Behavior\ReadHtmlCacheBehavior [ RunTime:0.000713s ]
INFO: [ app_begin ] --END-- [ RunTime:0.000827s ]
SQL: SHOW COLUMNS FROM `gi_user` [ RunTime:0.0005s ]
SQL: SELECT `id` FROM `gi_user` WHERE `userid` = 0 LIMIT 1   [ RunTime:0.0002s ]
NOTIC: [8] Undefined index: validate D:\wamp\www\ThinkPHP\Library\Think\Model.class.php 第 1184 行.
INFO: [ app_end ] --START--
INFO: Run Behavior\ShowPageTraceBehavior [ RunTime:0.000800s ]
INFO: [ app_end ] --END-- [ RunTime:0.000908s ]

[ 2018-04-20T16:48:35+08:00 ] ::1 /gameinterface.php/Index/userVaildate?userid=aabbcc&nickname=cc&headimage=aaa&sex=1&token=123456
INFO: [ app_init ] --START--
INFO: Run Behavior\BuildLiteBehavior [ RunTime:0.000023s ]
INFO: Run Common\Behavior\InitHookBehavior [ RunTime:0.004666s ]
INFO: [ app_init ] --END-- [ RunTime:0.004862s ]
INFO: [ app_begin ] --START--
INFO: Run Behavior\ReadHtmlCacheBehavior [ RunTime:0.000656s ]
INFO: [ app_begin ] --END-- [ RunTime:0.000769s ]
SQL: SHOW COLUMNS FROM `gi_user` [ RunTime:0.0008s ]
SQL: SELECT `id` FROM `gi_user` WHERE `userid` = 0 LIMIT 1   [ RunTime:0.0003s ]
NOTIC: [8] Undefined index: validate D:\wamp\www\ThinkPHP\Library\Think\Model.class.php 第 1184 行.
INFO: [ app_end ] --START--
INFO: Run Behavior\ShowPageTraceBehavior [ RunTime:0.000799s ]
INFO: [ app_end ] --END-- [ RunTime:0.000904s ]

[ 2018-04-20T16:48:35+08:00 ] ::1 /gameinterface.php/Index/userVaildate?userid=aabbcc&nickname=cc&headimage=aaa&sex=1&token=123456
INFO: [ app_init ] --START--
INFO: Run Behavior\BuildLiteBehavior [ RunTime:0.000021s ]
INFO: Run Common\Behavior\InitHookBehavior [ RunTime:0.002385s ]
INFO: [ app_init ] --END-- [ RunTime:0.002583s ]
INFO: [ app_begin ] --START--
INFO: Run Behavior\ReadHtmlCacheBehavior [ RunTime:0.000784s ]
INFO: [ app_begin ] --END-- [ RunTime:0.000901s ]
SQL: SHOW COLUMNS FROM `gi_user` [ RunTime:0.0006s ]
SQL: SELECT `id` FROM `gi_user` WHERE `userid` = 0 LIMIT 1   [ RunTime:0.0003s ]
NOTIC: [8] Undefined index: validate D:\wamp\www\ThinkPHP\Library\Think\Model.class.php 第 1184 行.
INFO: [ app_end ] --START--
INFO: Run Behavior\ShowPageTraceBehavior [ RunTime:0.000741s ]
INFO: [ app_end ] --END-- [ RunTime:0.000868s ]

[ 2018-04-20T16:48:36+08:00 ] ::1 /gameinterface.php/Index/userVaildate?userid=aabbcc&nickname=cc&headimage=aaa&sex=1&token=123456
INFO: [ app_init ] --START--
INFO: Run Behavior\BuildLiteBehavior [ RunTime:0.000021s ]
INFO: Run Common\Behavior\InitHookBehavior [ RunTime:0.002456s ]
INFO: [ app_init ] --END-- [ RunTime:0.002661s ]
INFO: [ app_begin ] --START--
INFO: Run Behavior\ReadHtmlCacheBehavior [ RunTime:0.002062s ]
INFO: [ app_begin ] --END-- [ RunTime:0.002354s ]
SQL: SHOW COLUMNS FROM `gi_user` [ RunTime:0.0006s ]
SQL: SELECT `id` FROM `gi_user` WHERE `userid` = 0 LIMIT 1   [ RunTime:0.0002s ]
NOTIC: [8] Undefined index: validate D:\wamp\www\ThinkPHP\Library\Think\Model.class.php 第 1184 行.
INFO: [ app_end ] --START--
INFO: Run Behavior\ShowPageTraceBehavior [ RunTime:0.000718s ]
INFO: [ app_end ] --END-- [ RunTime:0.000818s ]

[ 2018-04-20T16:48:36+08:00 ] ::1 /gameinterface.php/Index/userVaildate?userid=aabbcc&nickname=cc&headimage=aaa&sex=1&token=123456
INFO: [ app_init ] --START--
INFO: Run Behavior\BuildLiteBehavior [ RunTime:0.000024s ]
INFO: Run Common\Behavior\InitHookBehavior [ RunTime:0.003412s ]
INFO: [ app_init ] --END-- [ RunTime:0.003671s ]
INFO: [ app_begin ] --START--
INFO: Run Behavior\ReadHtmlCacheBehavior [ RunTime:0.000614s ]
INFO: [ app_begin ] --END-- [ RunTime:0.000724s ]
SQL: SHOW COLUMNS FROM `gi_user` [ RunTime:0.0006s ]
SQL: SELECT `id` FROM `gi_user` WHERE `userid` = 0 LIMIT 1   [ RunTime:0.0003s ]
NOTIC: [8] Undefined index: validate D:\wamp\www\ThinkPHP\Library\Think\Model.class.php 第 1184 行.
INFO: [ app_end ] --START--
INFO: Run Behavior\ShowPageTraceBehavior [ RunTime:0.000758s ]
INFO: [ app_end ] --END-- [ RunTime:0.000856s ]

[ 2018-04-20T16:48:36+08:00 ] ::1 /gameinterface.php/Index/userVaildate?userid=aabbcc&nickname=cc&headimage=aaa&sex=1&token=123456
INFO: [ app_init ] --START--
INFO: Run Behavior\BuildLiteBehavior [ RunTime:0.000021s ]
INFO: Run Common\Behavior\InitHookBehavior [ RunTime:0.002299s ]
INFO: [ app_init ] --END-- [ RunTime:0.002521s ]
INFO: [ app_begin ] --START--
INFO: Run Behavior\ReadHtmlCacheBehavior [ RunTime:0.001715s ]
INFO: [ app_begin ] --END-- [ RunTime:0.002078s ]
SQL: SHOW COLUMNS FROM `gi_user` [ RunTime:0.0005s ]
SQL: SELECT `id` FROM `gi_user` WHERE `userid` = 0 LIMIT 1   [ RunTime:0.0003s ]
NOTIC: [8] Undefined index: validate D:\wamp\www\ThinkPHP\Library\Think\Model.class.php 第 1184 行.
INFO: [ app_end ] --START--
INFO: Run Behavior\ShowPageTraceBehavior [ RunTime:0.000918s ]
INFO: [ app_end ] --END-- [ RunTime:0.001127s ]

[ 2018-04-20T16:48:36+08:00 ] ::1 /gameinterface.php/Index/userVaildate?userid=aabbcc&nickname=cc&headimage=aaa&sex=1&token=123456
INFO: [ app_init ] --START--
INFO: Run Behavior\BuildLiteBehavior [ RunTime:0.000048s ]
INFO: Run Common\Behavior\InitHookBehavior [ RunTime:0.005479s ]
INFO: [ app_init ] --END-- [ RunTime:0.005820s ]
INFO: [ app_begin ] --START--
INFO: Run Behavior\ReadHtmlCacheBehavior [ RunTime:0.000649s ]
INFO: [ app_begin ] --END-- [ RunTime:0.000761s ]
SQL: SHOW COLUMNS FROM `gi_user` [ RunTime:0.0007s ]
SQL: SELECT `id` FROM `gi_user` WHERE `userid` = 0 LIMIT 1   [ RunTime:0.0003s ]
NOTIC: [8] Undefined index: validate D:\wamp\www\ThinkPHP\Library\Think\Model.class.php 第 1184 行.
INFO: [ app_end ] --START--
INFO: Run Behavior\ShowPageTraceBehavior [ RunTime:0.000946s ]
INFO: [ app_end ] --END-- [ RunTime:0.001103s ]

[ 2018-04-20T16:48:36+08:00 ] ::1 /gameinterface.php/Index/userVaildate?userid=aabbcc&nickname=cc&headimage=aaa&sex=1&token=123456
INFO: [ app_init ] --START--
INFO: Run Behavior\BuildLiteBehavior [ RunTime:0.000027s ]
INFO: Run Common\Behavior\InitHookBehavior [ RunTime:0.004910s ]
INFO: [ app_init ] --END-- [ RunTime:0.005172s ]
INFO: [ app_begin ] --START--
INFO: Run Behavior\ReadHtmlCacheBehavior [ RunTime:0.000651s ]
INFO: [ app_begin ] --END-- [ RunTime:0.000766s ]
SQL: SHOW COLUMNS FROM `gi_user` [ RunTime:0.0005s ]
SQL: SELECT `id` FROM `gi_user` WHERE `userid` = 0 LIMIT 1   [ RunTime:0.0003s ]
NOTIC: [8] Undefined index: validate D:\wamp\www\ThinkPHP\Library\Think\Model.class.php 第 1184 行.
INFO: [ app_end ] --START--
INFO: Run Behavior\ShowPageTraceBehavior [ RunTime:0.001596s ]
INFO: [ app_end ] --END-- [ RunTime:0.001742s ]

[ 2018-04-20T16:49:01+08:00 ] ::1 /gameinterface.php/Index/userVaildate?userid=aabbcc&nickname=cc&headimage=aaa&sex=1&token=123456
INFO: [ app_init ] --START--
INFO: Run Behavior\BuildLiteBehavior [ RunTime:0.000024s ]
INFO: Run Common\Behavior\InitHookBehavior [ RunTime:0.004927s ]
INFO: [ app_init ] --END-- [ RunTime:0.005271s ]
INFO: [ app_begin ] --START--
INFO: Run Behavior\ReadHtmlCacheBehavior [ RunTime:0.001453s ]
INFO: [ app_begin ] --END-- [ RunTime:0.001714s ]
SQL: SHOW COLUMNS FROM `gi_user` [ RunTime:0.0006s ]
SQL: SELECT `id` FROM `gi_user` WHERE `userid` = 0 LIMIT 1   [ RunTime:0.0003s ]
NOTIC: [8] Undefined index: validate D:\wamp\www\ThinkPHP\Library\Think\Model.class.php 第 1185 行.
INFO: [ app_end ] --START--
INFO: Run Behavior\ShowPageTraceBehavior [ RunTime:0.000738s ]
INFO: [ app_end ] --END-- [ RunTime:0.000840s ]

[ 2018-04-20T16:49:12+08:00 ] ::1 /gameinterface.php/Index/userVaildate?userid=aabbcc&nickname=cc&headimage=aaa&sex=1&token=123456
INFO: [ app_init ] --START--
INFO: Run Behavior\BuildLiteBehavior [ RunTime:0.000026s ]
INFO: Run Common\Behavior\InitHookBehavior [ RunTime:0.003774s ]
INFO: [ app_init ] --END-- [ RunTime:0.004202s ]
INFO: [ app_begin ] --START--
INFO: Run Behavior\ReadHtmlCacheBehavior [ RunTime:0.000748s ]
INFO: [ app_begin ] --END-- [ RunTime:0.000906s ]
SQL: SHOW COLUMNS FROM `gi_user` [ RunTime:0.0006s ]
SQL: SELECT `id` FROM `gi_user` WHERE `userid` = 0 LIMIT 1   [ RunTime:0.0003s ]
NOTIC: [8] Undefined index: validate D:\wamp\www\ThinkPHP\Library\Think\Model.class.php 第 1184 行.
INFO: [ app_end ] --START--
INFO: Run Behavior\ShowPageTraceBehavior [ RunTime:0.000789s ]
INFO: [ app_end ] --END-- [ RunTime:0.000893s ]

[ 2018-04-20T16:49:17+08:00 ] ::1 /gameinterface.php/Index/userVaildate?userid=aabbcc&nickname=cc&headimage=aaa&sex=1&token=123456
INFO: [ app_init ] --START--
INFO: Run Behavior\BuildLiteBehavior [ RunTime:0.000042s ]
INFO: Run Common\Behavior\InitHookBehavior [ RunTime:0.004444s ]
INFO: [ app_init ] --END-- [ RunTime:0.004732s ]
INFO: [ app_begin ] --START--
INFO: Run Behavior\ReadHtmlCacheBehavior [ RunTime:0.000704s ]
INFO: [ app_begin ] --END-- [ RunTime:0.000816s ]
SQL: SHOW COLUMNS FROM `gi_user` [ RunTime:0.0006s ]
SQL: SELECT `id` FROM `gi_user` WHERE `userid` = 0 LIMIT 1   [ RunTime:0.0003s ]
NOTIC: [8] Undefined index: validate D:\wamp\www\ThinkPHP\Library\Think\Model.class.php 第 1184 行.
INFO: [ app_end ] --START--
INFO: Run Behavior\ShowPageTraceBehavior [ RunTime:0.000771s ]
INFO: [ app_end ] --END-- [ RunTime:0.000873s ]

[ 2018-04-20T16:49:36+08:00 ] ::1 /gameinterface.php/Index/userVaildate?userid=aabbcc&nickname=cc&headimage=aaa&sex=1&token=123456
INFO: [ app_init ] --START--
INFO: Run Behavior\BuildLiteBehavior [ RunTime:0.000023s ]
INFO: Run Common\Behavior\InitHookBehavior [ RunTime:0.007674s ]
INFO: [ app_init ] --END-- [ RunTime:0.007876s ]
INFO: [ app_begin ] --START--
INFO: Run Behavior\ReadHtmlCacheBehavior [ RunTime:0.000667s ]
INFO: [ app_begin ] --END-- [ RunTime:0.000777s ]
SQL: SHOW COLUMNS FROM `gi_user` [ RunTime:0.0010s ]
SQL: SELECT `id` FROM `gi_user` WHERE `userid` = 0 LIMIT 1   [ RunTime:0.0005s ]
NOTIC: [8] Undefined index: validate D:\wamp\www\ThinkPHP\Library\Think\Model.class.php 第 1184 行.
INFO: [ app_end ] --START--
INFO: Run Behavior\ShowPageTraceBehavior [ RunTime:0.000876s ]
INFO: [ app_end ] --END-- [ RunTime:0.000994s ]

[ 2018-04-20T16:49:50+08:00 ] ::1 /gameinterface.php/Index/userVaildate?userid=aabbcc&nickname=cc&headimage=aaa&sex=1&token=123456
INFO: [ app_init ] --START--
INFO: Run Behavior\BuildLiteBehavior [ RunTime:0.000025s ]
INFO: Run Common\Behavior\InitHookBehavior [ RunTime:0.005460s ]
INFO: [ app_init ] --END-- [ RunTime:0.005815s ]
INFO: [ app_begin ] --START--
INFO: Run Behavior\ReadHtmlCacheBehavior [ RunTime:0.000936s ]
INFO: [ app_begin ] --END-- [ RunTime:0.001080s ]
SQL: SHOW COLUMNS FROM `gi_user` [ RunTime:0.0005s ]
SQL: SELECT `id` FROM `gi_user` WHERE `userid` = 0 LIMIT 1   [ RunTime:0.0002s ]
NOTIC: [8] Undefined index: validate D:\wamp\www\ThinkPHP\Library\Think\Model.class.php 第 1184 行.
INFO: [ app_end ] --START--
INFO: Run Behavior\ShowPageTraceBehavior [ RunTime:0.000777s ]
INFO: [ app_end ] --END-- [ RunTime:0.000880s ]

[ 2018-04-20T16:49:51+08:00 ] ::1 /gameinterface.php/Index/userVaildate?userid=aabbcc&nickname=cc&headimage=aaa&sex=1&token=123456
INFO: [ app_init ] --START--
INFO: Run Behavior\BuildLiteBehavior [ RunTime:0.000033s ]
INFO: Run Common\Behavior\InitHookBehavior [ RunTime:0.002833s ]
INFO: [ app_init ] --END-- [ RunTime:0.003057s ]
INFO: [ app_begin ] --START--
INFO: Run Behavior\ReadHtmlCacheBehavior [ RunTime:0.001603s ]
INFO: [ app_begin ] --END-- [ RunTime:0.001801s ]
SQL: SHOW COLUMNS FROM `gi_user` [ RunTime:0.0007s ]
SQL: SELECT `id` FROM `gi_user` WHERE `userid` = 0 LIMIT 1   [ RunTime:0.0004s ]
NOTIC: [8] Undefined index: validate D:\wamp\www\ThinkPHP\Library\Think\Model.class.php 第 1184 行.
INFO: [ app_end ] --START--
INFO: Run Behavior\ShowPageTraceBehavior [ RunTime:0.001025s ]
INFO: [ app_end ] --END-- [ RunTime:0.001161s ]

[ 2018-04-20T16:49:57+08:00 ] ::1 /gameinterface.php/Index/userVaildate?userid=aabbcc&nickname=cc&headimage=aaa&sex=1&token=123456
INFO: [ app_init ] --START--
INFO: Run Behavior\BuildLiteBehavior [ RunTime:0.000061s ]
INFO: Run Common\Behavior\InitHookBehavior [ RunTime:0.004082s ]
INFO: [ app_init ] --END-- [ RunTime:0.004523s ]
INFO: [ app_begin ] --START--
INFO: Run Behavior\ReadHtmlCacheBehavior [ RunTime:0.000906s ]
INFO: [ app_begin ] --END-- [ RunTime:0.001070s ]
SQL: SHOW COLUMNS FROM `gi_user` [ RunTime:0.0005s ]
SQL: SELECT `id` FROM `gi_user` WHERE `userid` = 0 LIMIT 1   [ RunTime:0.0002s ]
NOTIC: [8] Undefined index: validate D:\wamp\www\ThinkPHP\Library\Think\Model.class.php 第 1184 行.
INFO: [ app_end ] --START--
INFO: Run Behavior\ShowPageTraceBehavior [ RunTime:0.000659s ]
INFO: [ app_end ] --END-- [ RunTime:0.000765s ]

[ 2018-04-20T16:50:09+08:00 ] ::1 /gameinterface.php/Index/userVaildate?userid=aabbcc&nickname=cc&headimage=aaa&sex=1&token=123456
INFO: [ app_init ] --START--
INFO: Run Behavior\BuildLiteBehavior [ RunTime:0.000058s ]
INFO: Run Common\Behavior\InitHookBehavior [ RunTime:0.004923s ]
INFO: [ app_init ] --END-- [ RunTime:0.005173s ]
INFO: [ app_begin ] --START--
INFO: Run Behavior\ReadHtmlCacheBehavior [ RunTime:0.001686s ]
INFO: [ app_begin ] --END-- [ RunTime:0.001885s ]
SQL: SHOW COLUMNS FROM `gi_user` [ RunTime:0.0006s ]
SQL: SELECT `id` FROM `gi_user` WHERE `userid` = 0 LIMIT 1   [ RunTime:0.0003s ]
NOTIC: [8] Undefined index: validate D:\wamp\www\ThinkPHP\Library\Think\Model.class.php 第 1184 行.
INFO: [ app_end ] --START--
INFO: Run Behavior\ShowPageTraceBehavior [ RunTime:0.000809s ]
INFO: [ app_end ] --END-- [ RunTime:0.000909s ]

[ 2018-04-20T16:50:18+08:00 ] ::1 /gameinterface.php/Index/userVaildate?userid=aabbcc&nickname=cc&headimage=aaa&sex=1&token=123456
INFO: [ app_init ] --START--
INFO: Run Behavior\BuildLiteBehavior [ RunTime:0.000024s ]
INFO: Run Common\Behavior\InitHookBehavior [ RunTime:0.003024s ]
INFO: [ app_init ] --END-- [ RunTime:0.003271s ]
INFO: [ app_begin ] --START--
INFO: Run Behavior\ReadHtmlCacheBehavior [ RunTime:0.000849s ]
INFO: [ app_begin ] --END-- [ RunTime:0.001026s ]
SQL: SHOW COLUMNS FROM `gi_user` [ RunTime:0.0006s ]
SQL: SELECT `id` FROM `gi_user` WHERE `userid` = 0 LIMIT 1   [ RunTime:0.0003s ]
NOTIC: [8] Undefined index: validate D:\wamp\www\ThinkPHP\Library\Think\Model.class.php 第 1184 行.
NOTIC: [8] Undefined index: auto D:\wamp\www\ThinkPHP\Library\Think\Model.class.php 第 1127 行.
INFO: [ app_end ] --START--
INFO: Run Behavior\ShowPageTraceBehavior [ RunTime:0.001531s ]
INFO: [ app_end ] --END-- [ RunTime:0.001727s ]

[ 2018-04-20T16:51:05+08:00 ] ::1 /gameinterface.php/Index/userVaildate?userid=aabbcc&nickname=cc&headimage=aaa&sex=1&token=123456
INFO: [ app_init ] --START--
INFO: Run Behavior\BuildLiteBehavior [ RunTime:0.000044s ]
INFO: Run Common\Behavior\InitHookBehavior [ RunTime:0.005166s ]
INFO: [ app_init ] --END-- [ RunTime:0.005530s ]
INFO: [ app_begin ] --START--
INFO: Run Behavior\ReadHtmlCacheBehavior [ RunTime:0.000678s ]
INFO: [ app_begin ] --END-- [ RunTime:0.000793s ]
SQL: SHOW COLUMNS FROM `gi_user` [ RunTime:0.0005s ]
SQL: SELECT `id` FROM `gi_user` WHERE `userid` = 0 LIMIT 1   [ RunTime:0.0002s ]
NOTIC: [8] Undefined index: validate D:\wamp\www\ThinkPHP\Library\Think\Model.class.php 第 1183 行.
NOTIC: [8] Undefined index: auto D:\wamp\www\ThinkPHP\Library\Think\Model.class.php 第 1126 行.
INFO: [ app_end ] --START--
INFO: Run Behavior\ShowPageTraceBehavior [ RunTime:0.000701s ]
INFO: [ app_end ] --END-- [ RunTime:0.000804s ]

[ 2018-04-20T16:52:32+08:00 ] ::1 /gameinterface.php/Index/userVaildate?userid=aabbcc&nickname=cc&headimage=aaa&sex=1&token=123456
INFO: [ app_init ] --START--
INFO: Run Behavior\BuildLiteBehavior [ RunTime:0.000021s ]
INFO: Run Common\Behavior\InitHookBehavior [ RunTime:0.004090s ]
INFO: [ app_init ] --END-- [ RunTime:0.004406s ]
INFO: [ app_begin ] --START--
INFO: Run Behavior\ReadHtmlCacheBehavior [ RunTime:0.000753s ]
INFO: [ app_begin ] --END-- [ RunTime:0.000910s ]
SQL: SHOW COLUMNS FROM `gi_user` [ RunTime:0.0006s ]
SQL: SELECT `id` FROM `gi_user` WHERE `userid` = 0 LIMIT 1   [ RunTime:0.0003s ]
NOTIC: [8] Undefined index: validate D:\wamp\www\ThinkPHP\Library\Think\Model.class.php 第 1183 行.
NOTIC: [8] Undefined index: auto D:\wamp\www\ThinkPHP\Library\Think\Model.class.php 第 1126 行.
INFO: [ app_end ] --START--
INFO: Run Behavior\ShowPageTraceBehavior [ RunTime:0.000832s ]
INFO: [ app_end ] --END-- [ RunTime:0.000936s ]

[ 2018-04-20T16:55:30+08:00 ] ::1 /gameinterface.php/Index/userVaildate?userid=aabbcc&nickname=cc&headimage=aaa&sex=1&token=123456
INFO: [ app_init ] --START--
INFO: Run Behavior\BuildLiteBehavior [ RunTime:0.000024s ]
INFO: Run Common\Behavior\InitHookBehavior [ RunTime:0.004129s ]
INFO: [ app_init ] --END-- [ RunTime:0.004407s ]
INFO: [ app_begin ] --START--
INFO: Run Behavior\ReadHtmlCacheBehavior [ RunTime:0.000994s ]
INFO: [ app_begin ] --END-- [ RunTime:0.001124s ]
SQL: SHOW COLUMNS FROM `gi_user` [ RunTime:0.0005s ]
SQL: SELECT `id` FROM `gi_user` WHERE `userid` = 0 LIMIT 1   [ RunTime:0.0003s ]
NOTIC: [8] Undefined index: validate D:\wamp\www\ThinkPHP\Library\Think\Model.class.php 第 1184 行.
NOTIC: [8] Undefined index: validate D:\wamp\www\ThinkPHP\Library\Think\Model.class.php 第 1184 行.
NOTIC: [8] Undefined variable: User D:\wamp\www\Application\Gameinterface\Controller\IndexController.class.php 第 29 行.

[ 2018-04-20T16:55:58+08:00 ] ::1 /gameinterface.php/Index/userVaildate?userid=aabbcc&nickname=cc&headimage=aaa&sex=1&token=123456
INFO: [ app_init ] --START--
INFO: Run Behavior\BuildLiteBehavior [ RunTime:0.000054s ]
INFO: Run Common\Behavior\InitHookBehavior [ RunTime:0.008164s ]
INFO: [ app_init ] --END-- [ RunTime:0.008608s ]
INFO: [ app_begin ] --START--
INFO: Run Behavior\ReadHtmlCacheBehavior [ RunTime:0.000999s ]
INFO: [ app_begin ] --END-- [ RunTime:0.001116s ]
SQL: SHOW COLUMNS FROM `gi_user` [ RunTime:0.0005s ]
SQL: SELECT `id` FROM `gi_user` WHERE `userid` = 0 LIMIT 1   [ RunTime:0.0003s ]
NOTIC: [8] Undefined index: validate D:\wamp\www\ThinkPHP\Library\Think\Model.class.php 第 1184 行.
NOTIC: [8] Undefined index: validate D:\wamp\www\ThinkPHP\Library\Think\Model.class.php 第 1184 行.

[ 2018-04-20T16:56:31+08:00 ] ::1 /gameinterface.php/Index/userVaildate?userid=aabbcc&nickname=cc&headimage=aaa&sex=1&token=123456
INFO: [ app_init ] --START--
INFO: Run Behavior\BuildLiteBehavior [ RunTime:0.000032s ]
INFO: Run Common\Behavior\InitHookBehavior [ RunTime:0.002717s ]
INFO: [ app_init ] --END-- [ RunTime:0.003042s ]
INFO: [ app_begin ] --START--
INFO: Run Behavior\ReadHtmlCacheBehavior [ RunTime:0.001388s ]
INFO: [ app_begin ] --END-- [ RunTime:0.001519s ]
SQL: SHOW COLUMNS FROM `gi_user` [ RunTime:0.0007s ]
SQL: SELECT `id` FROM `gi_user` WHERE `userid` = 0 LIMIT 1   [ RunTime:0.0006s ]
NOTIC: [8] Undefined index: validate D:\wamp\www\ThinkPHP\Library\Think\Model.class.php 第 1184 行.
NOTIC: [8] Undefined index: validate D:\wamp\www\ThinkPHP\Library\Think\Model.class.php 第 1184 行.

[ 2018-04-20T16:56:42+08:00 ] ::1 /gameinterface.php/Index/userVaildate?userid=111&nickname=cc&headimage=aaa&sex=1&token=123456
INFO: [ app_init ] --START--
INFO: Run Behavior\BuildLiteBehavior [ RunTime:0.000022s ]
INFO: Run Common\Behavior\InitHookBehavior [ RunTime:0.002808s ]
INFO: [ app_init ] --END-- [ RunTime:0.003002s ]
INFO: [ app_begin ] --START--
INFO: Run Behavior\ReadHtmlCacheBehavior [ RunTime:0.000650s ]
INFO: [ app_begin ] --END-- [ RunTime:0.000763s ]
SQL: SHOW COLUMNS FROM `gi_user` [ RunTime:0.0006s ]
SQL: SELECT `id` FROM `gi_user` WHERE `userid` = 111 LIMIT 1   [ RunTime:0.0002s ]
NOTIC: [8] Undefined index: validate D:\wamp\www\ThinkPHP\Library\Think\Model.class.php 第 1184 行.
NOTIC: [8] Undefined index: auto D:\wamp\www\ThinkPHP\Library\Think\Model.class.php 第 1127 行.
NOTIC: [8] Undefined index: validate D:\wamp\www\ThinkPHP\Library\Think\Model.class.php 第 1184 行.
NOTIC: [8] Undefined index: auto D:\wamp\www\ThinkPHP\Library\Think\Model.class.php 第 1127 行.
INFO: [ app_end ] --START--
INFO: Run Behavior\ShowPageTraceBehavior [ RunTime:0.000734s ]
INFO: [ app_end ] --END-- [ RunTime:0.000833s ]

[ 2018-04-20T16:57:24+08:00 ] ::1 /gameinterface.php/Index/userVaildate?userid=111&nickname=cc&headimage=aaa&sex=1&token=123456
INFO: [ app_init ] --START--
INFO: Run Behavior\BuildLiteBehavior [ RunTime:0.000031s ]
INFO: Run Common\Behavior\InitHookBehavior [ RunTime:0.006543s ]
INFO: [ app_init ] --END-- [ RunTime:0.006798s ]
INFO: [ app_begin ] --START--
INFO: Run Behavior\ReadHtmlCacheBehavior [ RunTime:0.000894s ]
INFO: [ app_begin ] --END-- [ RunTime:0.001052s ]
SQL: SHOW COLUMNS FROM `gi_user` [ RunTime:0.0006s ]
SQL: SELECT `id` FROM `gi_user` WHERE `userid` = 111 LIMIT 1   [ RunTime:0.0002s ]
NOTIC: [8] Undefined index: validate D:\wamp\www\ThinkPHP\Library\Think\Model.class.php 第 1184 行.
NOTIC: [8] Undefined index: auto D:\wamp\www\ThinkPHP\Library\Think\Model.class.php 第 1127 行.
INFO: [ app_end ] --START--
INFO: Run Behavior\ShowPageTraceBehavior [ RunTime:0.000937s ]
INFO: [ app_end ] --END-- [ RunTime:0.001041s ]

[ 2018-04-20T16:58:21+08:00 ] ::1 /gameinterface.php/Index/userVaildate?userid=111&nickname=cc&headimage=aaa&sex=1&token=123456
INFO: [ app_init ] --START--
INFO: Run Behavior\BuildLiteBehavior [ RunTime:0.000034s ]
INFO: Run Common\Behavior\InitHookBehavior [ RunTime:0.005684s ]
INFO: [ app_init ] --END-- [ RunTime:0.005995s ]
INFO: [ app_begin ] --START--
INFO: Run Behavior\ReadHtmlCacheBehavior [ RunTime:0.000885s ]
INFO: [ app_begin ] --END-- [ RunTime:0.001051s ]
SQL: SHOW COLUMNS FROM `gi_user` [ RunTime:0.0008s ]
SQL: SELECT `id` FROM `gi_user` WHERE `userid` = 111 LIMIT 1   [ RunTime:0.0006s ]
NOTIC: [8] Undefined index: validate D:\wamp\www\ThinkPHP\Library\Think\Model.class.php 第 1184 行.
NOTIC: [8] Undefined index: auto D:\wamp\www\ThinkPHP\Library\Think\Model.class.php 第 1127 行.
INFO: [ app_end ] --START--
INFO: Run Behavior\ShowPageTraceBehavior [ RunTime:0.000928s ]
INFO: [ app_end ] --END-- [ RunTime:0.001061s ]

[ 2018-04-20T16:58:22+08:00 ] ::1 /gameinterface.php/Index/userVaildate?userid=111&nickname=cc&headimage=aaa&sex=1&token=123456
INFO: [ app_init ] --START--
INFO: Run Behavior\BuildLiteBehavior [ RunTime:0.000032s ]
INFO: Run Common\Behavior\InitHookBehavior [ RunTime:0.006121s ]
INFO: [ app_init ] --END-- [ RunTime:0.006434s ]
INFO: [ app_begin ] --START--
INFO: Run Behavior\ReadHtmlCacheBehavior [ RunTime:0.000681s ]
INFO: [ app_begin ] --END-- [ RunTime:0.000796s ]
SQL: SHOW COLUMNS FROM `gi_user` [ RunTime:0.0006s ]
SQL: SELECT `id` FROM `gi_user` WHERE `userid` = 111 LIMIT 1   [ RunTime:0.0002s ]
NOTIC: [8] Undefined index: validate D:\wamp\www\ThinkPHP\Library\Think\Model.class.php 第 1184 行.
NOTIC: [8] Undefined index: auto D:\wamp\www\ThinkPHP\Library\Think\Model.class.php 第 1127 行.
INFO: [ app_end ] --START--
INFO: Run Behavior\ShowPageTraceBehavior [ RunTime:0.000828s ]
INFO: [ app_end ] --END-- [ RunTime:0.001016s ]

[ 2018-04-20T16:58:36+08:00 ] ::1 /gameinterface.php/Index/userVaildate?userid=111&nickname=cc&headimage=aaa&sex=1&token=123456
INFO: [ app_init ] --START--
INFO: Run Behavior\BuildLiteBehavior [ RunTime:0.000027s ]
INFO: Run Common\Behavior\InitHookBehavior [ RunTime:0.004678s ]
INFO: [ app_init ] --END-- [ RunTime:0.004923s ]
INFO: [ app_begin ] --START--
INFO: Run Behavior\ReadHtmlCacheBehavior [ RunTime:0.002365s ]
INFO: [ app_begin ] --END-- [ RunTime:0.002585s ]
SQL: SHOW COLUMNS FROM `gi_user` [ RunTime:0.0010s ]
SQL: SELECT `id` FROM `gi_user` WHERE `userid` = 111 LIMIT 1   [ RunTime:0.0011s ]
NOTIC: [8] Undefined index: validate D:\wamp\www\ThinkPHP\Library\Think\Model.class.php 第 1184 行.
NOTIC: [8] Undefined index: auto D:\wamp\www\ThinkPHP\Library\Think\Model.class.php 第 1127 行.
NOTIC: [8] Undefined variable: temp_res D:\wamp\www\Application\Gameinterface\Controller\IndexController.class.php 第 35 行.
INFO: [ app_end ] --START--
INFO: Run Behavior\ShowPageTraceBehavior [ RunTime:0.000899s ]
INFO: [ app_end ] --END-- [ RunTime:0.001016s ]

[ 2018-04-20T16:59:33+08:00 ] ::1 /gameinterface.php/Index/userVaildate?userid=111&nickname=cc&headimage=aaa&sex=1&token=123456
INFO: [ app_init ] --START--
INFO: Run Behavior\BuildLiteBehavior [ RunTime:0.000029s ]
INFO: Run Common\Behavior\InitHookBehavior [ RunTime:0.005241s ]
INFO: [ app_init ] --END-- [ RunTime:0.005620s ]
INFO: [ app_begin ] --START--
INFO: Run Behavior\ReadHtmlCacheBehavior [ RunTime:0.000819s ]
INFO: [ app_begin ] --END-- [ RunTime:0.000944s ]

[ 2018-04-20T16:59:40+08:00 ] ::1 /gameinterface.php/Index/userVaildate?userid=111&nickname=cc&headimage=aaa&sex=1&token=123456
INFO: [ app_init ] --START--
INFO: Run Behavior\BuildLiteBehavior [ RunTime:0.000056s ]
INFO: Run Common\Behavior\InitHookBehavior [ RunTime:0.006219s ]
INFO: [ app_init ] --END-- [ RunTime:0.006595s ]
INFO: [ app_begin ] --START--
INFO: Run Behavior\ReadHtmlCacheBehavior [ RunTime:0.000891s ]
INFO: [ app_begin ] --END-- [ RunTime:0.001136s ]

[ 2018-04-20T17:01:13+08:00 ] ::1 /gameinterface.php/Index/userVaildate?userid=111&nickname=cc&headimage=aaa&sex=1&token=123456
INFO: [ app_init ] --START--
INFO: Run Behavior\BuildLiteBehavior [ RunTime:0.000030s ]
INFO: Run Common\Behavior\InitHookBehavior [ RunTime:0.005387s ]
INFO: [ app_init ] --END-- [ RunTime:0.005655s ]
INFO: [ app_begin ] --START--
INFO: Run Behavior\ReadHtmlCacheBehavior [ RunTime:0.000782s ]
INFO: [ app_begin ] --END-- [ RunTime:0.000901s ]

[ 2018-04-20T17:01:32+08:00 ] ::1 /gameinterface.php/Index/userVaildate?userid=111&nickname=cc&headimage=aaa&sex=1&token=123456
INFO: [ app_init ] --START--
INFO: Run Behavior\BuildLiteBehavior [ RunTime:0.000036s ]
INFO: Run Common\Behavior\InitHookBehavior [ RunTime:0.005978s ]
INFO: [ app_init ] --END-- [ RunTime:0.006733s ]
INFO: [ app_begin ] --START--
INFO: Run Behavior\ReadHtmlCacheBehavior [ RunTime:0.000694s ]
INFO: [ app_begin ] --END-- [ RunTime:0.000808s ]
SQL: SHOW COLUMNS FROM `gi_user` [ RunTime:0.0007s ]
SQL: SELECT `id` FROM `gi_user` WHERE `userid` = 111 LIMIT 1   [ RunTime:0.0003s ]
NOTIC: [8] Undefined index: validate D:\wamp\www\ThinkPHP\Library\Think\Model.class.php 第 1184 行.
NOTIC: [8] Undefined index: auto D:\wamp\www\ThinkPHP\Library\Think\Model.class.php 第 1127 行.
INFO: [ app_end ] --START--
INFO: Run Behavior\ShowPageTraceBehavior [ RunTime:0.000915s ]
INFO: [ app_end ] --END-- [ RunTime:0.001049s ]

[ 2018-04-20T17:02:28+08:00 ] ::1 /gameinterface.php/Index/userVaildate?userid=111&nickname=cc&headimage=aaa&sex=1&token=123456
INFO: [ app_init ] --START--
INFO: Run Behavior\BuildLiteBehavior [ RunTime:0.000026s ]
INFO: Run Common\Behavior\InitHookBehavior [ RunTime:0.003214s ]
INFO: [ app_init ] --END-- [ RunTime:0.003423s ]
INFO: [ app_begin ] --START--
INFO: Run Behavior\ReadHtmlCacheBehavior [ RunTime:0.000975s ]
INFO: [ app_begin ] --END-- [ RunTime:0.001121s ]
SQL: SHOW COLUMNS FROM `gi_user` [ RunTime:0.0008s ]
SQL: SELECT `id` FROM `gi_user` WHERE `userid` = 111 LIMIT 1   [ RunTime:0.0012s ]
NOTIC: [8] Undefined index: validate D:\wamp\www\ThinkPHP\Library\Think\Model.class.php 第 1185 行.
NOTIC: [8] Undefined index: auto D:\wamp\www\ThinkPHP\Library\Think\Model.class.php 第 1128 行.
INFO: [ app_end ] --START--
INFO: Run Behavior\ShowPageTraceBehavior [ RunTime:0.000879s ]
INFO: [ app_end ] --END-- [ RunTime:0.001015s ]

[ 2018-04-20T17:05:20+08:00 ] ::1 /gameinterface.php/Index/userVaildate?userid=111&nickname=cc&headimage=aaa&sex=1&token=123456
INFO: [ app_init ] --START--
INFO: Run Behavior\BuildLiteBehavior [ RunTime:0.000038s ]
INFO: Run Common\Behavior\InitHookBehavior [ RunTime:0.005396s ]
INFO: [ app_init ] --END-- [ RunTime:0.005703s ]
INFO: [ app_begin ] --START--
INFO: Run Behavior\ReadHtmlCacheBehavior [ RunTime:0.000690s ]
INFO: [ app_begin ] --END-- [ RunTime:0.000803s ]
SQL: SHOW COLUMNS FROM `gi_user` [ RunTime:0.0008s ]
SQL: SELECT `id` FROM `gi_user` WHERE `userid` = 111 LIMIT 1   [ RunTime:0.0003s ]
NOTIC: [8] Undefined index: validate D:\wamp\www\ThinkPHP\Library\Think\Model.class.php 第 1185 行.
NOTIC: [8] Undefined index: auto D:\wamp\www\ThinkPHP\Library\Think\Model.class.php 第 1128 行.
SQL: INSERT INTO `gi_user` (`userid`,`nick_name`,`head_image`,`sex`,`token`,`create_time`,`update_time`) VALUES ('111','cc','aaa','1','123456','1524215120','1524215120') [ RunTime:0.0008s ]
INFO: [ app_end ] --START--
INFO: Run Behavior\ShowPageTraceBehavior [ RunTime:0.000853s ]
INFO: [ app_end ] --END-- [ RunTime:0.000981s ]

